{"/Users/apple/Desktop/Ch3/src/components/ChatOverlay.jsx": {"path":"/Users/apple/Desktop/Ch3/src/components/ChatOverlay.jsx","statementMap":{"0":{"start":{"line":6,"column":6},"end":{"line":15,"column":null}},"1":{"start":{"line":7,"column":2},"end":{"line":7,"column":null}},"2":{"start":{"line":7,"column":13},"end":{"line":7,"column":null}},"3":{"start":{"line":8,"column":16},"end":{"line":8,"column":null}},"4":{"start":{"line":9,"column":2},"end":{"line":14,"column":null}},"5":{"start":{"line":10,"column":4},"end":{"line":12,"column":null}},"6":{"start":{"line":11,"column":6},"end":{"line":11,"column":null}},"7":{"start":{"line":13,"column":4},"end":{"line":13,"column":null}},"8":{"start":{"line":18,"column":34},"end":{"line":24,"column":null}},"9":{"start":{"line":25,"column":28},"end":{"line":25,"column":null}},"10":{"start":{"line":26,"column":34},"end":{"line":26,"column":null}},"11":{"start":{"line":27,"column":25},"end":{"line":27,"column":null}},"12":{"start":{"line":29,"column":26},"end":{"line":34,"column":null}},"13":{"start":{"line":36,"column":2},"end":{"line":38,"column":null}},"14":{"start":{"line":37,"column":4},"end":{"line":37,"column":null}},"15":{"start":{"line":40,"column":21},"end":{"line":73,"column":null}},"16":{"start":{"line":41,"column":18},"end":{"line":41,"column":null}},"17":{"start":{"line":42,"column":4},"end":{"line":42,"column":null}},"18":{"start":{"line":42,"column":16},"end":{"line":42,"column":null}},"19":{"start":{"line":44,"column":24},"end":{"line":44,"column":null}},"20":{"start":{"line":45,"column":4},"end":{"line":45,"column":null}},"21":{"start":{"line":46,"column":4},"end":{"line":46,"column":null}},"22":{"start":{"line":46,"column":40},"end":{"line":46,"column":null}},"23":{"start":{"line":47,"column":4},"end":{"line":47,"column":null}},"24":{"start":{"line":49,"column":4},"end":{"line":72,"column":null}},"25":{"start":{"line":50,"column":26},"end":{"line":50,"column":null}},"26":{"start":{"line":51,"column":6},"end":{"line":60,"column":null}},"27":{"start":{"line":51,"column":26},"end":{"line":60,"column":7}},"28":{"start":{"line":62,"column":6},"end":{"line":69,"column":null}},"29":{"start":{"line":62,"column":26},"end":{"line":69,"column":7}},"30":{"start":{"line":71,"column":6},"end":{"line":71,"column":null}},"31":{"start":{"line":75,"column":2},"end":{"line":81,"column":null}},"32":{"start":{"line":76,"column":4},"end":{"line":79,"column":null}},"33":{"start":{"line":83,"column":2},"end":{"line":170,"column":null}},"34":{"start":{"line":109,"column":10},"end":{"line":129,"column":null}},"35":{"start":{"line":143,"column":10},"end":{"line":150,"column":null}},"36":{"start":{"line":145,"column":27},"end":{"line":145,"column":null}},"37":{"start":{"line":156,"column":27},"end":{"line":156,"column":47}},"38":{"start":{"line":156,"column":47},"end":{"line":156,"column":61}},"39":{"start":{"line":163,"column":27},"end":{"line":163,"column":null}},"40":{"start":{"line":174,"column":0},"end":{"line":178,"column":null}}},"fnMap":{"0":{"name":"(anonymous_0)","decl":{"start":{"line":6,"column":6},"end":{"line":6,"column":29}},"loc":{"start":{"line":6,"column":38},"end":{"line":15,"column":null}},"line":6},"1":{"name":"(anonymous_1)","decl":{"start":{"line":9,"column":15},"end":{"line":9,"column":20}},"loc":{"start":{"line":9,"column":36},"end":{"line":14,"column":3}},"line":9},"2":{"name":"ChatOverlay","decl":{"start":{"line":17,"column":24},"end":{"line":17,"column":36}},"loc":{"start":{"line":17,"column":86},"end":{"line":172,"column":null}},"line":17},"3":{"name":"(anonymous_3)","decl":{"start":{"line":36,"column":2},"end":{"line":36,"column":18}},"loc":{"start":{"line":36,"column":18},"end":{"line":38,"column":5}},"line":36},"4":{"name":"(anonymous_4)","decl":{"start":{"line":40,"column":21},"end":{"line":40,"column":28}},"loc":{"start":{"line":40,"column":51},"end":{"line":73,"column":null}},"line":40},"5":{"name":"(anonymous_5)","decl":{"start":{"line":51,"column":6},"end":{"line":51,"column":18}},"loc":{"start":{"line":51,"column":26},"end":{"line":60,"column":7}},"line":51},"6":{"name":"(anonymous_6)","decl":{"start":{"line":62,"column":6},"end":{"line":62,"column":18}},"loc":{"start":{"line":62,"column":26},"end":{"line":69,"column":7}},"line":62},"7":{"name":"(anonymous_7)","decl":{"start":{"line":108,"column":18},"end":{"line":108,"column":23}},"loc":{"start":{"line":109,"column":10},"end":{"line":129,"column":null}},"line":109},"8":{"name":"(anonymous_8)","decl":{"start":{"line":142,"column":25},"end":{"line":142,"column":30}},"loc":{"start":{"line":143,"column":10},"end":{"line":150,"column":null}},"line":143},"9":{"name":"(anonymous_9)","decl":{"start":{"line":145,"column":12},"end":{"line":145,"column":27}},"loc":{"start":{"line":145,"column":27},"end":{"line":145,"column":null}},"line":145},"10":{"name":"(anonymous_10)","decl":{"start":{"line":156,"column":8},"end":{"line":156,"column":19}},"loc":{"start":{"line":156,"column":25},"end":{"line":156,"column":null}},"line":156},"11":{"name":"(anonymous_11)","decl":{"start":{"line":163,"column":10},"end":{"line":163,"column":21}},"loc":{"start":{"line":163,"column":27},"end":{"line":163,"column":null}},"line":163}},"branchMap":{"0":{"loc":{"start":{"line":7,"column":2},"end":{"line":7,"column":null}},"type":"if","locations":[{"start":{"line":7,"column":2},"end":{"line":7,"column":null}},{"start":{},"end":{}}],"line":7},"1":{"loc":{"start":{"line":10,"column":4},"end":{"line":12,"column":null}},"type":"if","locations":[{"start":{"line":10,"column":4},"end":{"line":12,"column":null}},{"start":{},"end":{}}],"line":10},"2":{"loc":{"start":{"line":10,"column":8},"end":{"line":10,"column":54}},"type":"binary-expr","locations":[{"start":{"line":10,"column":8},"end":{"line":10,"column":33}},{"start":{"line":10,"column":33},"end":{"line":10,"column":54}}],"line":10},"3":{"loc":{"start":{"line":17,"column":55},"end":{"line":17,"column":86}},"type":"default-arg","locations":[{"start":{"line":17,"column":73},"end":{"line":17,"column":86}}],"line":17},"4":{"loc":{"start":{"line":40,"column":28},"end":{"line":40,"column":51}},"type":"default-arg","locations":[{"start":{"line":40,"column":41},"end":{"line":40,"column":51}}],"line":40},"5":{"loc":{"start":{"line":41,"column":18},"end":{"line":41,"column":null}},"type":"cond-expr","locations":[{"start":{"line":41,"column":51},"end":{"line":41,"column":71}},{"start":{"line":41,"column":71},"end":{"line":41,"column":null}}],"line":41},"6":{"loc":{"start":{"line":42,"column":4},"end":{"line":42,"column":null}},"type":"if","locations":[{"start":{"line":42,"column":4},"end":{"line":42,"column":null}},{"start":{},"end":{}}],"line":42},"7":{"loc":{"start":{"line":46,"column":4},"end":{"line":46,"column":null}},"type":"if","locations":[{"start":{"line":46,"column":4},"end":{"line":46,"column":null}},{"start":{},"end":{}}],"line":46},"8":{"loc":{"start":{"line":75,"column":2},"end":{"line":81,"column":null}},"type":"if","locations":[{"start":{"line":75,"column":2},"end":{"line":81,"column":null}},{"start":{},"end":{}}],"line":75},"9":{"loc":{"start":{"line":119,"column":13},"end":{"line":129,"column":null}},"type":"binary-expr","locations":[{"start":{"line":119,"column":13},"end":{"line":119,"column":36}},{"start":{"line":119,"column":36},"end":{"line":119,"column":null}},{"start":{"line":120,"column":14},"end":{"line":129,"column":null}}],"line":119},"10":{"loc":{"start":{"line":125,"column":47},"end":{"line":125,"column":82}},"type":"cond-expr","locations":[{"start":{"line":125,"column":60},"end":{"line":125,"column":72}},{"start":{"line":125,"column":72},"end":{"line":125,"column":82}}],"line":125},"11":{"loc":{"start":{"line":126,"column":23},"end":{"line":126,"column":124}},"type":"cond-expr","locations":[{"start":{"line":126,"column":36},"end":{"line":126,"column":74}},{"start":{"line":126,"column":74},"end":{"line":126,"column":124}}],"line":126},"12":{"loc":{"start":{"line":132,"column":9},"end":{"line":136,"column":null}},"type":"binary-expr","locations":[{"start":{"line":132,"column":9},"end":{"line":132,"column":null}},{"start":{"line":133,"column":10},"end":{"line":136,"column":null}}],"line":132}},"s":{"0":1,"1":3,"2":0,"3":3,"4":3,"5":9,"6":3,"7":6,"8":4,"9":4,"10":4,"11":4,"12":4,"13":4,"14":3,"15":4,"16":0,"17":0,"18":0,"19":0,"20":0,"21":0,"22":0,"23":0,"24":0,"25":0,"26":0,"27":0,"28":0,"29":0,"30":0,"31":4,"32":1,"33":3,"34":3,"35":12,"36":0,"37":0,"38":0,"39":1,"40":1},"f":{"0":3,"1":9,"2":4,"3":3,"4":0,"5":0,"6":0,"7":3,"8":12,"9":0,"10":0,"11":1},"b":{"0":[0,3],"1":[3,6],"2":[9,3],"3":[4],"4":[0],"5":[0,0],"6":[0,0],"7":[0,0],"8":[1,3],"9":[3,3,0],"10":[0,0],"11":[0,0],"12":[3,0]},"meta":{"lastBranch":13,"lastFunction":12,"lastStatement":41,"seen":{"s:6:6:15:Infinity":0,"f:6:6:6:29":0,"b:7:2:7:Infinity:undefined:undefined:undefined:undefined":0,"s:7:2:7:Infinity":1,"s:7:13:7:Infinity":2,"s:8:16:8:Infinity":3,"s:9:2:14:Infinity":4,"f:9:15:9:20":1,"b:10:4:12:Infinity:undefined:undefined:undefined:undefined":1,"s:10:4:12:Infinity":5,"b:10:8:10:33:10:33:10:54":2,"s:11:6:11:Infinity":6,"s:13:4:13:Infinity":7,"f:17:24:17:36":2,"b:17:73:17:86":3,"s:18:34:24:Infinity":8,"s:25:28:25:Infinity":9,"s:26:34:26:Infinity":10,"s:27:25:27:Infinity":11,"s:29:26:34:Infinity":12,"s:36:2:38:Infinity":13,"f:36:2:36:18":3,"s:37:4:37:Infinity":14,"s:40:21:73:Infinity":15,"f:40:21:40:28":4,"b:40:41:40:51":4,"s:41:18:41:Infinity":16,"b:41:51:41:71:41:71:41:Infinity":5,"b:42:4:42:Infinity:undefined:undefined:undefined:undefined":6,"s:42:4:42:Infinity":17,"s:42:16:42:Infinity":18,"s:44:24:44:Infinity":19,"s:45:4:45:Infinity":20,"b:46:4:46:Infinity:undefined:undefined:undefined:undefined":7,"s:46:4:46:Infinity":21,"s:46:40:46:Infinity":22,"s:47:4:47:Infinity":23,"s:49:4:72:Infinity":24,"s:50:26:50:Infinity":25,"s:51:6:60:Infinity":26,"f:51:6:51:18":5,"s:51:26:60:7":27,"s:62:6:69:Infinity":28,"f:62:6:62:18":6,"s:62:26:69:7":29,"s:71:6:71:Infinity":30,"b:75:2:81:Infinity:undefined:undefined:undefined:undefined":8,"s:75:2:81:Infinity":31,"s:76:4:79:Infinity":32,"s:83:2:170:Infinity":33,"f:108:18:108:23":7,"s:109:10:129:Infinity":34,"b:119:13:119:36:119:36:119:Infinity:120:14:129:Infinity":9,"b:125:60:125:72:125:72:125:82":10,"b:126:36:126:74:126:74:126:124":11,"b:132:9:132:Infinity:133:10:136:Infinity":12,"f:142:25:142:30":8,"s:143:10:150:Infinity":35,"f:145:12:145:27":9,"s:145:27:145:Infinity":36,"f:156:8:156:19":10,"s:156:27:156:47":37,"s:156:47:156:61":38,"f:163:10:163:21":11,"s:163:27:163:Infinity":39,"s:174:0:178:Infinity":40},"fnNames":{}}}
,"/Users/apple/Desktop/Ch3/src/components/Header.jsx": {"path":"/Users/apple/Desktop/Ch3/src/components/Header.jsx","statementMap":{"0":{"start":{"line":9,"column":20},"end":{"line":9,"column":null}},"1":{"start":{"line":10,"column":22},"end":{"line":10,"column":null}},"2":{"start":{"line":11,"column":22},"end":{"line":11,"column":null}},"3":{"start":{"line":12,"column":20},"end":{"line":12,"column":37}},"4":{"start":{"line":13,"column":32},"end":{"line":13,"column":null}},"5":{"start":{"line":14,"column":36},"end":{"line":16,"column":null}},"6":{"start":{"line":18,"column":2},"end":{"line":31,"column":null}},"7":{"start":{"line":19,"column":4},"end":{"line":19,"column":null}},"8":{"start":{"line":19,"column":47},"end":{"line":19,"column":62}},"9":{"start":{"line":20,"column":10},"end":{"line":27,"column":null}},"10":{"start":{"line":21,"column":6},"end":{"line":26,"column":null}},"11":{"start":{"line":28,"column":4},"end":{"line":28,"column":null}},"12":{"start":{"line":29,"column":21},"end":{"line":29,"column":null}},"13":{"start":{"line":30,"column":4},"end":{"line":30,"column":null}},"14":{"start":{"line":30,"column":17},"end":{"line":30,"column":null}},"15":{"start":{"line":33,"column":16},"end":{"line":33,"column":null}},"16":{"start":{"line":35,"column":24},"end":{"line":39,"column":null}},"17":{"start":{"line":41,"column":2},"end":{"line":112,"column":null}},"18":{"start":{"line":116,"column":0},"end":{"line":123,"column":null}}},"fnMap":{"0":{"name":"Header","decl":{"start":{"line":8,"column":24},"end":{"line":8,"column":31}},"loc":{"start":{"line":8,"column":152},"end":{"line":114,"column":null}},"line":8},"1":{"name":"(anonymous_1)","decl":{"start":{"line":18,"column":2},"end":{"line":18,"column":18}},"loc":{"start":{"line":18,"column":18},"end":{"line":31,"column":5}},"line":18},"2":{"name":"(anonymous_2)","decl":{"start":{"line":19,"column":35},"end":{"line":19,"column":40}},"loc":{"start":{"line":19,"column":47},"end":{"line":19,"column":62}},"line":19},"3":{"name":"(anonymous_3)","decl":{"start":{"line":20,"column":10},"end":{"line":20,"column":29}},"loc":{"start":{"line":20,"column":29},"end":{"line":27,"column":null}},"line":20},"4":{"name":"(anonymous_4)","decl":{"start":{"line":30,"column":4},"end":{"line":30,"column":17}},"loc":{"start":{"line":30,"column":17},"end":{"line":30,"column":null}},"line":30}},"branchMap":{"0":{"loc":{"start":{"line":8,"column":97},"end":{"line":8,"column":126}},"type":"default-arg","locations":[{"start":{"line":8,"column":115},"end":{"line":8,"column":126}}],"line":8},"1":{"loc":{"start":{"line":8,"column":126},"end":{"line":8,"column":152}},"type":"default-arg","locations":[{"start":{"line":8,"column":144},"end":{"line":8,"column":152}}],"line":8},"2":{"loc":{"start":{"line":9,"column":20},"end":{"line":9,"column":null}},"type":"binary-expr","locations":[{"start":{"line":9,"column":20},"end":{"line":9,"column":49}},{"start":{"line":9,"column":49},"end":{"line":9,"column":null}}],"line":9},"3":{"loc":{"start":{"line":10,"column":22},"end":{"line":10,"column":null}},"type":"cond-expr","locations":[{"start":{"line":10,"column":40},"end":{"line":10,"column":72}},{"start":{"line":10,"column":72},"end":{"line":10,"column":null}}],"line":10},"4":{"loc":{"start":{"line":11,"column":22},"end":{"line":11,"column":null}},"type":"cond-expr","locations":[{"start":{"line":11,"column":36},"end":{"line":11,"column":73}},{"start":{"line":11,"column":73},"end":{"line":11,"column":null}}],"line":11},"5":{"loc":{"start":{"line":22,"column":18},"end":{"line":22,"column":null}},"type":"binary-expr","locations":[{"start":{"line":22,"column":18},"end":{"line":22,"column":59}},{"start":{"line":22,"column":59},"end":{"line":22,"column":null}}],"line":22},"6":{"loc":{"start":{"line":24,"column":17},"end":{"line":24,"column":null}},"type":"binary-expr","locations":[{"start":{"line":24,"column":17},"end":{"line":24,"column":57}},{"start":{"line":24,"column":57},"end":{"line":24,"column":null}}],"line":24},"7":{"loc":{"start":{"line":25,"column":13},"end":{"line":25,"column":null}},"type":"binary-expr","locations":[{"start":{"line":25,"column":13},"end":{"line":25,"column":53}},{"start":{"line":25,"column":53},"end":{"line":25,"column":null}}],"line":25},"8":{"loc":{"start":{"line":50,"column":28},"end":{"line":50,"column":73}},"type":"binary-expr","locations":[{"start":{"line":50,"column":28},"end":{"line":50,"column":60}},{"start":{"line":50,"column":60},"end":{"line":50,"column":73}}],"line":50},"9":{"loc":{"start":{"line":56,"column":9},"end":{"line":68,"column":null}},"type":"binary-expr","locations":[{"start":{"line":56,"column":9},"end":{"line":56,"column":null}},{"start":{"line":57,"column":10},"end":{"line":68,"column":null}}],"line":56},"10":{"loc":{"start":{"line":59,"column":24},"end":{"line":59,"column":null}},"type":"cond-expr","locations":[{"start":{"line":59,"column":56},"end":{"line":59,"column":84}},{"start":{"line":59,"column":84},"end":{"line":59,"column":null}}],"line":59},"11":{"loc":{"start":{"line":60,"column":33},"end":{"line":60,"column":null}},"type":"cond-expr","locations":[{"start":{"line":60,"column":65},"end":{"line":60,"column":77}},{"start":{"line":60,"column":77},"end":{"line":60,"column":null}}],"line":60},"12":{"loc":{"start":{"line":63,"column":13},"end":{"line":63,"column":null}},"type":"binary-expr","locations":[{"start":{"line":63,"column":13},"end":{"line":63,"column":46}},{"start":{"line":63,"column":46},"end":{"line":63,"column":null}}],"line":63},"13":{"loc":{"start":{"line":102,"column":11},"end":{"line":103,"column":11}},"type":"cond-expr","locations":[{"start":{"line":102,"column":31},"end":{"line":102,"column":58}},{"start":{"line":102,"column":57},"end":{"line":103,"column":11}}],"line":102},"14":{"loc":{"start":{"line":103,"column":17},"end":{"line":103,"column":53}},"type":"binary-expr","locations":[{"start":{"line":103,"column":17},"end":{"line":103,"column":46}},{"start":{"line":103,"column":46},"end":{"line":103,"column":53}}],"line":103},"15":{"loc":{"start":{"line":103,"column":55},"end":{"line":103,"column":118}},"type":"cond-expr","locations":[{"start":{"line":103,"column":75},"end":{"line":103,"column":85}},{"start":{"line":103,"column":85},"end":{"line":103,"column":118}}],"line":103}},"s":{"0":6,"1":6,"2":6,"3":6,"4":6,"5":6,"6":6,"7":3,"8":0,"9":3,"10":3,"11":3,"12":3,"13":3,"14":3,"15":6,"16":6,"17":6,"18":1},"f":{"0":6,"1":3,"2":0,"3":3,"4":3},"b":{"0":[6],"1":[6],"2":[6,0],"3":[0,6],"4":[0,6],"5":[3,3],"6":[3,3],"7":[3,3],"8":[6,4],"9":[6,0],"10":[0,0],"11":[0,0],"12":[0,0],"13":[0,6],"14":[6,0],"15":[0,6]},"meta":{"lastBranch":16,"lastFunction":5,"lastStatement":19,"seen":{"f:8:24:8:31":0,"b:8:115:8:126":0,"b:8:144:8:152":1,"s:9:20:9:Infinity":0,"b:9:20:9:49:9:49:9:Infinity":2,"s:10:22:10:Infinity":1,"b:10:40:10:72:10:72:10:Infinity":3,"s:11:22:11:Infinity":2,"b:11:36:11:73:11:73:11:Infinity":4,"s:12:20:12:37":3,"s:13:32:13:Infinity":4,"s:14:36:16:Infinity":5,"s:18:2:31:Infinity":6,"f:18:2:18:18":1,"s:19:4:19:Infinity":7,"f:19:35:19:40":2,"s:19:47:19:62":8,"s:20:10:27:Infinity":9,"f:20:10:20:29":3,"s:21:6:26:Infinity":10,"b:22:18:22:59:22:59:22:Infinity":5,"b:24:17:24:57:24:57:24:Infinity":6,"b:25:13:25:53:25:53:25:Infinity":7,"s:28:4:28:Infinity":11,"s:29:21:29:Infinity":12,"s:30:4:30:Infinity":13,"f:30:4:30:17":4,"s:30:17:30:Infinity":14,"s:33:16:33:Infinity":15,"s:35:24:39:Infinity":16,"s:41:2:112:Infinity":17,"b:50:28:50:60:50:60:50:73":8,"b:56:9:56:Infinity:57:10:68:Infinity":9,"b:59:56:59:84:59:84:59:Infinity":10,"b:60:65:60:77:60:77:60:Infinity":11,"b:63:13:63:46:63:46:63:Infinity":12,"b:102:31:102:58:102:57:103:11":13,"b:103:17:103:46:103:46:103:53":14,"b:103:75:103:85:103:85:103:118":15,"s:116:0:123:Infinity":18},"fnNames":{}}}
,"/Users/apple/Desktop/Ch3/src/components/Sidebar.jsx": {"path":"/Users/apple/Desktop/Ch3/src/components/Sidebar.jsx","statementMap":{"0":{"start":{"line":15,"column":19},"end":{"line":25,"column":null}},"1":{"start":{"line":27,"column":2},"end":{"line":56,"column":null}},"2":{"start":{"line":39,"column":10},"end":{"line":49,"column":null}},"3":{"start":{"line":43,"column":14},"end":{"line":43,"column":null}},"4":{"start":{"line":44,"column":14},"end":{"line":44,"column":null}},"5":{"start":{"line":44,"column":34},"end":{"line":44,"column":null}}},"fnMap":{"0":{"name":"Sidebar","decl":{"start":{"line":14,"column":24},"end":{"line":14,"column":32}},"loc":{"start":{"line":14,"column":92},"end":{"line":58,"column":null}},"line":14},"1":{"name":"(anonymous_1)","decl":{"start":{"line":38,"column":18},"end":{"line":38,"column":23}},"loc":{"start":{"line":39,"column":10},"end":{"line":49,"column":null}},"line":39},"2":{"name":"(anonymous_2)","decl":{"start":{"line":42,"column":12},"end":{"line":42,"column":27}},"loc":{"start":{"line":42,"column":27},"end":{"line":45,"column":null}},"line":42}},"branchMap":{"0":{"loc":{"start":{"line":28,"column":33},"end":{"line":28,"column":null}},"type":"cond-expr","locations":[{"start":{"line":28,"column":47},"end":{"line":28,"column":56}},{"start":{"line":28,"column":56},"end":{"line":28,"column":null}}],"line":28},"1":{"loc":{"start":{"line":41,"column":44},"end":{"line":41,"column":null}},"type":"cond-expr","locations":[{"start":{"line":41,"column":72},"end":{"line":41,"column":83}},{"start":{"line":41,"column":83},"end":{"line":41,"column":null}}],"line":41},"2":{"loc":{"start":{"line":44,"column":14},"end":{"line":44,"column":null}},"type":"if","locations":[{"start":{"line":44,"column":14},"end":{"line":44,"column":null}},{"start":{},"end":{}}],"line":44}},"s":{"0":2,"1":2,"2":18,"3":1,"4":1,"5":0},"f":{"0":2,"1":18,"2":1},"b":{"0":[0,2],"1":[0,18],"2":[0,1]},"meta":{"lastBranch":3,"lastFunction":3,"lastStatement":6,"seen":{"f:14:24:14:32":0,"s:15:19:25:Infinity":0,"s:27:2:56:Infinity":1,"b:28:47:28:56:28:56:28:Infinity":0,"f:38:18:38:23":1,"s:39:10:49:Infinity":2,"b:41:72:41:83:41:83:41:Infinity":1,"f:42:12:42:27":2,"s:43:14:43:Infinity":3,"b:44:14:44:Infinity:undefined:undefined:undefined:undefined":2,"s:44:14:44:Infinity":4,"s:44:34:44:Infinity":5},"fnNames":{}}}
,"/Users/apple/Desktop/Ch3/src/components/sections/HomeSection.jsx": {"path":"/Users/apple/Desktop/Ch3/src/components/sections/HomeSection.jsx","statementMap":{"0":{"start":{"line":11,"column":26},"end":{"line":11,"column":null}},"1":{"start":{"line":12,"column":22},"end":{"line":12,"column":null}},"2":{"start":{"line":13,"column":24},"end":{"line":13,"column":41}},"3":{"start":{"line":14,"column":20},"end":{"line":14,"column":null}},"4":{"start":{"line":15,"column":26},"end":{"line":15,"column":null}},"5":{"start":{"line":16,"column":20},"end":{"line":16,"column":37}},"6":{"start":{"line":17,"column":32},"end":{"line":17,"column":null}},"7":{"start":{"line":19,"column":2},"end":{"line":21,"column":null}},"8":{"start":{"line":20,"column":4},"end":{"line":20,"column":null}},"9":{"start":{"line":20,"column":47},"end":{"line":20,"column":62}},"10":{"start":{"line":23,"column":28},"end":{"line":23,"column":null}},"11":{"start":{"line":25,"column":2},"end":{"line":250,"column":null}},"12":{"start":{"line":91,"column":76},"end":{"line":91,"column":97}},"13":{"start":{"line":92,"column":76},"end":{"line":92,"column":102}},"14":{"start":{"line":108,"column":28},"end":{"line":108,"column":null}},"15":{"start":{"line":109,"column":29},"end":{"line":109,"column":null}},"16":{"start":{"line":110,"column":31},"end":{"line":110,"column":null}},"17":{"start":{"line":111,"column":14},"end":{"line":129,"column":null}},"18":{"start":{"line":179,"column":59},"end":{"line":179,"column":82}},"19":{"start":{"line":180,"column":59},"end":{"line":180,"column":80}},"20":{"start":{"line":181,"column":59},"end":{"line":181,"column":85}},"21":{"start":{"line":182,"column":59},"end":{"line":182,"column":80}},"22":{"start":{"line":183,"column":59},"end":{"line":183,"column":84}},"23":{"start":{"line":184,"column":59},"end":{"line":184,"column":88}},"24":{"start":{"line":185,"column":59},"end":{"line":185,"column":89}},"25":{"start":{"line":201,"column":16},"end":{"line":207,"column":null}},"26":{"start":{"line":230,"column":72},"end":{"line":230,"column":95}},"27":{"start":{"line":234,"column":28},"end":{"line":234,"column":null}},"28":{"start":{"line":235,"column":14},"end":{"line":244,"column":null}},"29":{"start":{"line":243,"column":78},"end":{"line":243,"column":99}}},"fnMap":{"0":{"name":"HomeSection","decl":{"start":{"line":10,"column":24},"end":{"line":10,"column":36}},"loc":{"start":{"line":10,"column":93},"end":{"line":252,"column":null}},"line":10},"1":{"name":"(anonymous_1)","decl":{"start":{"line":19,"column":2},"end":{"line":19,"column":18}},"loc":{"start":{"line":19,"column":18},"end":{"line":21,"column":5}},"line":19},"2":{"name":"(anonymous_2)","decl":{"start":{"line":20,"column":35},"end":{"line":20,"column":40}},"loc":{"start":{"line":20,"column":47},"end":{"line":20,"column":62}},"line":20},"3":{"name":"(anonymous_3)","decl":{"start":{"line":91,"column":61},"end":{"line":91,"column":76}},"loc":{"start":{"line":91,"column":76},"end":{"line":91,"column":97}},"line":91},"4":{"name":"(anonymous_4)","decl":{"start":{"line":92,"column":61},"end":{"line":92,"column":76}},"loc":{"start":{"line":92,"column":76},"end":{"line":92,"column":102}},"line":92},"5":{"name":"(anonymous_5)","decl":{"start":{"line":107,"column":27},"end":{"line":107,"column":31}},"loc":{"start":{"line":107,"column":40},"end":{"line":131,"column":13}},"line":107},"6":{"name":"(anonymous_6)","decl":{"start":{"line":179,"column":44},"end":{"line":179,"column":59}},"loc":{"start":{"line":179,"column":59},"end":{"line":179,"column":82}},"line":179},"7":{"name":"(anonymous_7)","decl":{"start":{"line":180,"column":44},"end":{"line":180,"column":59}},"loc":{"start":{"line":180,"column":59},"end":{"line":180,"column":80}},"line":180},"8":{"name":"(anonymous_8)","decl":{"start":{"line":181,"column":44},"end":{"line":181,"column":59}},"loc":{"start":{"line":181,"column":59},"end":{"line":181,"column":85}},"line":181},"9":{"name":"(anonymous_9)","decl":{"start":{"line":182,"column":44},"end":{"line":182,"column":59}},"loc":{"start":{"line":182,"column":59},"end":{"line":182,"column":80}},"line":182},"10":{"name":"(anonymous_10)","decl":{"start":{"line":183,"column":44},"end":{"line":183,"column":59}},"loc":{"start":{"line":183,"column":59},"end":{"line":183,"column":84}},"line":183},"11":{"name":"(anonymous_11)","decl":{"start":{"line":184,"column":44},"end":{"line":184,"column":59}},"loc":{"start":{"line":184,"column":59},"end":{"line":184,"column":88}},"line":184},"12":{"name":"(anonymous_12)","decl":{"start":{"line":185,"column":44},"end":{"line":185,"column":59}},"loc":{"start":{"line":185,"column":59},"end":{"line":185,"column":89}},"line":185},"13":{"name":"(anonymous_13)","decl":{"start":{"line":200,"column":36},"end":{"line":200,"column":41}},"loc":{"start":{"line":201,"column":16},"end":{"line":207,"column":null}},"line":201},"14":{"name":"(anonymous_14)","decl":{"start":{"line":230,"column":57},"end":{"line":230,"column":72}},"loc":{"start":{"line":230,"column":72},"end":{"line":230,"column":95}},"line":230},"15":{"name":"(anonymous_15)","decl":{"start":{"line":233,"column":29},"end":{"line":233,"column":34}},"loc":{"start":{"line":233,"column":44},"end":{"line":246,"column":13}},"line":233},"16":{"name":"(anonymous_16)","decl":{"start":{"line":243,"column":63},"end":{"line":243,"column":78}},"loc":{"start":{"line":243,"column":78},"end":{"line":243,"column":99}},"line":243}},"branchMap":{"0":{"loc":{"start":{"line":10,"column":62},"end":{"line":10,"column":93}},"type":"default-arg","locations":[{"start":{"line":10,"column":80},"end":{"line":10,"column":93}}],"line":10},"1":{"loc":{"start":{"line":12,"column":22},"end":{"line":12,"column":null}},"type":"cond-expr","locations":[{"start":{"line":12,"column":40},"end":{"line":12,"column":72}},{"start":{"line":12,"column":72},"end":{"line":12,"column":null}}],"line":12},"2":{"loc":{"start":{"line":14,"column":20},"end":{"line":14,"column":null}},"type":"binary-expr","locations":[{"start":{"line":14,"column":20},"end":{"line":14,"column":49}},{"start":{"line":14,"column":49},"end":{"line":14,"column":null}}],"line":14},"3":{"loc":{"start":{"line":23,"column":28},"end":{"line":23,"column":null}},"type":"cond-expr","locations":[{"start":{"line":23,"column":42},"end":{"line":23,"column":79}},{"start":{"line":23,"column":79},"end":{"line":23,"column":null}}],"line":23},"4":{"loc":{"start":{"line":43,"column":7},"end":{"line":96,"column":null}},"type":"binary-expr","locations":[{"start":{"line":43,"column":7},"end":{"line":43,"column":null}},{"start":{"line":44,"column":8},"end":{"line":96,"column":null}}],"line":43},"5":{"loc":{"start":{"line":46,"column":22},"end":{"line":46,"column":null}},"type":"cond-expr","locations":[{"start":{"line":46,"column":54},"end":{"line":46,"column":76}},{"start":{"line":46,"column":76},"end":{"line":46,"column":null}}],"line":46},"6":{"loc":{"start":{"line":47,"column":22},"end":{"line":49,"column":null}},"type":"cond-expr","locations":[{"start":{"line":48,"column":14},"end":{"line":48,"column":null}},{"start":{"line":49,"column":14},"end":{"line":49,"column":null}}],"line":47},"7":{"loc":{"start":{"line":56,"column":21},"end":{"line":57,"column":33}},"type":"binary-expr","locations":[{"start":{"line":56,"column":21},"end":{"line":56,"column":54}},{"start":{"line":56,"column":54},"end":{"line":57,"column":33}}],"line":56},"8":{"loc":{"start":{"line":57,"column":21},"end":{"line":57,"column":null}},"type":"cond-expr","locations":[{"start":{"line":57,"column":53},"end":{"line":57,"column":69}},{"start":{"line":57,"column":69},"end":{"line":57,"column":null}}],"line":57},"9":{"loc":{"start":{"line":57,"column":69},"end":{"line":57,"column":null}},"type":"cond-expr","locations":[{"start":{"line":57,"column":105},"end":{"line":57,"column":121}},{"start":{"line":57,"column":121},"end":{"line":57,"column":null}}],"line":57},"10":{"loc":{"start":{"line":65,"column":17},"end":{"line":68,"column":null}},"type":"binary-expr","locations":[{"start":{"line":65,"column":17},"end":{"line":65,"column":50}},{"start":{"line":65,"column":50},"end":{"line":65,"column":null}},{"start":{"line":66,"column":18},"end":{"line":68,"column":null}}],"line":65},"11":{"loc":{"start":{"line":70,"column":17},"end":{"line":74,"column":null}},"type":"binary-expr","locations":[{"start":{"line":70,"column":17},"end":{"line":70,"column":55}},{"start":{"line":70,"column":55},"end":{"line":70,"column":null}},{"start":{"line":71,"column":18},"end":{"line":74,"column":null}}],"line":70},"12":{"loc":{"start":{"line":73,"column":21},"end":{"line":73,"column":null}},"type":"binary-expr","locations":[{"start":{"line":73,"column":21},"end":{"line":73,"column":41}},{"start":{"line":73,"column":41},"end":{"line":73,"column":null}}],"line":73},"13":{"loc":{"start":{"line":100,"column":7},"end":{"line":133,"column":null}},"type":"binary-expr","locations":[{"start":{"line":100,"column":7},"end":{"line":100,"column":null}},{"start":{"line":101,"column":8},"end":{"line":133,"column":null}}],"line":100},"14":{"loc":{"start":{"line":114,"column":26},"end":{"line":114,"column":null}},"type":"cond-expr","locations":[{"start":{"line":114,"column":37},"end":{"line":114,"column":78}},{"start":{"line":114,"column":78},"end":{"line":114,"column":null}}],"line":114},"15":{"loc":{"start":{"line":115,"column":30},"end":{"line":115,"column":null}},"type":"cond-expr","locations":[{"start":{"line":115,"column":41},"end":{"line":115,"column":66}},{"start":{"line":115,"column":66},"end":{"line":115,"column":null}}],"line":115},"16":{"loc":{"start":{"line":115,"column":66},"end":{"line":115,"column":null}},"type":"cond-expr","locations":[{"start":{"line":115,"column":92},"end":{"line":115,"column":117}},{"start":{"line":115,"column":117},"end":{"line":115,"column":null}}],"line":115},"17":{"loc":{"start":{"line":119,"column":23},"end":{"line":119,"column":95}},"type":"binary-expr","locations":[{"start":{"line":119,"column":23},"end":{"line":119,"column":50}},{"start":{"line":119,"column":50},"end":{"line":119,"column":95}}],"line":119},"18":{"loc":{"start":{"line":121,"column":21},"end":{"line":122,"column":null}},"type":"binary-expr","locations":[{"start":{"line":121,"column":21},"end":{"line":121,"column":33}},{"start":{"line":121,"column":33},"end":{"line":122,"column":null}}],"line":121},"19":{"loc":{"start":{"line":241,"column":88},"end":{"line":241,"column":137}},"type":"cond-expr","locations":[{"start":{"line":241,"column":96},"end":{"line":241,"column":129}},{"start":{"line":241,"column":129},"end":{"line":241,"column":137}}],"line":241}},"s":{"0":1,"1":1,"2":1,"3":1,"4":1,"5":1,"6":1,"7":1,"8":1,"9":0,"10":1,"11":1,"12":0,"13":0,"14":0,"15":0,"16":0,"17":0,"18":0,"19":0,"20":0,"21":0,"22":0,"23":0,"24":0,"25":2,"26":0,"27":1,"28":1,"29":0},"f":{"0":1,"1":1,"2":0,"3":0,"4":0,"5":0,"6":0,"7":0,"8":0,"9":0,"10":0,"11":0,"12":0,"13":2,"14":0,"15":1,"16":0},"b":{"0":[1],"1":[0,1],"2":[1,0],"3":[0,1],"4":[1,0],"5":[0,0],"6":[0,0],"7":[0,0],"8":[0,0],"9":[0,0],"10":[0,0,0],"11":[0,0,0],"12":[0,0],"13":[1,0],"14":[0,0],"15":[0,0],"16":[0,0],"17":[0,0],"18":[0,0],"19":[1,0]},"meta":{"lastBranch":20,"lastFunction":17,"lastStatement":30,"seen":{"f:10:24:10:36":0,"b:10:80:10:93":0,"s:11:26:11:Infinity":0,"s:12:22:12:Infinity":1,"b:12:40:12:72:12:72:12:Infinity":1,"s:13:24:13:41":2,"s:14:20:14:Infinity":3,"b:14:20:14:49:14:49:14:Infinity":2,"s:15:26:15:Infinity":4,"s:16:20:16:37":5,"s:17:32:17:Infinity":6,"s:19:2:21:Infinity":7,"f:19:2:19:18":1,"s:20:4:20:Infinity":8,"f:20:35:20:40":2,"s:20:47:20:62":9,"s:23:28:23:Infinity":10,"b:23:42:23:79:23:79:23:Infinity":3,"s:25:2:250:Infinity":11,"b:43:7:43:Infinity:44:8:96:Infinity":4,"b:46:54:46:76:46:76:46:Infinity":5,"b:48:14:48:Infinity:49:14:49:Infinity":6,"b:56:21:56:54:56:54:57:33":7,"b:57:53:57:69:57:69:57:Infinity":8,"b:57:105:57:121:57:121:57:Infinity":9,"b:65:17:65:50:65:50:65:Infinity:66:18:68:Infinity":10,"b:70:17:70:55:70:55:70:Infinity:71:18:74:Infinity":11,"b:73:21:73:41:73:41:73:Infinity":12,"f:91:61:91:76":3,"s:91:76:91:97":12,"f:92:61:92:76":4,"s:92:76:92:102":13,"b:100:7:100:Infinity:101:8:133:Infinity":13,"f:107:27:107:31":5,"s:108:28:108:Infinity":14,"s:109:29:109:Infinity":15,"s:110:31:110:Infinity":16,"s:111:14:129:Infinity":17,"b:114:37:114:78:114:78:114:Infinity":14,"b:115:41:115:66:115:66:115:Infinity":15,"b:115:92:115:117:115:117:115:Infinity":16,"b:119:23:119:50:119:50:119:95":17,"b:121:21:121:33:121:33:122:Infinity":18,"f:179:44:179:59":6,"s:179:59:179:82":18,"f:180:44:180:59":7,"s:180:59:180:80":19,"f:181:44:181:59":8,"s:181:59:181:85":20,"f:182:44:182:59":9,"s:182:59:182:80":21,"f:183:44:183:59":10,"s:183:59:183:84":22,"f:184:44:184:59":11,"s:184:59:184:88":23,"f:185:44:185:59":12,"s:185:59:185:89":24,"f:200:36:200:41":13,"s:201:16:207:Infinity":25,"f:230:57:230:72":14,"s:230:72:230:95":26,"f:233:29:233:34":15,"s:234:28:234:Infinity":27,"s:235:14:244:Infinity":28,"b:241:96:241:129:241:129:241:137":19,"f:243:63:243:78":16,"s:243:78:243:99":29},"fnNames":{}}}
,"/Users/apple/Desktop/Ch3/src/data/aiEngine.js": {"path":"/Users/apple/Desktop/Ch3/src/data/aiEngine.js","statementMap":{"0":{"start":{"line":10,"column":23},"end":{"line":41,"column":null}},"1":{"start":{"line":44,"column":12},"end":{"line":44,"column":null}},"2":{"start":{"line":45,"column":20},"end":{"line":45,"column":null}},"3":{"start":{"line":46,"column":2},"end":{"line":48,"column":null}},"4":{"start":{"line":47,"column":4},"end":{"line":47,"column":null}},"5":{"start":{"line":49,"column":2},"end":{"line":49,"column":null}},"6":{"start":{"line":49,"column":105},"end":{"line":49,"column":118}},"7":{"start":{"line":49,"column":121},"end":{"line":49,"column":null}},"8":{"start":{"line":50,"column":2},"end":{"line":50,"column":null}},"9":{"start":{"line":50,"column":94},"end":{"line":50,"column":107}},"10":{"start":{"line":50,"column":110},"end":{"line":50,"column":null}},"11":{"start":{"line":51,"column":2},"end":{"line":51,"column":null}},"12":{"start":{"line":51,"column":94},"end":{"line":51,"column":107}},"13":{"start":{"line":51,"column":110},"end":{"line":51,"column":null}},"14":{"start":{"line":52,"column":2},"end":{"line":52,"column":null}},"15":{"start":{"line":64,"column":12},"end":{"line":64,"column":null}},"16":{"start":{"line":65,"column":15},"end":{"line":65,"column":null}},"17":{"start":{"line":67,"column":2},"end":{"line":69,"column":null}},"18":{"start":{"line":68,"column":4},"end":{"line":68,"column":null}},"19":{"start":{"line":70,"column":2},"end":{"line":72,"column":null}},"20":{"start":{"line":71,"column":4},"end":{"line":71,"column":null}},"21":{"start":{"line":73,"column":2},"end":{"line":75,"column":null}},"22":{"start":{"line":74,"column":4},"end":{"line":74,"column":null}},"23":{"start":{"line":76,"column":2},"end":{"line":78,"column":null}},"24":{"start":{"line":77,"column":4},"end":{"line":77,"column":null}},"25":{"start":{"line":80,"column":2},"end":{"line":80,"column":null}},"26":{"start":{"line":94,"column":17},"end":{"line":94,"column":null}},"27":{"start":{"line":95,"column":16},"end":{"line":95,"column":null}},"28":{"start":{"line":97,"column":2},"end":{"line":103,"column":null}},"29":{"start":{"line":98,"column":4},"end":{"line":102,"column":null}},"30":{"start":{"line":105,"column":20},"end":{"line":105,"column":null}},"31":{"start":{"line":107,"column":2},"end":{"line":207,"column":null}},"32":{"start":{"line":108,"column":22},"end":{"line":108,"column":41}},"33":{"start":{"line":109,"column":20},"end":{"line":109,"column":null}},"34":{"start":{"line":110,"column":18},"end":{"line":110,"column":null}},"35":{"start":{"line":111,"column":17},"end":{"line":111,"column":null}},"36":{"start":{"line":112,"column":22},"end":{"line":112,"column":null}},"37":{"start":{"line":115,"column":20},"end":{"line":115,"column":null}},"38":{"start":{"line":116,"column":20},"end":{"line":116,"column":null}},"39":{"start":{"line":117,"column":20},"end":{"line":117,"column":null}},"40":{"start":{"line":118,"column":21},"end":{"line":118,"column":null}},"41":{"start":{"line":119,"column":28},"end":{"line":121,"column":null}},"42":{"start":{"line":124,"column":26},"end":{"line":124,"column":null}},"43":{"start":{"line":125,"column":27},"end":{"line":125,"column":null}},"44":{"start":{"line":126,"column":4},"end":{"line":132,"column":null}},"45":{"start":{"line":127,"column":26},"end":{"line":127,"column":null}},"46":{"start":{"line":128,"column":6},"end":{"line":131,"column":null}},"47":{"start":{"line":129,"column":26},"end":{"line":129,"column":null}},"48":{"start":{"line":130,"column":8},"end":{"line":130,"column":null}},"49":{"start":{"line":134,"column":25},"end":{"line":157,"column":null}},"50":{"start":{"line":150,"column":54},"end":{"line":150,"column":77}},"51":{"start":{"line":150,"column":88},"end":{"line":150,"column":125}},"52":{"start":{"line":151,"column":55},"end":{"line":151,"column":100}},"53":{"start":{"line":162,"column":28},"end":{"line":166,"column":null}},"54":{"start":{"line":164,"column":41},"end":{"line":164,"column":117}},"55":{"start":{"line":168,"column":21},"end":{"line":179,"column":null}},"56":{"start":{"line":181,"column":20},"end":{"line":181,"column":null}},"57":{"start":{"line":182,"column":20},"end":{"line":182,"column":null}},"58":{"start":{"line":184,"column":4},"end":{"line":187,"column":null}},"59":{"start":{"line":185,"column":18},"end":{"line":185,"column":null}},"60":{"start":{"line":185,"column":53},"end":{"line":185,"column":56}},"61":{"start":{"line":186,"column":6},"end":{"line":186,"column":null}},"62":{"start":{"line":189,"column":17},"end":{"line":189,"column":null}},"63":{"start":{"line":190,"column":18},"end":{"line":190,"column":null}},"64":{"start":{"line":192,"column":4},"end":{"line":198,"column":null}},"65":{"start":{"line":200,"column":4},"end":{"line":200,"column":null}},"66":{"start":{"line":201,"column":25},"end":{"line":201,"column":null}},"67":{"start":{"line":202,"column":4},"end":{"line":206,"column":null}},"68":{"start":{"line":220,"column":17},"end":{"line":220,"column":null}},"69":{"start":{"line":221,"column":16},"end":{"line":221,"column":null}},"70":{"start":{"line":222,"column":16},"end":{"line":222,"column":null}},"71":{"start":{"line":223,"column":20},"end":{"line":223,"column":null}},"72":{"start":{"line":225,"column":2},"end":{"line":237,"column":null}},"73":{"start":{"line":226,"column":20},"end":{"line":231,"column":null}},"74":{"start":{"line":232,"column":4},"end":{"line":236,"column":null}},"75":{"start":{"line":239,"column":20},"end":{"line":239,"column":null}},"76":{"start":{"line":241,"column":2},"end":{"line":276,"column":null}},"77":{"start":{"line":242,"column":19},"end":{"line":246,"column":null}},"78":{"start":{"line":248,"column":21},"end":{"line":259,"column":null}},"79":{"start":{"line":261,"column":20},"end":{"line":261,"column":null}},"80":{"start":{"line":262,"column":4},"end":{"line":262,"column":null}},"81":{"start":{"line":262,"column":22},"end":{"line":262,"column":null}},"82":{"start":{"line":263,"column":17},"end":{"line":263,"column":null}},"83":{"start":{"line":264,"column":4},"end":{"line":268,"column":null}},"84":{"start":{"line":270,"column":4},"end":{"line":270,"column":null}},"85":{"start":{"line":271,"column":4},"end":{"line":275,"column":null}}},"fnMap":{"0":{"name":"detectLanguage","decl":{"start":{"line":43,"column":16},"end":{"line":43,"column":31}},"loc":{"start":{"line":43,"column":38},"end":{"line":53,"column":null}},"line":43},"1":{"name":"(anonymous_1)","decl":{"start":{"line":49,"column":95},"end":{"line":49,"column":100}},"loc":{"start":{"line":49,"column":105},"end":{"line":49,"column":118}},"line":49},"2":{"name":"(anonymous_2)","decl":{"start":{"line":50,"column":84},"end":{"line":50,"column":89}},"loc":{"start":{"line":50,"column":94},"end":{"line":50,"column":107}},"line":50},"3":{"name":"(anonymous_3)","decl":{"start":{"line":51,"column":84},"end":{"line":51,"column":89}},"loc":{"start":{"line":51,"column":94},"end":{"line":51,"column":107}},"line":51},"4":{"name":"generateAIResponse","decl":{"start":{"line":63,"column":16},"end":{"line":63,"column":35}},"loc":{"start":{"line":63,"column":42},"end":{"line":81,"column":null}},"line":63},"5":{"name":"generateAIResponseAsync","decl":{"start":{"line":93,"column":22},"end":{"line":93,"column":46}},"loc":{"start":{"line":93,"column":92},"end":{"line":208,"column":null}},"line":93},"6":{"name":"(anonymous_6)","decl":{"start":{"line":150,"column":42},"end":{"line":150,"column":49}},"loc":{"start":{"line":150,"column":54},"end":{"line":150,"column":77}},"line":150},"7":{"name":"(anonymous_7)","decl":{"start":{"line":150,"column":79},"end":{"line":150,"column":83}},"loc":{"start":{"line":150,"column":88},"end":{"line":150,"column":125}},"line":150},"8":{"name":"(anonymous_8)","decl":{"start":{"line":151,"column":46},"end":{"line":151,"column":50}},"loc":{"start":{"line":151,"column":55},"end":{"line":151,"column":100}},"line":151},"9":{"name":"(anonymous_9)","decl":{"start":{"line":164,"column":31},"end":{"line":164,"column":35}},"loc":{"start":{"line":164,"column":41},"end":{"line":164,"column":117}},"line":164},"10":{"name":"(anonymous_10)","decl":{"start":{"line":185,"column":40},"end":{"line":185,"column":53}},"loc":{"start":{"line":185,"column":53},"end":{"line":185,"column":56}},"line":185},"11":{"name":"generatePABroadcastAsync","decl":{"start":{"line":219,"column":22},"end":{"line":219,"column":47}},"loc":{"start":{"line":219,"column":109},"end":{"line":277,"column":null}},"line":219}},"branchMap":{"0":{"loc":{"start":{"line":46,"column":2},"end":{"line":48,"column":null}},"type":"if","locations":[{"start":{"line":46,"column":2},"end":{"line":48,"column":null}},{"start":{},"end":{}}],"line":46},"1":{"loc":{"start":{"line":46,"column":6},"end":{"line":46,"column":79}},"type":"binary-expr","locations":[{"start":{"line":46,"column":6},"end":{"line":46,"column":19}},{"start":{"line":46,"column":19},"end":{"line":46,"column":61}},{"start":{"line":46,"column":61},"end":{"line":46,"column":79}}],"line":46},"2":{"loc":{"start":{"line":49,"column":2},"end":{"line":49,"column":null}},"type":"if","locations":[{"start":{"line":49,"column":2},"end":{"line":49,"column":null}},{"start":{},"end":{}}],"line":49},"3":{"loc":{"start":{"line":49,"column":6},"end":{"line":49,"column":121}},"type":"binary-expr","locations":[{"start":{"line":49,"column":6},"end":{"line":49,"column":30}},{"start":{"line":49,"column":30},"end":{"line":49,"column":121}}],"line":49},"4":{"loc":{"start":{"line":50,"column":2},"end":{"line":50,"column":null}},"type":"if","locations":[{"start":{"line":50,"column":2},"end":{"line":50,"column":null}},{"start":{},"end":{}}],"line":50},"5":{"loc":{"start":{"line":50,"column":6},"end":{"line":50,"column":110}},"type":"binary-expr","locations":[{"start":{"line":50,"column":6},"end":{"line":50,"column":28}},{"start":{"line":50,"column":28},"end":{"line":50,"column":110}}],"line":50},"6":{"loc":{"start":{"line":51,"column":2},"end":{"line":51,"column":null}},"type":"if","locations":[{"start":{"line":51,"column":2},"end":{"line":51,"column":null}},{"start":{},"end":{}}],"line":51},"7":{"loc":{"start":{"line":51,"column":6},"end":{"line":51,"column":110}},"type":"binary-expr","locations":[{"start":{"line":51,"column":6},"end":{"line":51,"column":27}},{"start":{"line":51,"column":27},"end":{"line":51,"column":110}}],"line":51},"8":{"loc":{"start":{"line":52,"column":9},"end":{"line":52,"column":null}},"type":"binary-expr","locations":[{"start":{"line":52,"column":9},"end":{"line":52,"column":22}},{"start":{"line":52,"column":22},"end":{"line":52,"column":null}}],"line":52},"9":{"loc":{"start":{"line":67,"column":2},"end":{"line":69,"column":null}},"type":"if","locations":[{"start":{"line":67,"column":2},"end":{"line":69,"column":null}},{"start":{},"end":{}}],"line":67},"10":{"loc":{"start":{"line":67,"column":6},"end":{"line":67,"column":165}},"type":"binary-expr","locations":[{"start":{"line":67,"column":6},"end":{"line":67,"column":31}},{"start":{"line":67,"column":31},"end":{"line":67,"column":52}},{"start":{"line":67,"column":52},"end":{"line":67,"column":74}},{"start":{"line":67,"column":74},"end":{"line":67,"column":96}},{"start":{"line":67,"column":96},"end":{"line":67,"column":119}},{"start":{"line":67,"column":119},"end":{"line":67,"column":145}},{"start":{"line":67,"column":145},"end":{"line":67,"column":165}}],"line":67},"11":{"loc":{"start":{"line":68,"column":11},"end":{"line":68,"column":null}},"type":"binary-expr","locations":[{"start":{"line":68,"column":11},"end":{"line":68,"column":46}},{"start":{"line":68,"column":46},"end":{"line":68,"column":null}}],"line":68},"12":{"loc":{"start":{"line":70,"column":2},"end":{"line":72,"column":null}},"type":"if","locations":[{"start":{"line":70,"column":2},"end":{"line":72,"column":null}},{"start":{},"end":{}}],"line":70},"13":{"loc":{"start":{"line":70,"column":6},"end":{"line":70,"column":116}},"type":"binary-expr","locations":[{"start":{"line":70,"column":6},"end":{"line":70,"column":29}},{"start":{"line":70,"column":29},"end":{"line":70,"column":51}},{"start":{"line":70,"column":51},"end":{"line":70,"column":73}},{"start":{"line":70,"column":73},"end":{"line":70,"column":96}},{"start":{"line":70,"column":96},"end":{"line":70,"column":116}}],"line":70},"14":{"loc":{"start":{"line":71,"column":11},"end":{"line":71,"column":null}},"type":"binary-expr","locations":[{"start":{"line":71,"column":11},"end":{"line":71,"column":41}},{"start":{"line":71,"column":41},"end":{"line":71,"column":null}}],"line":71},"15":{"loc":{"start":{"line":73,"column":2},"end":{"line":75,"column":null}},"type":"if","locations":[{"start":{"line":73,"column":2},"end":{"line":75,"column":null}},{"start":{},"end":{}}],"line":73},"16":{"loc":{"start":{"line":73,"column":6},"end":{"line":73,"column":186}},"type":"binary-expr","locations":[{"start":{"line":73,"column":6},"end":{"line":73,"column":29}},{"start":{"line":73,"column":29},"end":{"line":73,"column":52}},{"start":{"line":73,"column":52},"end":{"line":73,"column":73}},{"start":{"line":73,"column":73},"end":{"line":73,"column":96}},{"start":{"line":73,"column":96},"end":{"line":73,"column":118}},{"start":{"line":73,"column":118},"end":{"line":73,"column":140}},{"start":{"line":73,"column":140},"end":{"line":73,"column":163}},{"start":{"line":73,"column":163},"end":{"line":73,"column":186}}],"line":73},"17":{"loc":{"start":{"line":74,"column":11},"end":{"line":74,"column":null}},"type":"binary-expr","locations":[{"start":{"line":74,"column":11},"end":{"line":74,"column":45}},{"start":{"line":74,"column":45},"end":{"line":74,"column":null}}],"line":74},"18":{"loc":{"start":{"line":76,"column":2},"end":{"line":78,"column":null}},"type":"if","locations":[{"start":{"line":76,"column":2},"end":{"line":78,"column":null}},{"start":{},"end":{}}],"line":76},"19":{"loc":{"start":{"line":76,"column":6},"end":{"line":76,"column":99}},"type":"binary-expr","locations":[{"start":{"line":76,"column":6},"end":{"line":76,"column":27}},{"start":{"line":76,"column":27},"end":{"line":76,"column":51}},{"start":{"line":76,"column":51},"end":{"line":76,"column":76}},{"start":{"line":76,"column":76},"end":{"line":76,"column":99}}],"line":76},"20":{"loc":{"start":{"line":77,"column":11},"end":{"line":77,"column":null}},"type":"binary-expr","locations":[{"start":{"line":77,"column":11},"end":{"line":77,"column":50}},{"start":{"line":77,"column":50},"end":{"line":77,"column":null}}],"line":77},"21":{"loc":{"start":{"line":80,"column":9},"end":{"line":80,"column":null}},"type":"binary-expr","locations":[{"start":{"line":80,"column":9},"end":{"line":80,"column":41}},{"start":{"line":80,"column":41},"end":{"line":80,"column":null}}],"line":80},"22":{"loc":{"start":{"line":93,"column":53},"end":{"line":93,"column":74}},"type":"default-arg","locations":[{"start":{"line":93,"column":63},"end":{"line":93,"column":74}}],"line":93},"23":{"loc":{"start":{"line":93,"column":74},"end":{"line":93,"column":92}},"type":"default-arg","locations":[{"start":{"line":93,"column":88},"end":{"line":93,"column":92}}],"line":93},"24":{"loc":{"start":{"line":94,"column":17},"end":{"line":94,"column":null}},"type":"binary-expr","locations":[{"start":{"line":94,"column":17},"end":{"line":94,"column":54}},{"start":{"line":94,"column":54},"end":{"line":94,"column":null}}],"line":94},"25":{"loc":{"start":{"line":97,"column":2},"end":{"line":103,"column":null}},"type":"if","locations":[{"start":{"line":97,"column":2},"end":{"line":103,"column":null}},{"start":{},"end":{}}],"line":97},"26":{"loc":{"start":{"line":110,"column":18},"end":{"line":110,"column":null}},"type":"binary-expr","locations":[{"start":{"line":110,"column":18},"end":{"line":110,"column":39}},{"start":{"line":110,"column":39},"end":{"line":110,"column":null}}],"line":110},"27":{"loc":{"start":{"line":116,"column":20},"end":{"line":116,"column":null}},"type":"binary-expr","locations":[{"start":{"line":116,"column":20},"end":{"line":116,"column":60}},{"start":{"line":116,"column":60},"end":{"line":116,"column":null}}],"line":116},"28":{"loc":{"start":{"line":117,"column":20},"end":{"line":117,"column":null}},"type":"binary-expr","locations":[{"start":{"line":117,"column":20},"end":{"line":117,"column":60}},{"start":{"line":117,"column":60},"end":{"line":117,"column":null}}],"line":117},"29":{"loc":{"start":{"line":118,"column":21},"end":{"line":118,"column":null}},"type":"binary-expr","locations":[{"start":{"line":118,"column":21},"end":{"line":118,"column":62}},{"start":{"line":118,"column":62},"end":{"line":118,"column":null}}],"line":118},"30":{"loc":{"start":{"line":119,"column":28},"end":{"line":121,"column":null}},"type":"cond-expr","locations":[{"start":{"line":120,"column":8},"end":{"line":120,"column":null}},{"start":{"line":121,"column":8},"end":{"line":121,"column":null}}],"line":119},"31":{"loc":{"start":{"line":126,"column":4},"end":{"line":132,"column":null}},"type":"if","locations":[{"start":{"line":126,"column":4},"end":{"line":132,"column":null}},{"start":{},"end":{}}],"line":126},"32":{"loc":{"start":{"line":128,"column":6},"end":{"line":131,"column":null}},"type":"if","locations":[{"start":{"line":128,"column":6},"end":{"line":131,"column":null}},{"start":{},"end":{}}],"line":128},"33":{"loc":{"start":{"line":129,"column":26},"end":{"line":129,"column":null}},"type":"cond-expr","locations":[{"start":{"line":129,"column":56},"end":{"line":129,"column":111}},{"start":{"line":129,"column":111},"end":{"line":129,"column":null}}],"line":129},"34":{"loc":{"start":{"line":130,"column":175},"end":{"line":130,"column":198}},"type":"binary-expr","locations":[{"start":{"line":130,"column":175},"end":{"line":130,"column":195}},{"start":{"line":130,"column":195},"end":{"line":130,"column":198}}],"line":130},"35":{"loc":{"start":{"line":142,"column":175},"end":{"line":142,"column":244}},"type":"cond-expr","locations":[{"start":{"line":142,"column":185},"end":{"line":142,"column":207}},{"start":{"line":142,"column":207},"end":{"line":142,"column":244}}],"line":142},"36":{"loc":{"start":{"line":150,"column":22},"end":{"line":150,"column":null}},"type":"binary-expr","locations":[{"start":{"line":150,"column":22},"end":{"line":150,"column":142}},{"start":{"line":150,"column":142},"end":{"line":150,"column":null}}],"line":150},"37":{"loc":{"start":{"line":157,"column":16},"end":{"line":157,"column":45}},"type":"binary-expr","locations":[{"start":{"line":157,"column":16},"end":{"line":157,"column":35}},{"start":{"line":157,"column":35},"end":{"line":157,"column":45}}],"line":157},"38":{"loc":{"start":{"line":164,"column":49},"end":{"line":164,"column":93}},"type":"cond-expr","locations":[{"start":{"line":164,"column":71},"end":{"line":164,"column":80}},{"start":{"line":164,"column":80},"end":{"line":164,"column":93}}],"line":164},"39":{"loc":{"start":{"line":164,"column":102},"end":{"line":164,"column":115}},"type":"binary-expr","locations":[{"start":{"line":164,"column":102},"end":{"line":164,"column":112}},{"start":{"line":164,"column":112},"end":{"line":164,"column":115}}],"line":164},"40":{"loc":{"start":{"line":184,"column":4},"end":{"line":187,"column":null}},"type":"if","locations":[{"start":{"line":184,"column":4},"end":{"line":187,"column":null}},{"start":{},"end":{}}],"line":184},"41":{"loc":{"start":{"line":186,"column":22},"end":{"line":186,"column":81}},"type":"binary-expr","locations":[{"start":{"line":186,"column":22},"end":{"line":186,"column":44}},{"start":{"line":186,"column":44},"end":{"line":186,"column":81}}],"line":186},"42":{"loc":{"start":{"line":190,"column":18},"end":{"line":190,"column":null}},"type":"binary-expr","locations":[{"start":{"line":190,"column":18},"end":{"line":190,"column":57}},{"start":{"line":190,"column":57},"end":{"line":190,"column":null}}],"line":190},"43":{"loc":{"start":{"line":197,"column":14},"end":{"line":197,"column":null}},"type":"binary-expr","locations":[{"start":{"line":197,"column":14},"end":{"line":197,"column":42}},{"start":{"line":197,"column":42},"end":{"line":197,"column":null}}],"line":197},"44":{"loc":{"start":{"line":219,"column":69},"end":{"line":219,"column":88}},"type":"default-arg","locations":[{"start":{"line":219,"column":82},"end":{"line":219,"column":88}}],"line":219},"45":{"loc":{"start":{"line":219,"column":88},"end":{"line":219,"column":109}},"type":"default-arg","locations":[{"start":{"line":219,"column":98},"end":{"line":219,"column":109}}],"line":219},"46":{"loc":{"start":{"line":220,"column":17},"end":{"line":220,"column":null}},"type":"binary-expr","locations":[{"start":{"line":220,"column":17},"end":{"line":220,"column":54}},{"start":{"line":220,"column":54},"end":{"line":220,"column":null}}],"line":220},"47":{"loc":{"start":{"line":222,"column":16},"end":{"line":222,"column":null}},"type":"binary-expr","locations":[{"start":{"line":222,"column":16},"end":{"line":222,"column":37}},{"start":{"line":222,"column":37},"end":{"line":222,"column":null}}],"line":222},"48":{"loc":{"start":{"line":225,"column":2},"end":{"line":237,"column":null}},"type":"if","locations":[{"start":{"line":225,"column":2},"end":{"line":237,"column":null}},{"start":{},"end":{}}],"line":225},"49":{"loc":{"start":{"line":227,"column":125},"end":{"line":227,"column":175}},"type":"binary-expr","locations":[{"start":{"line":227,"column":125},"end":{"line":227,"column":154}},{"start":{"line":227,"column":154},"end":{"line":227,"column":175}}],"line":227},"50":{"loc":{"start":{"line":227,"column":183},"end":{"line":227,"column":235}},"type":"binary-expr","locations":[{"start":{"line":227,"column":183},"end":{"line":227,"column":216}},{"start":{"line":227,"column":216},"end":{"line":227,"column":235}}],"line":227},"51":{"loc":{"start":{"line":228,"column":125},"end":{"line":228,"column":175}},"type":"binary-expr","locations":[{"start":{"line":228,"column":125},"end":{"line":228,"column":154}},{"start":{"line":228,"column":154},"end":{"line":228,"column":175}}],"line":228},"52":{"loc":{"start":{"line":228,"column":187},"end":{"line":228,"column":231}},"type":"binary-expr","locations":[{"start":{"line":228,"column":187},"end":{"line":228,"column":220}},{"start":{"line":228,"column":220},"end":{"line":228,"column":231}}],"line":228},"53":{"loc":{"start":{"line":229,"column":132},"end":{"line":229,"column":182}},"type":"binary-expr","locations":[{"start":{"line":229,"column":132},"end":{"line":229,"column":161}},{"start":{"line":229,"column":161},"end":{"line":229,"column":182}}],"line":229},"54":{"loc":{"start":{"line":229,"column":190},"end":{"line":229,"column":233}},"type":"binary-expr","locations":[{"start":{"line":229,"column":190},"end":{"line":229,"column":223}},{"start":{"line":229,"column":223},"end":{"line":229,"column":233}}],"line":229},"55":{"loc":{"start":{"line":230,"column":113},"end":{"line":230,"column":163}},"type":"binary-expr","locations":[{"start":{"line":230,"column":113},"end":{"line":230,"column":142}},{"start":{"line":230,"column":142},"end":{"line":230,"column":163}}],"line":230},"56":{"loc":{"start":{"line":230,"column":175},"end":{"line":230,"column":219}},"type":"binary-expr","locations":[{"start":{"line":230,"column":175},"end":{"line":230,"column":208}},{"start":{"line":230,"column":208},"end":{"line":230,"column":219}}],"line":230},"57":{"loc":{"start":{"line":233,"column":14},"end":{"line":233,"column":null}},"type":"binary-expr","locations":[{"start":{"line":233,"column":14},"end":{"line":233,"column":37}},{"start":{"line":233,"column":37},"end":{"line":233,"column":null}}],"line":233},"58":{"loc":{"start":{"line":243,"column":97},"end":{"line":243,"column":132}},"type":"binary-expr","locations":[{"start":{"line":243,"column":97},"end":{"line":243,"column":122}},{"start":{"line":243,"column":122},"end":{"line":243,"column":132}}],"line":243},"59":{"loc":{"start":{"line":244,"column":3},"end":{"line":244,"column":53}},"type":"binary-expr","locations":[{"start":{"line":244,"column":3},"end":{"line":244,"column":32}},{"start":{"line":244,"column":32},"end":{"line":244,"column":53}}],"line":244},"60":{"loc":{"start":{"line":244,"column":69},"end":{"line":244,"column":126}},"type":"binary-expr","locations":[{"start":{"line":244,"column":69},"end":{"line":244,"column":102}},{"start":{"line":244,"column":102},"end":{"line":244,"column":126}}],"line":244},"61":{"loc":{"start":{"line":262,"column":4},"end":{"line":262,"column":null}},"type":"if","locations":[{"start":{"line":262,"column":4},"end":{"line":262,"column":null}},{"start":{},"end":{}}],"line":262},"62":{"loc":{"start":{"line":265,"column":14},"end":{"line":265,"column":null}},"type":"binary-expr","locations":[{"start":{"line":265,"column":14},"end":{"line":265,"column":53}},{"start":{"line":265,"column":53},"end":{"line":265,"column":null}}],"line":265},"63":{"loc":{"start":{"line":265,"column":142},"end":{"line":265,"column":184}},"type":"binary-expr","locations":[{"start":{"line":265,"column":142},"end":{"line":265,"column":175}},{"start":{"line":265,"column":175},"end":{"line":265,"column":184}}],"line":265},"64":{"loc":{"start":{"line":272,"column":99},"end":{"line":272,"column":149}},"type":"binary-expr","locations":[{"start":{"line":272,"column":99},"end":{"line":272,"column":128}},{"start":{"line":272,"column":128},"end":{"line":272,"column":149}}],"line":272},"65":{"loc":{"start":{"line":272,"column":155},"end":{"line":272,"column":197}},"type":"binary-expr","locations":[{"start":{"line":272,"column":155},"end":{"line":272,"column":188}},{"start":{"line":272,"column":188},"end":{"line":272,"column":197}}],"line":272}},"s":{"0":2,"1":3,"2":3,"3":3,"4":0,"5":3,"6":21,"7":0,"8":3,"9":18,"10":0,"11":3,"12":18,"13":0,"14":3,"15":1,"16":1,"17":1,"18":1,"19":0,"20":0,"21":0,"22":0,"23":0,"24":0,"25":0,"26":2,"27":2,"28":2,"29":0,"30":2,"31":2,"32":2,"33":2,"34":2,"35":2,"36":2,"37":2,"38":2,"39":2,"40":2,"41":2,"42":2,"43":2,"44":2,"45":0,"46":0,"47":0,"48":0,"49":2,"50":6,"51":6,"52":4,"53":2,"54":0,"55":2,"56":1,"57":1,"58":1,"59":0,"60":0,"61":0,"62":1,"63":1,"64":2,"65":1,"66":1,"67":1,"68":2,"69":2,"70":2,"71":2,"72":2,"73":0,"74":0,"75":2,"76":2,"77":2,"78":2,"79":1,"80":1,"81":0,"82":1,"83":1,"84":1,"85":1},"f":{"0":3,"1":21,"2":18,"3":18,"4":1,"5":2,"6":6,"7":6,"8":4,"9":0,"10":0,"11":2},"b":{"0":[0,3],"1":[3,0,0],"2":[0,3],"3":[3,3],"4":[0,3],"5":[3,3],"6":[0,3],"7":[3,3],"8":[3,3],"9":[1,0],"10":[1,1,1,1,0,0,0],"11":[1,0],"12":[0,0],"13":[0,0,0,0,0],"14":[0,0],"15":[0,0],"16":[0,0,0,0,0,0,0,0],"17":[0,0],"18":[0,0],"19":[0,0,0,0],"20":[0,0],"21":[0,0],"22":[2],"23":[2],"24":[2,0],"25":[0,2],"26":[2,0],"27":[2,2],"28":[2,2],"29":[2,2],"30":[0,2],"31":[0,2],"32":[0,0],"33":[0,0],"34":[0,0],"35":[0,2],"36":[2,0],"37":[2,0],"38":[0,0],"39":[0,0],"40":[0,1],"41":[0,0],"42":[1,0],"43":[2,1],"44":[2],"45":[2],"46":[2,0],"47":[2,0],"48":[0,2],"49":[0,0],"50":[0,0],"51":[0,0],"52":[0,0],"53":[0,0],"54":[0,0],"55":[0,0],"56":[0,0],"57":[0,0],"58":[2,0],"59":[2,0],"60":[2,0],"61":[0,1],"62":[1,0],"63":[0,0],"64":[1,0],"65":[1,0]},"meta":{"lastBranch":66,"lastFunction":12,"lastStatement":86,"seen":{"s:10:23:41:Infinity":0,"f:43:16:43:31":0,"s:44:12:44:Infinity":1,"s:45:20:45:Infinity":2,"b:46:2:48:Infinity:undefined:undefined:undefined:undefined":0,"s:46:2:48:Infinity":3,"b:46:6:46:19:46:19:46:61:46:61:46:79":1,"s:47:4:47:Infinity":4,"b:49:2:49:Infinity:undefined:undefined:undefined:undefined":2,"s:49:2:49:Infinity":5,"b:49:6:49:30:49:30:49:121":3,"f:49:95:49:100":1,"s:49:105:49:118":6,"s:49:121:49:Infinity":7,"b:50:2:50:Infinity:undefined:undefined:undefined:undefined":4,"s:50:2:50:Infinity":8,"b:50:6:50:28:50:28:50:110":5,"f:50:84:50:89":2,"s:50:94:50:107":9,"s:50:110:50:Infinity":10,"b:51:2:51:Infinity:undefined:undefined:undefined:undefined":6,"s:51:2:51:Infinity":11,"b:51:6:51:27:51:27:51:110":7,"f:51:84:51:89":3,"s:51:94:51:107":12,"s:51:110:51:Infinity":13,"s:52:2:52:Infinity":14,"b:52:9:52:22:52:22:52:Infinity":8,"f:63:16:63:35":4,"s:64:12:64:Infinity":15,"s:65:15:65:Infinity":16,"b:67:2:69:Infinity:undefined:undefined:undefined:undefined":9,"s:67:2:69:Infinity":17,"b:67:6:67:31:67:31:67:52:67:52:67:74:67:74:67:96:67:96:67:119:67:119:67:145:67:145:67:165":10,"s:68:4:68:Infinity":18,"b:68:11:68:46:68:46:68:Infinity":11,"b:70:2:72:Infinity:undefined:undefined:undefined:undefined":12,"s:70:2:72:Infinity":19,"b:70:6:70:29:70:29:70:51:70:51:70:73:70:73:70:96:70:96:70:116":13,"s:71:4:71:Infinity":20,"b:71:11:71:41:71:41:71:Infinity":14,"b:73:2:75:Infinity:undefined:undefined:undefined:undefined":15,"s:73:2:75:Infinity":21,"b:73:6:73:29:73:29:73:52:73:52:73:73:73:73:73:96:73:96:73:118:73:118:73:140:73:140:73:163:73:163:73:186":16,"s:74:4:74:Infinity":22,"b:74:11:74:45:74:45:74:Infinity":17,"b:76:2:78:Infinity:undefined:undefined:undefined:undefined":18,"s:76:2:78:Infinity":23,"b:76:6:76:27:76:27:76:51:76:51:76:76:76:76:76:99":19,"s:77:4:77:Infinity":24,"b:77:11:77:50:77:50:77:Infinity":20,"s:80:2:80:Infinity":25,"b:80:9:80:41:80:41:80:Infinity":21,"f:93:22:93:46":5,"b:93:63:93:74":22,"b:93:88:93:92":23,"s:94:17:94:Infinity":26,"b:94:17:94:54:94:54:94:Infinity":24,"s:95:16:95:Infinity":27,"b:97:2:103:Infinity:undefined:undefined:undefined:undefined":25,"s:97:2:103:Infinity":28,"s:98:4:102:Infinity":29,"s:105:20:105:Infinity":30,"s:107:2:207:Infinity":31,"s:108:22:108:41":32,"s:109:20:109:Infinity":33,"s:110:18:110:Infinity":34,"b:110:18:110:39:110:39:110:Infinity":26,"s:111:17:111:Infinity":35,"s:112:22:112:Infinity":36,"s:115:20:115:Infinity":37,"s:116:20:116:Infinity":38,"b:116:20:116:60:116:60:116:Infinity":27,"s:117:20:117:Infinity":39,"b:117:20:117:60:117:60:117:Infinity":28,"s:118:21:118:Infinity":40,"b:118:21:118:62:118:62:118:Infinity":29,"s:119:28:121:Infinity":41,"b:120:8:120:Infinity:121:8:121:Infinity":30,"s:124:26:124:Infinity":42,"s:125:27:125:Infinity":43,"b:126:4:132:Infinity:undefined:undefined:undefined:undefined":31,"s:126:4:132:Infinity":44,"s:127:26:127:Infinity":45,"b:128:6:131:Infinity:undefined:undefined:undefined:undefined":32,"s:128:6:131:Infinity":46,"s:129:26:129:Infinity":47,"b:129:56:129:111:129:111:129:Infinity":33,"s:130:8:130:Infinity":48,"b:130:175:130:195:130:195:130:198":34,"s:134:25:157:Infinity":49,"b:142:185:142:207:142:207:142:244":35,"b:150:22:150:142:150:142:150:Infinity":36,"f:150:42:150:49":6,"s:150:54:150:77":50,"f:150:79:150:83":7,"s:150:88:150:125":51,"f:151:46:151:50":8,"s:151:55:151:100":52,"b:157:16:157:35:157:35:157:45":37,"s:162:28:166:Infinity":53,"f:164:31:164:35":9,"s:164:41:164:117":54,"b:164:71:164:80:164:80:164:93":38,"b:164:102:164:112:164:112:164:115":39,"s:168:21:179:Infinity":55,"s:181:20:181:Infinity":56,"s:182:20:182:Infinity":57,"b:184:4:187:Infinity:undefined:undefined:undefined:undefined":40,"s:184:4:187:Infinity":58,"s:185:18:185:Infinity":59,"f:185:40:185:53":10,"s:185:53:185:56":60,"s:186:6:186:Infinity":61,"b:186:22:186:44:186:44:186:81":41,"s:189:17:189:Infinity":62,"s:190:18:190:Infinity":63,"b:190:18:190:57:190:57:190:Infinity":42,"s:192:4:198:Infinity":64,"b:197:14:197:42:197:42:197:Infinity":43,"s:200:4:200:Infinity":65,"s:201:25:201:Infinity":66,"s:202:4:206:Infinity":67,"f:219:22:219:47":11,"b:219:82:219:88":44,"b:219:98:219:109":45,"s:220:17:220:Infinity":68,"b:220:17:220:54:220:54:220:Infinity":46,"s:221:16:221:Infinity":69,"s:222:16:222:Infinity":70,"b:222:16:222:37:222:37:222:Infinity":47,"s:223:20:223:Infinity":71,"b:225:2:237:Infinity:undefined:undefined:undefined:undefined":48,"s:225:2:237:Infinity":72,"s:226:20:231:Infinity":73,"b:227:125:227:154:227:154:227:175":49,"b:227:183:227:216:227:216:227:235":50,"b:228:125:228:154:228:154:228:175":51,"b:228:187:228:220:228:220:228:231":52,"b:229:132:229:161:229:161:229:182":53,"b:229:190:229:223:229:223:229:233":54,"b:230:113:230:142:230:142:230:163":55,"b:230:175:230:208:230:208:230:219":56,"s:232:4:236:Infinity":74,"b:233:14:233:37:233:37:233:Infinity":57,"s:239:20:239:Infinity":75,"s:241:2:276:Infinity":76,"s:242:19:246:Infinity":77,"b:243:97:243:122:243:122:243:132":58,"b:244:3:244:32:244:32:244:53":59,"b:244:69:244:102:244:102:244:126":60,"s:248:21:259:Infinity":78,"s:261:20:261:Infinity":79,"b:262:4:262:Infinity:undefined:undefined:undefined:undefined":61,"s:262:4:262:Infinity":80,"s:262:22:262:Infinity":81,"s:263:17:263:Infinity":82,"s:264:4:268:Infinity":83,"b:265:14:265:53:265:53:265:Infinity":62,"b:265:142:265:175:265:175:265:184":63,"s:270:4:270:Infinity":84,"s:271:4:275:Infinity":85,"b:272:99:272:128:272:128:272:149":64,"b:272:155:272:188:272:188:272:197":65},"fnNames":{}}}
,"/Users/apple/Desktop/Ch3/src/data/liveWeather.js": {"path":"/Users/apple/Desktop/Ch3/src/data/liveWeather.js","statementMap":{"0":{"start":{"line":8,"column":21},"end":{"line":8,"column":null}},"1":{"start":{"line":9,"column":23},"end":{"line":9,"column":null}},"2":{"start":{"line":11,"column":21},"end":{"line":33,"column":null}},"3":{"start":{"line":36,"column":16},"end":{"line":36,"column":null}},"4":{"start":{"line":37,"column":19},"end":{"line":37,"column":null}},"5":{"start":{"line":38,"column":14},"end":{"line":38,"column":null}},"6":{"start":{"line":40,"column":2},"end":{"line":45,"column":null}},"7":{"start":{"line":41,"column":19},"end":{"line":41,"column":null}},"8":{"start":{"line":42,"column":4},"end":{"line":44,"column":null}},"9":{"start":{"line":43,"column":6},"end":{"line":43,"column":null}},"10":{"start":{"line":47,"column":2},"end":{"line":86,"column":null}},"11":{"start":{"line":48,"column":16},"end":{"line":48,"column":null}},"12":{"start":{"line":49,"column":21},"end":{"line":49,"column":null}},"13":{"start":{"line":50,"column":4},"end":{"line":50,"column":null}},"14":{"start":{"line":50,"column":22},"end":{"line":50,"column":null}},"15":{"start":{"line":52,"column":16},"end":{"line":52,"column":null}},"16":{"start":{"line":53,"column":20},"end":{"line":53,"column":null}},"17":{"start":{"line":54,"column":21},"end":{"line":54,"column":null}},"18":{"start":{"line":56,"column":19},"end":{"line":67,"column":null}},"19":{"start":{"line":69,"column":4},"end":{"line":69,"column":null}},"20":{"start":{"line":70,"column":4},"end":{"line":70,"column":null}},"21":{"start":{"line":72,"column":4},"end":{"line":72,"column":null}},"22":{"start":{"line":74,"column":4},"end":{"line":85,"column":null}}},"fnMap":{"0":{"name":"fetchLiveWeather","decl":{"start":{"line":35,"column":22},"end":{"line":35,"column":39}},"loc":{"start":{"line":35,"column":48},"end":{"line":87,"column":null}},"line":35}},"branchMap":{"0":{"loc":{"start":{"line":36,"column":16},"end":{"line":36,"column":null}},"type":"binary-expr","locations":[{"start":{"line":36,"column":16},"end":{"line":36,"column":35}},{"start":{"line":36,"column":35},"end":{"line":36,"column":null}}],"line":36},"1":{"loc":{"start":{"line":40,"column":2},"end":{"line":45,"column":null}},"type":"if","locations":[{"start":{"line":40,"column":2},"end":{"line":45,"column":null}},{"start":{},"end":{}}],"line":40},"2":{"loc":{"start":{"line":42,"column":4},"end":{"line":44,"column":null}},"type":"if","locations":[{"start":{"line":42,"column":4},"end":{"line":44,"column":null}},{"start":{},"end":{}}],"line":42},"3":{"loc":{"start":{"line":50,"column":4},"end":{"line":50,"column":null}},"type":"if","locations":[{"start":{"line":50,"column":4},"end":{"line":50,"column":null}},{"start":{},"end":{}}],"line":50},"4":{"loc":{"start":{"line":53,"column":20},"end":{"line":53,"column":null}},"type":"binary-expr","locations":[{"start":{"line":53,"column":20},"end":{"line":53,"column":35}},{"start":{"line":53,"column":35},"end":{"line":53,"column":null}}],"line":53},"5":{"loc":{"start":{"line":54,"column":21},"end":{"line":54,"column":null}},"type":"binary-expr","locations":[{"start":{"line":54,"column":21},"end":{"line":54,"column":59}},{"start":{"line":54,"column":59},"end":{"line":54,"column":null}}],"line":54},"6":{"loc":{"start":{"line":57,"column":12},"end":{"line":57,"column":null}},"type":"cond-expr","locations":[{"start":{"line":57,"column":51},"end":{"line":57,"column":88}},{"start":{"line":57,"column":88},"end":{"line":57,"column":null}}],"line":57},"7":{"loc":{"start":{"line":58,"column":16},"end":{"line":58,"column":null}},"type":"cond-expr","locations":[{"start":{"line":58,"column":61},"end":{"line":58,"column":104}},{"start":{"line":58,"column":104},"end":{"line":58,"column":null}}],"line":58},"8":{"loc":{"start":{"line":59,"column":17},"end":{"line":59,"column":null}},"type":"cond-expr","locations":[{"start":{"line":59,"column":56},"end":{"line":59,"column":93}},{"start":{"line":59,"column":93},"end":{"line":59,"column":null}}],"line":59}},"s":{"0":5,"1":5,"2":5,"3":8,"4":8,"5":8,"6":8,"7":0,"8":0,"9":0,"10":8,"11":8,"12":8,"13":2,"14":0,"15":2,"16":2,"17":8,"18":8,"19":8,"20":8,"21":2,"22":2},"f":{"0":8},"b":{"0":[8,0],"1":[0,8],"2":[0,0],"3":[0,2],"4":[2,1],"5":[8,1],"6":[1,1],"7":[1,1],"8":[1,1]},"meta":{"lastBranch":9,"lastFunction":1,"lastStatement":23,"seen":{"s:8:21:8:Infinity":0,"s:9:23:9:Infinity":1,"s:11:21:33:Infinity":2,"f:35:22:35:39":0,"s:36:16:36:Infinity":3,"b:36:16:36:35:36:35:36:Infinity":0,"s:37:19:37:Infinity":4,"s:38:14:38:Infinity":5,"b:40:2:45:Infinity:undefined:undefined:undefined:undefined":1,"s:40:2:45:Infinity":6,"s:41:19:41:Infinity":7,"b:42:4:44:Infinity:undefined:undefined:undefined:undefined":2,"s:42:4:44:Infinity":8,"s:43:6:43:Infinity":9,"s:47:2:86:Infinity":10,"s:48:16:48:Infinity":11,"s:49:21:49:Infinity":12,"b:50:4:50:Infinity:undefined:undefined:undefined:undefined":3,"s:50:4:50:Infinity":13,"s:50:22:50:Infinity":14,"s:52:16:52:Infinity":15,"s:53:20:53:Infinity":16,"b:53:20:53:35:53:35:53:Infinity":4,"s:54:21:54:Infinity":17,"b:54:21:54:59:54:59:54:Infinity":5,"s:56:19:67:Infinity":18,"b:57:51:57:88:57:88:57:Infinity":6,"b:58:61:58:104:58:104:58:Infinity":7,"b:59:56:59:93:59:93:59:Infinity":8,"s:69:4:69:Infinity":19,"s:70:4:70:Infinity":20,"s:72:4:72:Infinity":21,"s:74:4:85:Infinity":22},"fnNames":{}}}
,"/Users/apple/Desktop/Ch3/src/data/matchData.js": {"path":"/Users/apple/Desktop/Ch3/src/data/matchData.js","statementMap":{"0":{"start":{"line":8,"column":22},"end":{"line":137,"column":null}},"1":{"start":{"line":143,"column":23},"end":{"line":185,"column":null}},"2":{"start":{"line":187,"column":33},"end":{"line":213,"column":null}},"3":{"start":{"line":220,"column":2},"end":{"line":220,"column":null}},"4":{"start":{"line":224,"column":2},"end":{"line":224,"column":null}},"5":{"start":{"line":229,"column":2},"end":{"line":229,"column":null}},"6":{"start":{"line":229,"column":27},"end":{"line":229,"column":46}},"7":{"start":{"line":234,"column":2},"end":{"line":234,"column":null}},"8":{"start":{"line":234,"column":29},"end":{"line":234,"column":48}},"9":{"start":{"line":239,"column":2},"end":{"line":239,"column":null}},"10":{"start":{"line":239,"column":29},"end":{"line":239,"column":52}},"11":{"start":{"line":239,"column":69},"end":{"line":239,"column":104}},"12":{"start":{"line":245,"column":16},"end":{"line":245,"column":null}},"13":{"start":{"line":246,"column":2},"end":{"line":246,"column":null}},"14":{"start":{"line":246,"column":29},"end":{"line":246,"column":45}},"15":{"start":{"line":251,"column":2},"end":{"line":251,"column":null}},"16":{"start":{"line":251,"column":29},"end":{"line":251,"column":48}},"17":{"start":{"line":256,"column":2},"end":{"line":256,"column":null}},"18":{"start":{"line":256,"column":27},"end":{"line":256,"column":43}},"19":{"start":{"line":261,"column":2},"end":{"line":261,"column":null}},"20":{"start":{"line":261,"column":14},"end":{"line":261,"column":null}},"21":{"start":{"line":262,"column":2},"end":{"line":264,"column":null}},"22":{"start":{"line":263,"column":4},"end":{"line":263,"column":null}},"23":{"start":{"line":265,"column":2},"end":{"line":267,"column":null}},"24":{"start":{"line":266,"column":4},"end":{"line":266,"column":null}},"25":{"start":{"line":268,"column":2},"end":{"line":270,"column":null}},"26":{"start":{"line":269,"column":4},"end":{"line":269,"column":null}},"27":{"start":{"line":271,"column":2},"end":{"line":271,"column":null}},"28":{"start":{"line":276,"column":2},"end":{"line":276,"column":null}},"29":{"start":{"line":280,"column":16},"end":{"line":280,"column":null}},"30":{"start":{"line":281,"column":2},"end":{"line":281,"column":null}},"31":{"start":{"line":281,"column":14},"end":{"line":281,"column":null}},"32":{"start":{"line":282,"column":2},"end":{"line":282,"column":null}},"33":{"start":{"line":286,"column":16},"end":{"line":286,"column":null}},"34":{"start":{"line":287,"column":2},"end":{"line":287,"column":null}},"35":{"start":{"line":287,"column":14},"end":{"line":287,"column":null}},"36":{"start":{"line":288,"column":2},"end":{"line":288,"column":null}},"37":{"start":{"line":292,"column":15},"end":{"line":292,"column":null}},"38":{"start":{"line":293,"column":2},"end":{"line":293,"column":null}}},"fnMap":{"0":{"name":"getVenue","decl":{"start":{"line":219,"column":16},"end":{"line":219,"column":25}},"loc":{"start":{"line":219,"column":34},"end":{"line":221,"column":null}},"line":219},"1":{"name":"getAllVenues","decl":{"start":{"line":223,"column":16},"end":{"line":223,"column":31}},"loc":{"start":{"line":223,"column":31},"end":{"line":225,"column":null}},"line":223},"2":{"name":"getLiveMatch","decl":{"start":{"line":228,"column":16},"end":{"line":228,"column":31}},"loc":{"start":{"line":228,"column":31},"end":{"line":230,"column":null}},"line":228},"3":{"name":"(anonymous_3)","decl":{"start":{"line":229,"column":17},"end":{"line":229,"column":22}},"loc":{"start":{"line":229,"column":27},"end":{"line":229,"column":46}},"line":229},"4":{"name":"getLiveMatches","decl":{"start":{"line":233,"column":16},"end":{"line":233,"column":33}},"loc":{"start":{"line":233,"column":33},"end":{"line":235,"column":null}},"line":233},"5":{"name":"(anonymous_5)","decl":{"start":{"line":234,"column":17},"end":{"line":234,"column":24}},"loc":{"start":{"line":234,"column":29},"end":{"line":234,"column":48}},"line":234},"6":{"name":"getUpcomingMatches","decl":{"start":{"line":238,"column":16},"end":{"line":238,"column":37}},"loc":{"start":{"line":238,"column":37},"end":{"line":240,"column":null}},"line":238},"7":{"name":"(anonymous_7)","decl":{"start":{"line":239,"column":17},"end":{"line":239,"column":24}},"loc":{"start":{"line":239,"column":29},"end":{"line":239,"column":52}},"line":239},"8":{"name":"(anonymous_8)","decl":{"start":{"line":239,"column":54},"end":{"line":239,"column":60}},"loc":{"start":{"line":239,"column":69},"end":{"line":239,"column":104}},"line":239},"9":{"name":"getTodaysMatches","decl":{"start":{"line":244,"column":16},"end":{"line":244,"column":33}},"loc":{"start":{"line":244,"column":54},"end":{"line":247,"column":null}},"line":244},"10":{"name":"(anonymous_10)","decl":{"start":{"line":246,"column":17},"end":{"line":246,"column":24}},"loc":{"start":{"line":246,"column":29},"end":{"line":246,"column":45}},"line":246},"11":{"name":"getMatchesByVenue","decl":{"start":{"line":250,"column":16},"end":{"line":250,"column":34}},"loc":{"start":{"line":250,"column":43},"end":{"line":252,"column":null}},"line":250},"12":{"name":"(anonymous_12)","decl":{"start":{"line":251,"column":17},"end":{"line":251,"column":24}},"loc":{"start":{"line":251,"column":29},"end":{"line":251,"column":48}},"line":251},"13":{"name":"getMatchById","decl":{"start":{"line":255,"column":16},"end":{"line":255,"column":29}},"loc":{"start":{"line":255,"column":38},"end":{"line":257,"column":null}},"line":255},"14":{"name":"(anonymous_14)","decl":{"start":{"line":256,"column":17},"end":{"line":256,"column":22}},"loc":{"start":{"line":256,"column":27},"end":{"line":256,"column":43}},"line":256},"15":{"name":"getMatchStatusDisplay","decl":{"start":{"line":260,"column":16},"end":{"line":260,"column":38}},"loc":{"start":{"line":260,"column":45},"end":{"line":272,"column":null}},"line":260},"16":{"name":"getTraffic","decl":{"start":{"line":275,"column":16},"end":{"line":275,"column":27}},"loc":{"start":{"line":275,"column":36},"end":{"line":277,"column":null}},"line":275},"17":{"name":"getGoogleMapsUrl","decl":{"start":{"line":279,"column":16},"end":{"line":279,"column":33}},"loc":{"start":{"line":279,"column":42},"end":{"line":283,"column":null}},"line":279},"18":{"name":"getGoogleMapsTransitUrl","decl":{"start":{"line":285,"column":16},"end":{"line":285,"column":40}},"loc":{"start":{"line":285,"column":49},"end":{"line":289,"column":null}},"line":285},"19":{"name":"formatDate","decl":{"start":{"line":291,"column":16},"end":{"line":291,"column":27}},"loc":{"start":{"line":291,"column":36},"end":{"line":294,"column":null}},"line":291}},"branchMap":{"0":{"loc":{"start":{"line":220,"column":9},"end":{"line":220,"column":null}},"type":"binary-expr","locations":[{"start":{"line":220,"column":9},"end":{"line":220,"column":28}},{"start":{"line":220,"column":28},"end":{"line":220,"column":null}}],"line":220},"1":{"loc":{"start":{"line":229,"column":9},"end":{"line":229,"column":null}},"type":"binary-expr","locations":[{"start":{"line":229,"column":9},"end":{"line":229,"column":51}},{"start":{"line":229,"column":51},"end":{"line":229,"column":null}}],"line":229},"2":{"loc":{"start":{"line":244,"column":33},"end":{"line":244,"column":54}},"type":"default-arg","locations":[{"start":{"line":244,"column":48},"end":{"line":244,"column":54}}],"line":244},"3":{"loc":{"start":{"line":245,"column":16},"end":{"line":245,"column":null}},"type":"binary-expr","locations":[{"start":{"line":245,"column":16},"end":{"line":245,"column":32}},{"start":{"line":245,"column":32},"end":{"line":245,"column":null}}],"line":245},"4":{"loc":{"start":{"line":256,"column":9},"end":{"line":256,"column":null}},"type":"binary-expr","locations":[{"start":{"line":256,"column":9},"end":{"line":256,"column":48}},{"start":{"line":256,"column":48},"end":{"line":256,"column":null}}],"line":256},"5":{"loc":{"start":{"line":261,"column":2},"end":{"line":261,"column":null}},"type":"if","locations":[{"start":{"line":261,"column":2},"end":{"line":261,"column":null}},{"start":{},"end":{}}],"line":261},"6":{"loc":{"start":{"line":262,"column":2},"end":{"line":264,"column":null}},"type":"if","locations":[{"start":{"line":262,"column":2},"end":{"line":264,"column":null}},{"start":{},"end":{}}],"line":262},"7":{"loc":{"start":{"line":263,"column":20},"end":{"line":263,"column":45}},"type":"binary-expr","locations":[{"start":{"line":263,"column":20},"end":{"line":263,"column":34}},{"start":{"line":263,"column":34},"end":{"line":263,"column":45}}],"line":263},"8":{"loc":{"start":{"line":265,"column":2},"end":{"line":267,"column":null}},"type":"if","locations":[{"start":{"line":265,"column":2},"end":{"line":267,"column":null}},{"start":{},"end":{}}],"line":265},"9":{"loc":{"start":{"line":268,"column":2},"end":{"line":270,"column":null}},"type":"if","locations":[{"start":{"line":268,"column":2},"end":{"line":270,"column":null}},{"start":{},"end":{}}],"line":268},"10":{"loc":{"start":{"line":276,"column":9},"end":{"line":276,"column":null}},"type":"binary-expr","locations":[{"start":{"line":276,"column":9},"end":{"line":276,"column":39}},{"start":{"line":276,"column":39},"end":{"line":276,"column":null}}],"line":276},"11":{"loc":{"start":{"line":281,"column":2},"end":{"line":281,"column":null}},"type":"if","locations":[{"start":{"line":281,"column":2},"end":{"line":281,"column":null}},{"start":{},"end":{}}],"line":281},"12":{"loc":{"start":{"line":287,"column":2},"end":{"line":287,"column":null}},"type":"if","locations":[{"start":{"line":287,"column":2},"end":{"line":287,"column":null}},{"start":{},"end":{}}],"line":287}},"s":{"0":6,"1":6,"2":6,"3":14,"4":0,"5":0,"6":0,"7":1,"8":28,"9":2,"10":56,"11":0,"12":2,"13":2,"14":56,"15":0,"16":0,"17":2,"18":29,"19":4,"20":1,"21":3,"22":1,"23":2,"24":1,"25":1,"26":1,"27":0,"28":0,"29":0,"30":0,"31":0,"32":0,"33":0,"34":0,"35":0,"36":0,"37":3,"38":3},"f":{"0":14,"1":0,"2":0,"3":0,"4":1,"5":28,"6":2,"7":56,"8":0,"9":2,"10":56,"11":0,"12":0,"13":2,"14":29,"15":4,"16":0,"17":0,"18":0,"19":3},"b":{"0":[14,1],"1":[0,0],"2":[2],"3":[2,1],"4":[2,1],"5":[1,3],"6":[1,2],"7":[1,0],"8":[1,1],"9":[1,0],"10":[0,0],"11":[0,0],"12":[0,0]},"meta":{"lastBranch":13,"lastFunction":20,"lastStatement":39,"seen":{"s:8:22:137:Infinity":0,"s:143:23:185:Infinity":1,"s:187:33:213:Infinity":2,"f:219:16:219:25":0,"s:220:2:220:Infinity":3,"b:220:9:220:28:220:28:220:Infinity":0,"f:223:16:223:31":1,"s:224:2:224:Infinity":4,"f:228:16:228:31":2,"s:229:2:229:Infinity":5,"b:229:9:229:51:229:51:229:Infinity":1,"f:229:17:229:22":3,"s:229:27:229:46":6,"f:233:16:233:33":4,"s:234:2:234:Infinity":7,"f:234:17:234:24":5,"s:234:29:234:48":8,"f:238:16:238:37":6,"s:239:2:239:Infinity":9,"f:239:17:239:24":7,"s:239:29:239:52":10,"f:239:54:239:60":8,"s:239:69:239:104":11,"f:244:16:244:33":9,"b:244:48:244:54":2,"s:245:16:245:Infinity":12,"b:245:16:245:32:245:32:245:Infinity":3,"s:246:2:246:Infinity":13,"f:246:17:246:24":10,"s:246:29:246:45":14,"f:250:16:250:34":11,"s:251:2:251:Infinity":15,"f:251:17:251:24":12,"s:251:29:251:48":16,"f:255:16:255:29":13,"s:256:2:256:Infinity":17,"b:256:9:256:48:256:48:256:Infinity":4,"f:256:17:256:22":14,"s:256:27:256:43":18,"f:260:16:260:38":15,"b:261:2:261:Infinity:undefined:undefined:undefined:undefined":5,"s:261:2:261:Infinity":19,"s:261:14:261:Infinity":20,"b:262:2:264:Infinity:undefined:undefined:undefined:undefined":6,"s:262:2:264:Infinity":21,"s:263:4:263:Infinity":22,"b:263:20:263:34:263:34:263:45":7,"b:265:2:267:Infinity:undefined:undefined:undefined:undefined":8,"s:265:2:267:Infinity":23,"s:266:4:266:Infinity":24,"b:268:2:270:Infinity:undefined:undefined:undefined:undefined":9,"s:268:2:270:Infinity":25,"s:269:4:269:Infinity":26,"s:271:2:271:Infinity":27,"f:275:16:275:27":16,"s:276:2:276:Infinity":28,"b:276:9:276:39:276:39:276:Infinity":10,"f:279:16:279:33":17,"s:280:16:280:Infinity":29,"b:281:2:281:Infinity:undefined:undefined:undefined:undefined":11,"s:281:2:281:Infinity":30,"s:281:14:281:Infinity":31,"s:282:2:282:Infinity":32,"f:285:16:285:40":18,"s:286:16:286:Infinity":33,"b:287:2:287:Infinity:undefined:undefined:undefined:undefined":12,"s:287:2:287:Infinity":34,"s:287:14:287:Infinity":35,"s:288:2:288:Infinity":36,"f:291:16:291:27":19,"s:292:15:292:Infinity":37,"s:293:2:293:Infinity":38},"fnNames":{}}}
,"/Users/apple/Desktop/Ch3/src/data/telemetryBus.js": {"path":"/Users/apple/Desktop/Ch3/src/data/telemetryBus.js","statementMap":{"0":{"start":{"line":9,"column":27},"end":{"line":45,"column":null}},"1":{"start":{"line":47,"column":18},"end":{"line":47,"column":null}},"2":{"start":{"line":50,"column":2},"end":{"line":50,"column":null}},"3":{"start":{"line":50,"column":32},"end":{"line":50,"column":62}},"4":{"start":{"line":54,"column":0},"end":{"line":94,"column":null}},"5":{"start":{"line":55,"column":2},"end":{"line":93,"column":null}},"6":{"start":{"line":57,"column":21},"end":{"line":57,"column":null}},"7":{"start":{"line":58,"column":23},"end":{"line":58,"column":null}},"8":{"start":{"line":59,"column":24},"end":{"line":59,"column":null}},"9":{"start":{"line":62,"column":18},"end":{"line":62,"column":null}},"10":{"start":{"line":63,"column":26},"end":{"line":63,"column":null}},"11":{"start":{"line":66,"column":25},"end":{"line":66,"column":null}},"12":{"start":{"line":67,"column":21},"end":{"line":67,"column":null}},"13":{"start":{"line":69,"column":30},"end":{"line":69,"column":null}},"14":{"start":{"line":70,"column":26},"end":{"line":70,"column":null}},"15":{"start":{"line":72,"column":4},"end":{"line":90,"column":null}},"16":{"start":{"line":92,"column":4},"end":{"line":92,"column":null}},"17":{"start":{"line":97,"column":28},"end":{"line":97,"column":null}},"18":{"start":{"line":99,"column":2},"end":{"line":103,"column":null}},"19":{"start":{"line":100,"column":10},"end":{"line":100,"column":null}},"20":{"start":{"line":100,"column":34},"end":{"line":100,"column":null}},"21":{"start":{"line":101,"column":4},"end":{"line":101,"column":null}},"22":{"start":{"line":102,"column":4},"end":{"line":102,"column":null}},"23":{"start":{"line":102,"column":17},"end":{"line":102,"column":null}},"24":{"start":{"line":105,"column":2},"end":{"line":105,"column":null}},"25":{"start":{"line":109,"column":2},"end":{"line":109,"column":null}},"26":{"start":{"line":113,"column":2},"end":{"line":118,"column":null}},"27":{"start":{"line":116,"column":6},"end":{"line":116,"column":null}},"28":{"start":{"line":119,"column":2},"end":{"line":119,"column":null}},"29":{"start":{"line":123,"column":2},"end":{"line":126,"column":null}},"30":{"start":{"line":127,"column":2},"end":{"line":127,"column":null}}},"fnMap":{"0":{"name":"notifyListeners","decl":{"start":{"line":49,"column":9},"end":{"line":49,"column":27}},"loc":{"start":{"line":49,"column":27},"end":{"line":51,"column":null}},"line":49},"1":{"name":"(anonymous_1)","decl":{"start":{"line":50,"column":12},"end":{"line":50,"column":20}},"loc":{"start":{"line":50,"column":32},"end":{"line":50,"column":62}},"line":50},"2":{"name":"(anonymous_2)","decl":{"start":{"line":55,"column":2},"end":{"line":55,"column":20}},"loc":{"start":{"line":55,"column":20},"end":{"line":93,"column":5}},"line":55},"3":{"name":"useLiveTelemetry","decl":{"start":{"line":96,"column":16},"end":{"line":96,"column":35}},"loc":{"start":{"line":96,"column":35},"end":{"line":106,"column":null}},"line":96},"4":{"name":"(anonymous_4)","decl":{"start":{"line":99,"column":2},"end":{"line":99,"column":18}},"loc":{"start":{"line":99,"column":18},"end":{"line":103,"column":5}},"line":99},"5":{"name":"(anonymous_5)","decl":{"start":{"line":100,"column":10},"end":{"line":100,"column":21}},"loc":{"start":{"line":100,"column":34},"end":{"line":100,"column":null}},"line":100},"6":{"name":"(anonymous_6)","decl":{"start":{"line":102,"column":4},"end":{"line":102,"column":17}},"loc":{"start":{"line":102,"column":17},"end":{"line":102,"column":null}},"line":102},"7":{"name":"getGlobalTelemetry","decl":{"start":{"line":108,"column":16},"end":{"line":108,"column":37}},"loc":{"start":{"line":108,"column":37},"end":{"line":110,"column":null}},"line":108},"8":{"name":"resolveIncidentGlobal","decl":{"start":{"line":112,"column":16},"end":{"line":112,"column":38}},"loc":{"start":{"line":112,"column":50},"end":{"line":120,"column":null}},"line":112},"9":{"name":"(anonymous_9)","decl":{"start":{"line":115,"column":46},"end":{"line":115,"column":50}},"loc":{"start":{"line":116,"column":6},"end":{"line":116,"column":null}},"line":116},"10":{"name":"addIncidentGlobal","decl":{"start":{"line":122,"column":16},"end":{"line":122,"column":34}},"loc":{"start":{"line":122,"column":47},"end":{"line":128,"column":null}},"line":122}},"branchMap":{"0":{"loc":{"start":{"line":54,"column":0},"end":{"line":94,"column":null}},"type":"if","locations":[{"start":{"line":54,"column":0},"end":{"line":94,"column":null}},{"start":{},"end":{}}],"line":54},"1":{"loc":{"start":{"line":57,"column":21},"end":{"line":57,"column":null}},"type":"cond-expr","locations":[{"start":{"line":57,"column":78},"end":{"line":57,"column":84}},{"start":{"line":57,"column":84},"end":{"line":57,"column":null}}],"line":57},"2":{"loc":{"start":{"line":58,"column":23},"end":{"line":58,"column":null}},"type":"cond-expr","locations":[{"start":{"line":58,"column":80},"end":{"line":58,"column":86}},{"start":{"line":58,"column":86},"end":{"line":58,"column":null}}],"line":58},"3":{"loc":{"start":{"line":59,"column":24},"end":{"line":59,"column":null}},"type":"cond-expr","locations":[{"start":{"line":59,"column":83},"end":{"line":59,"column":90}},{"start":{"line":59,"column":90},"end":{"line":59,"column":null}}],"line":59},"4":{"loc":{"start":{"line":66,"column":25},"end":{"line":66,"column":null}},"type":"cond-expr","locations":[{"start":{"line":66,"column":48},"end":{"line":66,"column":80}},{"start":{"line":66,"column":80},"end":{"line":66,"column":null}}],"line":66},"5":{"loc":{"start":{"line":66,"column":48},"end":{"line":66,"column":80}},"type":"cond-expr","locations":[{"start":{"line":66,"column":70},"end":{"line":66,"column":74}},{"start":{"line":66,"column":74},"end":{"line":66,"column":80}}],"line":66},"6":{"loc":{"start":{"line":69,"column":30},"end":{"line":69,"column":null}},"type":"cond-expr","locations":[{"start":{"line":69,"column":53},"end":{"line":69,"column":85}},{"start":{"line":69,"column":85},"end":{"line":69,"column":null}}],"line":69},"7":{"loc":{"start":{"line":69,"column":53},"end":{"line":69,"column":85}},"type":"cond-expr","locations":[{"start":{"line":69,"column":75},"end":{"line":69,"column":79}},{"start":{"line":69,"column":79},"end":{"line":69,"column":85}}],"line":69},"8":{"loc":{"start":{"line":116,"column":6},"end":{"line":116,"column":null}},"type":"cond-expr","locations":[{"start":{"line":116,"column":30},"end":{"line":116,"column":81}},{"start":{"line":116,"column":81},"end":{"line":116,"column":null}}],"line":116}},"s":{"0":4,"1":4,"2":1,"3":0,"4":4,"5":4,"6":0,"7":0,"8":0,"9":0,"10":0,"11":0,"12":0,"13":0,"14":0,"15":0,"16":0,"17":7,"18":7,"19":4,"20":0,"21":4,"22":4,"23":4,"24":7,"25":5,"26":1,"27":3,"28":1,"29":0,"30":0},"f":{"0":1,"1":0,"2":0,"3":7,"4":4,"5":0,"6":4,"7":5,"8":1,"9":3,"10":0},"b":{"0":[4,0],"1":[0,0],"2":[0,0],"3":[0,0],"4":[0,0],"5":[0,0],"6":[0,0],"7":[0,0],"8":[1,2]},"meta":{"lastBranch":9,"lastFunction":11,"lastStatement":31,"seen":{"s:9:27:45:Infinity":0,"s:47:18:47:Infinity":1,"f:49:9:49:27":0,"s:50:2:50:Infinity":2,"f:50:12:50:20":1,"s:50:32:50:62":3,"b:54:0:94:Infinity:undefined:undefined:undefined:undefined":0,"s:54:0:94:Infinity":4,"s:55:2:93:Infinity":5,"f:55:2:55:20":2,"s:57:21:57:Infinity":6,"b:57:78:57:84:57:84:57:Infinity":1,"s:58:23:58:Infinity":7,"b:58:80:58:86:58:86:58:Infinity":2,"s:59:24:59:Infinity":8,"b:59:83:59:90:59:90:59:Infinity":3,"s:62:18:62:Infinity":9,"s:63:26:63:Infinity":10,"s:66:25:66:Infinity":11,"b:66:48:66:80:66:80:66:Infinity":4,"b:66:70:66:74:66:74:66:80":5,"s:67:21:67:Infinity":12,"s:69:30:69:Infinity":13,"b:69:53:69:85:69:85:69:Infinity":6,"b:69:75:69:79:69:79:69:85":7,"s:70:26:70:Infinity":14,"s:72:4:90:Infinity":15,"s:92:4:92:Infinity":16,"f:96:16:96:35":3,"s:97:28:97:Infinity":17,"s:99:2:103:Infinity":18,"f:99:2:99:18":4,"s:100:10:100:Infinity":19,"f:100:10:100:21":5,"s:100:34:100:Infinity":20,"s:101:4:101:Infinity":21,"s:102:4:102:Infinity":22,"f:102:4:102:17":6,"s:102:17:102:Infinity":23,"s:105:2:105:Infinity":24,"f:108:16:108:37":7,"s:109:2:109:Infinity":25,"f:112:16:112:38":8,"s:113:2:118:Infinity":26,"f:115:46:115:50":9,"s:116:6:116:Infinity":27,"b:116:30:116:81:116:81:116:Infinity":8,"s:119:2:119:Infinity":28,"f:122:16:122:34":10,"s:123:2:126:Infinity":29,"s:127:2:127:Infinity":30},"fnNames":{}}}
}
