{"/Users/apple/Desktop/Ch3/src/components/ChatOverlay.jsx": {"path":"/Users/apple/Desktop/Ch3/src/components/ChatOverlay.jsx","statementMap":{"0":{"start":{"line":7,"column":6},"end":{"line":17,"column":null}},"1":{"start":{"line":8,"column":2},"end":{"line":8,"column":null}},"2":{"start":{"line":8,"column":13},"end":{"line":8,"column":null}},"3":{"start":{"line":10,"column":13},"end":{"line":10,"column":null}},"4":{"start":{"line":11,"column":2},"end":{"line":11,"column":null}},"5":{"start":{"line":14,"column":20},"end":{"line":14,"column":null}},"6":{"start":{"line":16,"column":2},"end":{"line":16,"column":null}},"7":{"start":{"line":24,"column":34},"end":{"line":30,"column":null}},"8":{"start":{"line":31,"column":28},"end":{"line":31,"column":null}},"9":{"start":{"line":32,"column":34},"end":{"line":32,"column":null}},"10":{"start":{"line":33,"column":25},"end":{"line":33,"column":null}},"11":{"start":{"line":35,"column":26},"end":{"line":52,"column":null}},"12":{"start":{"line":54,"column":2},"end":{"line":56,"column":null}},"13":{"start":{"line":55,"column":4},"end":{"line":55,"column":null}},"14":{"start":{"line":58,"column":21},"end":{"line":99,"column":null}},"15":{"start":{"line":60,"column":6},"end":{"line":60,"column":null}},"16":{"start":{"line":61,"column":4},"end":{"line":61,"column":null}},"17":{"start":{"line":61,"column":16},"end":{"line":61,"column":null}},"18":{"start":{"line":63,"column":24},"end":{"line":63,"column":null}},"19":{"start":{"line":64,"column":4},"end":{"line":64,"column":null}},"20":{"start":{"line":65,"column":4},"end":{"line":65,"column":null}},"21":{"start":{"line":65,"column":30},"end":{"line":65,"column":null}},"22":{"start":{"line":66,"column":4},"end":{"line":66,"column":null}},"23":{"start":{"line":68,"column":4},"end":{"line":98,"column":null}},"24":{"start":{"line":69,"column":26},"end":{"line":73,"column":null}},"25":{"start":{"line":74,"column":6},"end":{"line":83,"column":null}},"26":{"start":{"line":74,"column":28},"end":{"line":83,"column":7}},"27":{"start":{"line":85,"column":6},"end":{"line":95,"column":null}},"28":{"start":{"line":85,"column":28},"end":{"line":95,"column":7}},"29":{"start":{"line":97,"column":6},"end":{"line":97,"column":null}},"30":{"start":{"line":101,"column":2},"end":{"line":111,"column":null}},"31":{"start":{"line":102,"column":4},"end":{"line":109,"column":null}},"32":{"start":{"line":113,"column":2},"end":{"line":255,"column":null}},"33":{"start":{"line":154,"column":10},"end":{"line":188,"column":null}},"34":{"start":{"line":220,"column":10},"end":{"line":227,"column":null}},"35":{"start":{"line":222,"column":27},"end":{"line":222,"column":null}},"36":{"start":{"line":234,"column":10},"end":{"line":234,"column":null}},"37":{"start":{"line":235,"column":10},"end":{"line":235,"column":null}},"38":{"start":{"line":243,"column":27},"end":{"line":243,"column":null}},"39":{"start":{"line":259,"column":0},"end":{"line":263,"column":null}}},"fnMap":{"0":{"name":"(anonymous_0)","decl":{"start":{"line":7,"column":6},"end":{"line":7,"column":29}},"loc":{"start":{"line":7,"column":38},"end":{"line":17,"column":null}},"line":7},"1":{"name":"ChatOverlay","decl":{"start":{"line":19,"column":24},"end":{"line":19,"column":36}},"loc":{"start":{"line":23,"column":3},"end":{"line":257,"column":null}},"line":23},"2":{"name":"(anonymous_2)","decl":{"start":{"line":54,"column":2},"end":{"line":54,"column":18}},"loc":{"start":{"line":54,"column":18},"end":{"line":56,"column":5}},"line":54},"3":{"name":"(anonymous_3)","decl":{"start":{"line":58,"column":21},"end":{"line":58,"column":28}},"loc":{"start":{"line":58,"column":51},"end":{"line":99,"column":null}},"line":58},"4":{"name":"(anonymous_4)","decl":{"start":{"line":74,"column":6},"end":{"line":74,"column":19}},"loc":{"start":{"line":74,"column":28},"end":{"line":83,"column":7}},"line":74},"5":{"name":"(anonymous_5)","decl":{"start":{"line":85,"column":6},"end":{"line":85,"column":19}},"loc":{"start":{"line":85,"column":28},"end":{"line":95,"column":7}},"line":85},"6":{"name":"(anonymous_6)","decl":{"start":{"line":153,"column":18},"end":{"line":153,"column":23}},"loc":{"start":{"line":154,"column":10},"end":{"line":188,"column":null}},"line":154},"7":{"name":"(anonymous_7)","decl":{"start":{"line":219,"column":25},"end":{"line":219,"column":30}},"loc":{"start":{"line":220,"column":10},"end":{"line":227,"column":null}},"line":220},"8":{"name":"(anonymous_8)","decl":{"start":{"line":222,"column":12},"end":{"line":222,"column":27}},"loc":{"start":{"line":222,"column":27},"end":{"line":222,"column":null}},"line":222},"9":{"name":"(anonymous_9)","decl":{"start":{"line":233,"column":8},"end":{"line":233,"column":19}},"loc":{"start":{"line":233,"column":25},"end":{"line":236,"column":null}},"line":233},"10":{"name":"(anonymous_10)","decl":{"start":{"line":243,"column":10},"end":{"line":243,"column":21}},"loc":{"start":{"line":243,"column":27},"end":{"line":243,"column":null}},"line":243}},"branchMap":{"0":{"loc":{"start":{"line":8,"column":2},"end":{"line":8,"column":null}},"type":"if","locations":[{"start":{"line":8,"column":2},"end":{"line":8,"column":null}},{"start":{},"end":{}}],"line":8},"1":{"loc":{"start":{"line":22,"column":2},"end":{"line":22,"column":null}},"type":"default-arg","locations":[{"start":{"line":22,"column":20},"end":{"line":22,"column":null}}],"line":22},"2":{"loc":{"start":{"line":58,"column":28},"end":{"line":58,"column":51}},"type":"default-arg","locations":[{"start":{"line":58,"column":41},"end":{"line":58,"column":51}}],"line":58},"3":{"loc":{"start":{"line":60,"column":6},"end":{"line":60,"column":null}},"type":"cond-expr","locations":[{"start":{"line":60,"column":39},"end":{"line":60,"column":59}},{"start":{"line":60,"column":59},"end":{"line":60,"column":null}}],"line":60},"4":{"loc":{"start":{"line":61,"column":4},"end":{"line":61,"column":null}},"type":"if","locations":[{"start":{"line":61,"column":4},"end":{"line":61,"column":null}},{"start":{},"end":{}}],"line":61},"5":{"loc":{"start":{"line":65,"column":4},"end":{"line":65,"column":null}},"type":"if","locations":[{"start":{"line":65,"column":4},"end":{"line":65,"column":null}},{"start":{},"end":{}}],"line":65},"6":{"loc":{"start":{"line":101,"column":2},"end":{"line":111,"column":null}},"type":"if","locations":[{"start":{"line":101,"column":2},"end":{"line":111,"column":null}},{"start":{},"end":{}}],"line":101},"7":{"loc":{"start":{"line":164,"column":13},"end":{"line":188,"column":null}},"type":"binary-expr","locations":[{"start":{"line":164,"column":13},"end":{"line":164,"column":36}},{"start":{"line":164,"column":36},"end":{"line":164,"column":null}},{"start":{"line":165,"column":14},"end":{"line":188,"column":null}}],"line":164},"8":{"loc":{"start":{"line":179,"column":34},"end":{"line":179,"column":69}},"type":"cond-expr","locations":[{"start":{"line":179,"column":47},"end":{"line":179,"column":59}},{"start":{"line":179,"column":59},"end":{"line":179,"column":69}}],"line":179},"9":{"loc":{"start":{"line":182,"column":19},"end":{"line":184,"column":null}},"type":"cond-expr","locations":[{"start":{"line":183,"column":22},"end":{"line":183,"column":null}},{"start":{"line":184,"column":22},"end":{"line":184,"column":null}}],"line":182},"10":{"loc":{"start":{"line":191,"column":9},"end":{"line":204,"column":null}},"type":"binary-expr","locations":[{"start":{"line":191,"column":9},"end":{"line":191,"column":null}},{"start":{"line":192,"column":10},"end":{"line":204,"column":null}}],"line":191}},"s":{"0":1,"1":16,"2":0,"3":16,"4":16,"5":16,"6":16,"7":11,"8":11,"9":11,"10":11,"11":11,"12":11,"13":9,"14":11,"15":2,"16":2,"17":0,"18":2,"19":2,"20":2,"21":2,"22":2,"23":2,"24":2,"25":2,"26":2,"27":0,"28":0,"29":2,"30":11,"31":1,"32":10,"33":16,"34":40,"35":0,"36":2,"37":2,"38":2,"39":1},"f":{"0":16,"1":11,"2":9,"3":2,"4":2,"5":0,"6":16,"7":40,"8":0,"9":2,"10":2},"b":{"0":[0,16],"1":[11],"2":[2],"3":[2,0],"4":[0,2],"5":[2,0],"6":[1,10],"7":[16,12,2],"8":[2,0],"9":[2,0],"10":[10,2]},"meta":{"lastBranch":11,"lastFunction":11,"lastStatement":40,"seen":{"s:7:6:17:Infinity":0,"f:7:6:7:29":0,"b:8:2:8:Infinity:undefined:undefined:undefined:undefined":0,"s:8:2:8:Infinity":1,"s:8:13:8:Infinity":2,"s:10:13:10:Infinity":3,"s:11:2:11:Infinity":4,"s:14:20:14:Infinity":5,"s:16:2:16:Infinity":6,"f:19:24:19:36":1,"b:22:20:22:Infinity":1,"s:24:34:30:Infinity":7,"s:31:28:31:Infinity":8,"s:32:34:32:Infinity":9,"s:33:25:33:Infinity":10,"s:35:26:52:Infinity":11,"s:54:2:56:Infinity":12,"f:54:2:54:18":2,"s:55:4:55:Infinity":13,"s:58:21:99:Infinity":14,"f:58:21:58:28":3,"b:58:41:58:51":2,"s:60:6:60:Infinity":15,"b:60:39:60:59:60:59:60:Infinity":3,"b:61:4:61:Infinity:undefined:undefined:undefined:undefined":4,"s:61:4:61:Infinity":16,"s:61:16:61:Infinity":17,"s:63:24:63:Infinity":18,"s:64:4:64:Infinity":19,"b:65:4:65:Infinity:undefined:undefined:undefined:undefined":5,"s:65:4:65:Infinity":20,"s:65:30:65:Infinity":21,"s:66:4:66:Infinity":22,"s:68:4:98:Infinity":23,"s:69:26:73:Infinity":24,"s:74:6:83:Infinity":25,"f:74:6:74:19":4,"s:74:28:83:7":26,"s:85:6:95:Infinity":27,"f:85:6:85:19":5,"s:85:28:95:7":28,"s:97:6:97:Infinity":29,"b:101:2:111:Infinity:undefined:undefined:undefined:undefined":6,"s:101:2:111:Infinity":30,"s:102:4:109:Infinity":31,"s:113:2:255:Infinity":32,"f:153:18:153:23":6,"s:154:10:188:Infinity":33,"b:164:13:164:36:164:36:164:Infinity:165:14:188:Infinity":7,"b:179:47:179:59:179:59:179:69":8,"b:183:22:183:Infinity:184:22:184:Infinity":9,"b:191:9:191:Infinity:192:10:204:Infinity":10,"f:219:25:219:30":7,"s:220:10:227:Infinity":34,"f:222:12:222:27":8,"s:222:27:222:Infinity":35,"f:233:8:233:19":9,"s:234:10:234:Infinity":36,"s:235:10:235:Infinity":37,"f:243:10:243:21":10,"s:243:27:243:Infinity":38,"s:259:0:263:Infinity":39},"fnNames":{}}}
,"/Users/apple/Desktop/Ch3/src/components/Header.jsx": {"path":"/Users/apple/Desktop/Ch3/src/components/Header.jsx","statementMap":{"0":{"start":{"line":20,"column":20},"end":{"line":20,"column":null}},"1":{"start":{"line":21,"column":22},"end":{"line":21,"column":null}},"2":{"start":{"line":22,"column":22},"end":{"line":22,"column":null}},"3":{"start":{"line":23,"column":20},"end":{"line":23,"column":37}},"4":{"start":{"line":24,"column":32},"end":{"line":28,"column":null}},"5":{"start":{"line":29,"column":36},"end":{"line":34,"column":null}},"6":{"start":{"line":36,"column":2},"end":{"line":49,"column":null}},"7":{"start":{"line":37,"column":4},"end":{"line":37,"column":null}},"8":{"start":{"line":37,"column":49},"end":{"line":37,"column":64}},"9":{"start":{"line":38,"column":10},"end":{"line":45,"column":null}},"10":{"start":{"line":39,"column":6},"end":{"line":44,"column":null}},"11":{"start":{"line":46,"column":4},"end":{"line":46,"column":null}},"12":{"start":{"line":47,"column":21},"end":{"line":47,"column":null}},"13":{"start":{"line":48,"column":4},"end":{"line":48,"column":null}},"14":{"start":{"line":48,"column":17},"end":{"line":48,"column":null}},"15":{"start":{"line":51,"column":16},"end":{"line":51,"column":null}},"16":{"start":{"line":53,"column":24},"end":{"line":63,"column":null}},"17":{"start":{"line":65,"column":2},"end":{"line":204,"column":null}},"18":{"start":{"line":208,"column":0},"end":{"line":215,"column":null}}},"fnMap":{"0":{"name":"Header","decl":{"start":{"line":12,"column":24},"end":{"line":12,"column":31}},"loc":{"start":{"line":19,"column":3},"end":{"line":206,"column":null}},"line":19},"1":{"name":"(anonymous_1)","decl":{"start":{"line":36,"column":2},"end":{"line":36,"column":18}},"loc":{"start":{"line":36,"column":18},"end":{"line":49,"column":5}},"line":36},"2":{"name":"(anonymous_2)","decl":{"start":{"line":37,"column":35},"end":{"line":37,"column":41}},"loc":{"start":{"line":37,"column":49},"end":{"line":37,"column":64}},"line":37},"3":{"name":"(anonymous_3)","decl":{"start":{"line":38,"column":10},"end":{"line":38,"column":29}},"loc":{"start":{"line":38,"column":29},"end":{"line":45,"column":null}},"line":38},"4":{"name":"(anonymous_4)","decl":{"start":{"line":48,"column":4},"end":{"line":48,"column":17}},"loc":{"start":{"line":48,"column":17},"end":{"line":48,"column":null}},"line":48}},"branchMap":{"0":{"loc":{"start":{"line":17,"column":2},"end":{"line":17,"column":null}},"type":"default-arg","locations":[{"start":{"line":17,"column":20},"end":{"line":17,"column":null}}],"line":17},"1":{"loc":{"start":{"line":18,"column":2},"end":{"line":18,"column":null}},"type":"default-arg","locations":[{"start":{"line":18,"column":20},"end":{"line":18,"column":null}}],"line":18},"2":{"loc":{"start":{"line":20,"column":20},"end":{"line":20,"column":null}},"type":"binary-expr","locations":[{"start":{"line":20,"column":20},"end":{"line":20,"column":49}},{"start":{"line":20,"column":49},"end":{"line":20,"column":null}}],"line":20},"3":{"loc":{"start":{"line":21,"column":22},"end":{"line":21,"column":null}},"type":"cond-expr","locations":[{"start":{"line":21,"column":40},"end":{"line":21,"column":72}},{"start":{"line":21,"column":72},"end":{"line":21,"column":null}}],"line":21},"4":{"loc":{"start":{"line":22,"column":22},"end":{"line":22,"column":null}},"type":"cond-expr","locations":[{"start":{"line":22,"column":36},"end":{"line":22,"column":73}},{"start":{"line":22,"column":73},"end":{"line":22,"column":null}}],"line":22},"5":{"loc":{"start":{"line":40,"column":18},"end":{"line":40,"column":null}},"type":"binary-expr","locations":[{"start":{"line":40,"column":18},"end":{"line":40,"column":59}},{"start":{"line":40,"column":59},"end":{"line":40,"column":null}}],"line":40},"6":{"loc":{"start":{"line":42,"column":17},"end":{"line":42,"column":null}},"type":"binary-expr","locations":[{"start":{"line":42,"column":17},"end":{"line":42,"column":57}},{"start":{"line":42,"column":57},"end":{"line":42,"column":null}}],"line":42},"7":{"loc":{"start":{"line":43,"column":13},"end":{"line":43,"column":null}},"type":"binary-expr","locations":[{"start":{"line":43,"column":13},"end":{"line":43,"column":53}},{"start":{"line":43,"column":53},"end":{"line":43,"column":null}}],"line":43},"8":{"loc":{"start":{"line":76,"column":28},"end":{"line":76,"column":73}},"type":"binary-expr","locations":[{"start":{"line":76,"column":28},"end":{"line":76,"column":60}},{"start":{"line":76,"column":60},"end":{"line":76,"column":73}}],"line":76},"9":{"loc":{"start":{"line":89,"column":9},"end":{"line":120,"column":null}},"type":"binary-expr","locations":[{"start":{"line":89,"column":9},"end":{"line":89,"column":null}},{"start":{"line":90,"column":10},"end":{"line":120,"column":null}}],"line":89},"10":{"loc":{"start":{"line":97,"column":16},"end":{"line":99,"column":null}},"type":"cond-expr","locations":[{"start":{"line":98,"column":20},"end":{"line":98,"column":null}},{"start":{"line":99,"column":20},"end":{"line":99,"column":null}}],"line":97},"11":{"loc":{"start":{"line":100,"column":35},"end":{"line":100,"column":null}},"type":"cond-expr","locations":[{"start":{"line":100,"column":67},"end":{"line":100,"column":79}},{"start":{"line":100,"column":79},"end":{"line":100,"column":null}}],"line":100},"12":{"loc":{"start":{"line":107,"column":13},"end":{"line":108,"column":null}},"type":"binary-expr","locations":[{"start":{"line":107,"column":13},"end":{"line":107,"column":null}},{"start":{"line":108,"column":14},"end":{"line":108,"column":null}}],"line":107},"13":{"loc":{"start":{"line":183,"column":11},"end":{"line":188,"column":11}},"type":"cond-expr","locations":[{"start":{"line":184,"column":12},"end":{"line":186,"column":13}},{"start":{"line":186,"column":12},"end":{"line":188,"column":11}}],"line":183},"14":{"loc":{"start":{"line":189,"column":13},"end":{"line":189,"column":50}},"type":"binary-expr","locations":[{"start":{"line":189,"column":13},"end":{"line":189,"column":42}},{"start":{"line":189,"column":42},"end":{"line":189,"column":50}}],"line":189},"15":{"loc":{"start":{"line":190,"column":13},"end":{"line":190,"column":null}},"type":"cond-expr","locations":[{"start":{"line":190,"column":33},"end":{"line":190,"column":43}},{"start":{"line":190,"column":43},"end":{"line":190,"column":null}}],"line":190}},"s":{"0":6,"1":6,"2":6,"3":6,"4":6,"5":6,"6":6,"7":3,"8":0,"9":3,"10":3,"11":3,"12":3,"13":3,"14":3,"15":6,"16":6,"17":6,"18":1},"f":{"0":6,"1":3,"2":0,"3":3,"4":3},"b":{"0":[6],"1":[6],"2":[6,0],"3":[0,6],"4":[0,6],"5":[3,3],"6":[3,3],"7":[3,3],"8":[6,4],"9":[6,0],"10":[0,0],"11":[0,0],"12":[0,0],"13":[0,6],"14":[6,0],"15":[0,6]},"meta":{"lastBranch":16,"lastFunction":5,"lastStatement":19,"seen":{"f:12:24:12:31":0,"b:17:20:17:Infinity":0,"b:18:20:18:Infinity":1,"s:20:20:20:Infinity":0,"b:20:20:20:49:20:49:20:Infinity":2,"s:21:22:21:Infinity":1,"b:21:40:21:72:21:72:21:Infinity":3,"s:22:22:22:Infinity":2,"b:22:36:22:73:22:73:22:Infinity":4,"s:23:20:23:37":3,"s:24:32:28:Infinity":4,"s:29:36:34:Infinity":5,"s:36:2:49:Infinity":6,"f:36:2:36:18":1,"s:37:4:37:Infinity":7,"f:37:35:37:41":2,"s:37:49:37:64":8,"s:38:10:45:Infinity":9,"f:38:10:38:29":3,"s:39:6:44:Infinity":10,"b:40:18:40:59:40:59:40:Infinity":5,"b:42:17:42:57:42:57:42:Infinity":6,"b:43:13:43:53:43:53:43:Infinity":7,"s:46:4:46:Infinity":11,"s:47:21:47:Infinity":12,"s:48:4:48:Infinity":13,"f:48:4:48:17":4,"s:48:17:48:Infinity":14,"s:51:16:51:Infinity":15,"s:53:24:63:Infinity":16,"s:65:2:204:Infinity":17,"b:76:28:76:60:76:60:76:73":8,"b:89:9:89:Infinity:90:10:120:Infinity":9,"b:98:20:98:Infinity:99:20:99:Infinity":10,"b:100:67:100:79:100:79:100:Infinity":11,"b:107:13:107:Infinity:108:14:108:Infinity":12,"b:184:12:186:13:186:12:188:11":13,"b:189:13:189:42:189:42:189:50":14,"b:190:33:190:43:190:43:190:Infinity":15,"s:208:0:215:Infinity":18},"fnNames":{}}}
,"/Users/apple/Desktop/Ch3/src/components/Sidebar.jsx": {"path":"/Users/apple/Desktop/Ch3/src/components/Sidebar.jsx","statementMap":{"0":{"start":{"line":23,"column":28},"end":{"line":25,"column":null}},"1":{"start":{"line":26,"column":44},"end":{"line":26,"column":null}},"2":{"start":{"line":28,"column":2},"end":{"line":41,"column":null}},"3":{"start":{"line":30,"column":4},"end":{"line":30,"column":null}},"4":{"start":{"line":31,"column":4},"end":{"line":31,"column":null}},"5":{"start":{"line":34,"column":10},"end":{"line":37,"column":null}},"6":{"start":{"line":35,"column":6},"end":{"line":35,"column":null}},"7":{"start":{"line":36,"column":6},"end":{"line":36,"column":null}},"8":{"start":{"line":38,"column":4},"end":{"line":38,"column":null}},"9":{"start":{"line":39,"column":4},"end":{"line":40,"column":null}},"10":{"start":{"line":40,"column":6},"end":{"line":40,"column":null}},"11":{"start":{"line":43,"column":29},"end":{"line":50,"column":null}},"12":{"start":{"line":44,"column":4},"end":{"line":44,"column":null}},"13":{"start":{"line":44,"column":24},"end":{"line":44,"column":null}},"14":{"start":{"line":45,"column":4},"end":{"line":45,"column":null}},"15":{"start":{"line":46,"column":24},"end":{"line":46,"column":null}},"16":{"start":{"line":47,"column":4},"end":{"line":49,"column":null}},"17":{"start":{"line":48,"column":6},"end":{"line":48,"column":null}},"18":{"start":{"line":52,"column":8},"end":{"line":54,"column":null}},"19":{"start":{"line":53,"column":4},"end":{"line":53,"column":null}},"20":{"start":{"line":53,"column":24},"end":{"line":53,"column":60}},"21":{"start":{"line":56,"column":19},"end":{"line":74,"column":null}},"22":{"start":{"line":76,"column":2},"end":{"line":137,"column":null}},"23":{"start":{"line":88,"column":10},"end":{"line":108,"column":null}},"24":{"start":{"line":92,"column":14},"end":{"line":92,"column":null}},"25":{"start":{"line":93,"column":14},"end":{"line":93,"column":null}},"26":{"start":{"line":93,"column":34},"end":{"line":93,"column":null}}},"fnMap":{"0":{"name":"Sidebar","decl":{"start":{"line":17,"column":24},"end":{"line":17,"column":32}},"loc":{"start":{"line":22,"column":3},"end":{"line":139,"column":null}},"line":22},"1":{"name":"(anonymous_1)","decl":{"start":{"line":28,"column":8},"end":{"line":28,"column":24}},"loc":{"start":{"line":28,"column":24},"end":{"line":41,"column":5}},"line":28},"2":{"name":"(anonymous_2)","decl":{"start":{"line":34,"column":10},"end":{"line":34,"column":39}},"loc":{"start":{"line":34,"column":45},"end":{"line":37,"column":null}},"line":34},"3":{"name":"(anonymous_3)","decl":{"start":{"line":39,"column":4},"end":{"line":39,"column":null}},"loc":{"start":{"line":40,"column":6},"end":{"line":40,"column":null}},"line":40},"4":{"name":"(anonymous_4)","decl":{"start":{"line":43,"column":29},"end":{"line":43,"column":41}},"loc":{"start":{"line":43,"column":41},"end":{"line":50,"column":null}},"line":43},"5":{"name":"(anonymous_5)","decl":{"start":{"line":52,"column":8},"end":{"line":52,"column":28}},"loc":{"start":{"line":52,"column":28},"end":{"line":54,"column":null}},"line":52},"6":{"name":"(anonymous_6)","decl":{"start":{"line":53,"column":4},"end":{"line":53,"column":14}},"loc":{"start":{"line":53,"column":24},"end":{"line":53,"column":60}},"line":53},"7":{"name":"(anonymous_7)","decl":{"start":{"line":87,"column":18},"end":{"line":87,"column":23}},"loc":{"start":{"line":88,"column":10},"end":{"line":108,"column":null}},"line":88},"8":{"name":"(anonymous_8)","decl":{"start":{"line":91,"column":12},"end":{"line":91,"column":27}},"loc":{"start":{"line":91,"column":27},"end":{"line":94,"column":null}},"line":91}},"branchMap":{"0":{"loc":{"start":{"line":24,"column":4},"end":{"line":24,"column":null}},"type":"binary-expr","locations":[{"start":{"line":24,"column":4},"end":{"line":24,"column":46}},{"start":{"line":24,"column":46},"end":{"line":24,"column":null}}],"line":24},"1":{"loc":{"start":{"line":44,"column":4},"end":{"line":44,"column":null}},"type":"if","locations":[{"start":{"line":44,"column":4},"end":{"line":44,"column":null}},{"start":{},"end":{}}],"line":44},"2":{"loc":{"start":{"line":47,"column":4},"end":{"line":49,"column":null}},"type":"if","locations":[{"start":{"line":47,"column":4},"end":{"line":49,"column":null}},{"start":{},"end":{}}],"line":47},"3":{"loc":{"start":{"line":53,"column":24},"end":{"line":53,"column":60}},"type":"cond-expr","locations":[{"start":{"line":53,"column":43},"end":{"line":53,"column":52}},{"start":{"line":53,"column":52},"end":{"line":53,"column":60}}],"line":53},"4":{"loc":{"start":{"line":77,"column":33},"end":{"line":77,"column":null}},"type":"cond-expr","locations":[{"start":{"line":77,"column":47},"end":{"line":77,"column":56}},{"start":{"line":77,"column":56},"end":{"line":77,"column":null}}],"line":77},"5":{"loc":{"start":{"line":90,"column":44},"end":{"line":90,"column":null}},"type":"cond-expr","locations":[{"start":{"line":90,"column":72},"end":{"line":90,"column":83}},{"start":{"line":90,"column":83},"end":{"line":90,"column":null}}],"line":90},"6":{"loc":{"start":{"line":93,"column":14},"end":{"line":93,"column":null}},"type":"if","locations":[{"start":{"line":93,"column":14},"end":{"line":93,"column":null}},{"start":{},"end":{}}],"line":93},"7":{"loc":{"start":{"line":118,"column":19},"end":{"line":118,"column":null}},"type":"cond-expr","locations":[{"start":{"line":118,"column":39},"end":{"line":118,"column":63}},{"start":{"line":118,"column":63},"end":{"line":118,"column":null}}],"line":118},"8":{"loc":{"start":{"line":121,"column":13},"end":{"line":121,"column":null}},"type":"cond-expr","locations":[{"start":{"line":121,"column":33},"end":{"line":121,"column":74}},{"start":{"line":121,"column":73},"end":{"line":121,"column":null}}],"line":121},"9":{"loc":{"start":{"line":124,"column":11},"end":{"line":134,"column":14}},"type":"binary-expr","locations":[{"start":{"line":124,"column":11},"end":{"line":124,"column":null}},{"start":{"line":125,"column":12},"end":{"line":134,"column":14}}],"line":124}},"s":{"0":6,"1":6,"2":6,"3":5,"4":5,"5":5,"6":1,"7":1,"8":5,"9":5,"10":5,"11":6,"12":1,"13":0,"14":1,"15":1,"16":1,"17":1,"18":6,"19":1,"20":1,"21":6,"22":6,"23":54,"24":1,"25":1,"26":1},"f":{"0":6,"1":5,"2":1,"3":5,"4":1,"5":1,"6":1,"7":54,"8":1},"b":{"0":[6,0],"1":[0,1],"2":[1,0],"3":[0,1],"4":[6,0],"5":[6,48],"6":[1,0],"7":[1,5],"8":[1,5],"9":[6,1]},"meta":{"lastBranch":10,"lastFunction":9,"lastStatement":27,"seen":{"f:17:24:17:32":0,"s:23:28:25:Infinity":0,"b:24:4:24:46:24:46:24:Infinity":0,"s:26:44:26:Infinity":1,"s:28:2:41:Infinity":2,"f:28:8:28:24":1,"s:30:4:30:Infinity":3,"s:31:4:31:Infinity":4,"s:34:10:37:Infinity":5,"f:34:10:34:39":2,"s:35:6:35:Infinity":6,"s:36:6:36:Infinity":7,"s:38:4:38:Infinity":8,"s:39:4:40:Infinity":9,"f:39:4:39:Infinity":3,"s:40:6:40:Infinity":10,"s:43:29:50:Infinity":11,"f:43:29:43:41":4,"b:44:4:44:Infinity:undefined:undefined:undefined:undefined":1,"s:44:4:44:Infinity":12,"s:44:24:44:Infinity":13,"s:45:4:45:Infinity":14,"s:46:24:46:Infinity":15,"b:47:4:49:Infinity:undefined:undefined:undefined:undefined":2,"s:47:4:49:Infinity":16,"s:48:6:48:Infinity":17,"s:52:8:54:Infinity":18,"f:52:8:52:28":5,"s:53:4:53:Infinity":19,"f:53:4:53:14":6,"s:53:24:53:60":20,"b:53:43:53:52:53:52:53:60":3,"s:56:19:74:Infinity":21,"s:76:2:137:Infinity":22,"b:77:47:77:56:77:56:77:Infinity":4,"f:87:18:87:23":7,"s:88:10:108:Infinity":23,"b:90:72:90:83:90:83:90:Infinity":5,"f:91:12:91:27":8,"s:92:14:92:Infinity":24,"b:93:14:93:Infinity:undefined:undefined:undefined:undefined":6,"s:93:14:93:Infinity":25,"s:93:34:93:Infinity":26,"b:118:39:118:63:118:63:118:Infinity":7,"b:121:33:121:74:121:73:121:Infinity":8,"b:124:11:124:Infinity:125:12:134:14":9},"fnNames":{}}}
,"/Users/apple/Desktop/Ch3/src/components/sections/HomeSection.jsx": {"path":"/Users/apple/Desktop/Ch3/src/components/sections/HomeSection.jsx","statementMap":{"0":{"start":{"line":35,"column":26},"end":{"line":35,"column":null}},"1":{"start":{"line":36,"column":22},"end":{"line":36,"column":null}},"2":{"start":{"line":37,"column":24},"end":{"line":37,"column":41}},"3":{"start":{"line":38,"column":20},"end":{"line":38,"column":null}},"4":{"start":{"line":39,"column":26},"end":{"line":39,"column":null}},"5":{"start":{"line":40,"column":20},"end":{"line":40,"column":37}},"6":{"start":{"line":41,"column":32},"end":{"line":47,"column":null}},"7":{"start":{"line":49,"column":2},"end":{"line":51,"column":null}},"8":{"start":{"line":50,"column":4},"end":{"line":50,"column":null}},"9":{"start":{"line":50,"column":49},"end":{"line":50,"column":64}},"10":{"start":{"line":53,"column":28},"end":{"line":55,"column":null}},"11":{"start":{"line":57,"column":2},"end":{"line":591,"column":null}},"12":{"start":{"line":250,"column":33},"end":{"line":250,"column":null}},"13":{"start":{"line":256,"column":33},"end":{"line":256,"column":null}},"14":{"start":{"line":286,"column":28},"end":{"line":286,"column":null}},"15":{"start":{"line":287,"column":29},"end":{"line":287,"column":null}},"16":{"start":{"line":288,"column":31},"end":{"line":288,"column":null}},"17":{"start":{"line":289,"column":14},"end":{"line":344,"column":null}},"18":{"start":{"line":440,"column":29},"end":{"line":440,"column":null}},"19":{"start":{"line":444,"column":59},"end":{"line":444,"column":null}},"20":{"start":{"line":449,"column":29},"end":{"line":449,"column":null}},"21":{"start":{"line":453,"column":59},"end":{"line":453,"column":null}},"22":{"start":{"line":458,"column":29},"end":{"line":458,"column":null}},"23":{"start":{"line":464,"column":29},"end":{"line":464,"column":null}},"24":{"start":{"line":470,"column":29},"end":{"line":470,"column":null}},"25":{"start":{"line":502,"column":16},"end":{"line":513,"column":null}},"26":{"start":{"line":546,"column":29},"end":{"line":546,"column":null}},"27":{"start":{"line":553,"column":28},"end":{"line":553,"column":null}},"28":{"start":{"line":554,"column":14},"end":{"line":585,"column":null}},"29":{"start":{"line":581,"column":35},"end":{"line":581,"column":null}},"30":{"start":{"line":595,"column":0},"end":{"line":599,"column":null}}},"fnMap":{"0":{"name":"HomeSection","decl":{"start":{"line":30,"column":24},"end":{"line":30,"column":36}},"loc":{"start":{"line":34,"column":3},"end":{"line":593,"column":null}},"line":34},"1":{"name":"(anonymous_1)","decl":{"start":{"line":49,"column":2},"end":{"line":49,"column":18}},"loc":{"start":{"line":49,"column":18},"end":{"line":51,"column":5}},"line":49},"2":{"name":"(anonymous_2)","decl":{"start":{"line":50,"column":35},"end":{"line":50,"column":41}},"loc":{"start":{"line":50,"column":49},"end":{"line":50,"column":64}},"line":50},"3":{"name":"(anonymous_3)","decl":{"start":{"line":250,"column":18},"end":{"line":250,"column":33}},"loc":{"start":{"line":250,"column":33},"end":{"line":250,"column":null}},"line":250},"4":{"name":"(anonymous_4)","decl":{"start":{"line":256,"column":18},"end":{"line":256,"column":33}},"loc":{"start":{"line":256,"column":33},"end":{"line":256,"column":null}},"line":256},"5":{"name":"(anonymous_5)","decl":{"start":{"line":285,"column":27},"end":{"line":285,"column":32}},"loc":{"start":{"line":285,"column":42},"end":{"line":346,"column":13}},"line":285},"6":{"name":"(anonymous_6)","decl":{"start":{"line":440,"column":14},"end":{"line":440,"column":29}},"loc":{"start":{"line":440,"column":29},"end":{"line":440,"column":null}},"line":440},"7":{"name":"(anonymous_7)","decl":{"start":{"line":444,"column":44},"end":{"line":444,"column":59}},"loc":{"start":{"line":444,"column":59},"end":{"line":444,"column":null}},"line":444},"8":{"name":"(anonymous_8)","decl":{"start":{"line":449,"column":14},"end":{"line":449,"column":29}},"loc":{"start":{"line":449,"column":29},"end":{"line":449,"column":null}},"line":449},"9":{"name":"(anonymous_9)","decl":{"start":{"line":453,"column":44},"end":{"line":453,"column":59}},"loc":{"start":{"line":453,"column":59},"end":{"line":453,"column":null}},"line":453},"10":{"name":"(anonymous_10)","decl":{"start":{"line":458,"column":14},"end":{"line":458,"column":29}},"loc":{"start":{"line":458,"column":29},"end":{"line":458,"column":null}},"line":458},"11":{"name":"(anonymous_11)","decl":{"start":{"line":464,"column":14},"end":{"line":464,"column":29}},"loc":{"start":{"line":464,"column":29},"end":{"line":464,"column":null}},"line":464},"12":{"name":"(anonymous_12)","decl":{"start":{"line":470,"column":14},"end":{"line":470,"column":29}},"loc":{"start":{"line":470,"column":29},"end":{"line":470,"column":null}},"line":470},"13":{"name":"(anonymous_13)","decl":{"start":{"line":501,"column":36},"end":{"line":501,"column":41}},"loc":{"start":{"line":502,"column":16},"end":{"line":513,"column":null}},"line":502},"14":{"name":"(anonymous_14)","decl":{"start":{"line":546,"column":14},"end":{"line":546,"column":29}},"loc":{"start":{"line":546,"column":29},"end":{"line":546,"column":null}},"line":546},"15":{"name":"(anonymous_15)","decl":{"start":{"line":552,"column":29},"end":{"line":552,"column":34}},"loc":{"start":{"line":552,"column":44},"end":{"line":587,"column":13}},"line":552},"16":{"name":"(anonymous_16)","decl":{"start":{"line":581,"column":20},"end":{"line":581,"column":35}},"loc":{"start":{"line":581,"column":35},"end":{"line":581,"column":null}},"line":581}},"branchMap":{"0":{"loc":{"start":{"line":33,"column":2},"end":{"line":33,"column":null}},"type":"default-arg","locations":[{"start":{"line":33,"column":20},"end":{"line":33,"column":null}}],"line":33},"1":{"loc":{"start":{"line":36,"column":22},"end":{"line":36,"column":null}},"type":"cond-expr","locations":[{"start":{"line":36,"column":40},"end":{"line":36,"column":72}},{"start":{"line":36,"column":72},"end":{"line":36,"column":null}}],"line":36},"2":{"loc":{"start":{"line":38,"column":20},"end":{"line":38,"column":null}},"type":"binary-expr","locations":[{"start":{"line":38,"column":20},"end":{"line":38,"column":49}},{"start":{"line":38,"column":49},"end":{"line":38,"column":null}}],"line":38},"3":{"loc":{"start":{"line":53,"column":28},"end":{"line":55,"column":null}},"type":"cond-expr","locations":[{"start":{"line":54,"column":6},"end":{"line":54,"column":null}},{"start":{"line":55,"column":6},"end":{"line":55,"column":null}}],"line":53},"4":{"loc":{"start":{"line":98,"column":7},"end":{"line":263,"column":null}},"type":"binary-expr","locations":[{"start":{"line":98,"column":7},"end":{"line":98,"column":null}},{"start":{"line":99,"column":8},"end":{"line":263,"column":null}}],"line":98},"5":{"loc":{"start":{"line":104,"column":14},"end":{"line":106,"column":null}},"type":"cond-expr","locations":[{"start":{"line":105,"column":18},"end":{"line":105,"column":null}},{"start":{"line":106,"column":18},"end":{"line":106,"column":null}}],"line":104},"6":{"loc":{"start":{"line":108,"column":14},"end":{"line":110,"column":null}},"type":"cond-expr","locations":[{"start":{"line":109,"column":18},"end":{"line":109,"column":null}},{"start":{"line":110,"column":18},"end":{"line":110,"column":null}}],"line":108},"7":{"loc":{"start":{"line":134,"column":21},"end":{"line":137,"column":33}},"type":"binary-expr","locations":[{"start":{"line":134,"column":21},"end":{"line":134,"column":null}},{"start":{"line":135,"column":22},"end":{"line":137,"column":33}}],"line":134},"8":{"loc":{"start":{"line":137,"column":21},"end":{"line":141,"column":null}},"type":"cond-expr","locations":[{"start":{"line":138,"column":24},"end":{"line":138,"column":null}},{"start":{"line":139,"column":24},"end":{"line":141,"column":null}}],"line":137},"9":{"loc":{"start":{"line":139,"column":24},"end":{"line":141,"column":null}},"type":"cond-expr","locations":[{"start":{"line":140,"column":26},"end":{"line":140,"column":null}},{"start":{"line":141,"column":26},"end":{"line":141,"column":null}}],"line":139},"10":{"loc":{"start":{"line":166,"column":17},"end":{"line":176,"column":null}},"type":"binary-expr","locations":[{"start":{"line":166,"column":17},"end":{"line":166,"column":50}},{"start":{"line":166,"column":50},"end":{"line":166,"column":null}},{"start":{"line":167,"column":18},"end":{"line":176,"column":null}}],"line":166},"11":{"loc":{"start":{"line":178,"column":17},"end":{"line":200,"column":null}},"type":"binary-expr","locations":[{"start":{"line":178,"column":17},"end":{"line":178,"column":null}},{"start":{"line":179,"column":18},"end":{"line":179,"column":null}},{"start":{"line":180,"column":20},"end":{"line":200,"column":null}}],"line":178},"12":{"loc":{"start":{"line":189,"column":23},"end":{"line":198,"column":null}},"type":"binary-expr","locations":[{"start":{"line":189,"column":23},"end":{"line":189,"column":null}},{"start":{"line":190,"column":24},"end":{"line":198,"column":null}}],"line":189},"13":{"loc":{"start":{"line":267,"column":7},"end":{"line":348,"column":null}},"type":"binary-expr","locations":[{"start":{"line":267,"column":7},"end":{"line":267,"column":null}},{"start":{"line":268,"column":8},"end":{"line":348,"column":null}}],"line":267},"14":{"loc":{"start":{"line":296,"column":28},"end":{"line":298,"column":null}},"type":"cond-expr","locations":[{"start":{"line":297,"column":24},"end":{"line":297,"column":null}},{"start":{"line":298,"column":24},"end":{"line":298,"column":null}}],"line":296},"15":{"loc":{"start":{"line":299,"column":32},"end":{"line":303,"column":null}},"type":"cond-expr","locations":[{"start":{"line":300,"column":24},"end":{"line":300,"column":null}},{"start":{"line":301,"column":24},"end":{"line":303,"column":null}}],"line":299},"16":{"loc":{"start":{"line":301,"column":24},"end":{"line":303,"column":null}},"type":"cond-expr","locations":[{"start":{"line":302,"column":26},"end":{"line":302,"column":null}},{"start":{"line":303,"column":26},"end":{"line":303,"column":null}}],"line":301},"17":{"loc":{"start":{"line":318,"column":23},"end":{"line":321,"column":30}},"type":"binary-expr","locations":[{"start":{"line":318,"column":23},"end":{"line":318,"column":null}},{"start":{"line":319,"column":24},"end":{"line":321,"column":30}}],"line":318},"18":{"loc":{"start":{"line":323,"column":21},"end":{"line":331,"column":null}},"type":"binary-expr","locations":[{"start":{"line":323,"column":21},"end":{"line":323,"column":null}},{"start":{"line":324,"column":22},"end":{"line":331,"column":null}}],"line":323},"19":{"loc":{"start":{"line":576,"column":27},"end":{"line":576,"column":null}},"type":"cond-expr","locations":[{"start":{"line":576,"column":35},"end":{"line":576,"column":68}},{"start":{"line":576,"column":68},"end":{"line":576,"column":null}}],"line":576}},"s":{"0":4,"1":4,"2":4,"3":4,"4":4,"5":4,"6":4,"7":4,"8":3,"9":3,"10":4,"11":4,"12":0,"13":0,"14":0,"15":0,"16":0,"17":0,"18":0,"19":0,"20":0,"21":0,"22":0,"23":0,"24":0,"25":0,"26":0,"27":4,"28":4,"29":0,"30":1},"f":{"0":4,"1":3,"2":3,"3":0,"4":0,"5":0,"6":0,"7":0,"8":0,"9":0,"10":0,"11":0,"12":0,"13":0,"14":0,"15":4,"16":0},"b":{"0":[4],"1":[0,4],"2":[4,0],"3":[0,4],"4":[4,0],"5":[0,0],"6":[0,0],"7":[0,0],"8":[0,0],"9":[0,0],"10":[0,0,0],"11":[0,0,0],"12":[0,0],"13":[4,0],"14":[0,0],"15":[0,0],"16":[0,0],"17":[0,0],"18":[0,0],"19":[4,0]},"meta":{"lastBranch":20,"lastFunction":17,"lastStatement":31,"seen":{"f:30:24:30:36":0,"b:33:20:33:Infinity":0,"s:35:26:35:Infinity":0,"s:36:22:36:Infinity":1,"b:36:40:36:72:36:72:36:Infinity":1,"s:37:24:37:41":2,"s:38:20:38:Infinity":3,"b:38:20:38:49:38:49:38:Infinity":2,"s:39:26:39:Infinity":4,"s:40:20:40:37":5,"s:41:32:47:Infinity":6,"s:49:2:51:Infinity":7,"f:49:2:49:18":1,"s:50:4:50:Infinity":8,"f:50:35:50:41":2,"s:50:49:50:64":9,"s:53:28:55:Infinity":10,"b:54:6:54:Infinity:55:6:55:Infinity":3,"s:57:2:591:Infinity":11,"b:98:7:98:Infinity:99:8:263:Infinity":4,"b:105:18:105:Infinity:106:18:106:Infinity":5,"b:109:18:109:Infinity:110:18:110:Infinity":6,"b:134:21:134:Infinity:135:22:137:33":7,"b:138:24:138:Infinity:139:24:141:Infinity":8,"b:140:26:140:Infinity:141:26:141:Infinity":9,"b:166:17:166:50:166:50:166:Infinity:167:18:176:Infinity":10,"b:178:17:178:Infinity:179:18:179:Infinity:180:20:200:Infinity":11,"b:189:23:189:Infinity:190:24:198:Infinity":12,"f:250:18:250:33":3,"s:250:33:250:Infinity":12,"f:256:18:256:33":4,"s:256:33:256:Infinity":13,"b:267:7:267:Infinity:268:8:348:Infinity":13,"f:285:27:285:32":5,"s:286:28:286:Infinity":14,"s:287:29:287:Infinity":15,"s:288:31:288:Infinity":16,"s:289:14:344:Infinity":17,"b:297:24:297:Infinity:298:24:298:Infinity":14,"b:300:24:300:Infinity:301:24:303:Infinity":15,"b:302:26:302:Infinity:303:26:303:Infinity":16,"b:318:23:318:Infinity:319:24:321:30":17,"b:323:21:323:Infinity:324:22:331:Infinity":18,"f:440:14:440:29":6,"s:440:29:440:Infinity":18,"f:444:44:444:59":7,"s:444:59:444:Infinity":19,"f:449:14:449:29":8,"s:449:29:449:Infinity":20,"f:453:44:453:59":9,"s:453:59:453:Infinity":21,"f:458:14:458:29":10,"s:458:29:458:Infinity":22,"f:464:14:464:29":11,"s:464:29:464:Infinity":23,"f:470:14:470:29":12,"s:470:29:470:Infinity":24,"f:501:36:501:41":13,"s:502:16:513:Infinity":25,"f:546:14:546:29":14,"s:546:29:546:Infinity":26,"f:552:29:552:34":15,"s:553:28:553:Infinity":27,"s:554:14:585:Infinity":28,"b:576:35:576:68:576:68:576:Infinity":19,"f:581:20:581:35":16,"s:581:35:581:Infinity":29,"s:595:0:599:Infinity":30},"fnNames":{}}}
,"/Users/apple/Desktop/Ch3/src/data/aiEngine.js": {"path":"/Users/apple/Desktop/Ch3/src/data/aiEngine.js","statementMap":{"0":{"start":{"line":10,"column":23},"end":{"line":41,"column":null}},"1":{"start":{"line":44,"column":20},"end":{"line":44,"column":null}},"2":{"start":{"line":45,"column":2},"end":{"line":45,"column":null}},"3":{"start":{"line":45,"column":17},"end":{"line":45,"column":null}},"4":{"start":{"line":47,"column":12},"end":{"line":47,"column":null}},"5":{"start":{"line":48,"column":2},"end":{"line":50,"column":null}},"6":{"start":{"line":49,"column":4},"end":{"line":49,"column":null}},"7":{"start":{"line":51,"column":2},"end":{"line":53,"column":null}},"8":{"start":{"line":52,"column":4},"end":{"line":52,"column":null}},"9":{"start":{"line":54,"column":2},"end":{"line":56,"column":null}},"10":{"start":{"line":55,"column":4},"end":{"line":55,"column":null}},"11":{"start":{"line":57,"column":2},"end":{"line":57,"column":null}},"12":{"start":{"line":69,"column":12},"end":{"line":69,"column":null}},"13":{"start":{"line":70,"column":15},"end":{"line":70,"column":null}},"14":{"start":{"line":72,"column":2},"end":{"line":82,"column":null}},"15":{"start":{"line":81,"column":4},"end":{"line":81,"column":null}},"16":{"start":{"line":83,"column":2},"end":{"line":91,"column":null}},"17":{"start":{"line":90,"column":4},"end":{"line":90,"column":null}},"18":{"start":{"line":92,"column":2},"end":{"line":103,"column":null}},"19":{"start":{"line":102,"column":4},"end":{"line":102,"column":null}},"20":{"start":{"line":104,"column":2},"end":{"line":113,"column":null}},"21":{"start":{"line":110,"column":4},"end":{"line":111,"column":null}},"22":{"start":{"line":115,"column":2},"end":{"line":115,"column":null}},"23":{"start":{"line":135,"column":4},"end":{"line":136,"column":null}},"24":{"start":{"line":137,"column":16},"end":{"line":137,"column":null}},"25":{"start":{"line":139,"column":2},"end":{"line":145,"column":null}},"26":{"start":{"line":140,"column":4},"end":{"line":144,"column":null}},"27":{"start":{"line":147,"column":20},"end":{"line":147,"column":null}},"28":{"start":{"line":149,"column":2},"end":{"line":277,"column":null}},"29":{"start":{"line":150,"column":22},"end":{"line":150,"column":41}},"30":{"start":{"line":151,"column":20},"end":{"line":151,"column":null}},"31":{"start":{"line":152,"column":18},"end":{"line":152,"column":null}},"32":{"start":{"line":153,"column":17},"end":{"line":153,"column":null}},"33":{"start":{"line":154,"column":22},"end":{"line":159,"column":null}},"34":{"start":{"line":162,"column":20},"end":{"line":162,"column":null}},"35":{"start":{"line":163,"column":20},"end":{"line":163,"column":null}},"36":{"start":{"line":164,"column":20},"end":{"line":164,"column":null}},"37":{"start":{"line":165,"column":21},"end":{"line":165,"column":null}},"38":{"start":{"line":166,"column":28},"end":{"line":168,"column":null}},"39":{"start":{"line":171,"column":26},"end":{"line":171,"column":null}},"40":{"start":{"line":172,"column":27},"end":{"line":172,"column":null}},"41":{"start":{"line":173,"column":4},"end":{"line":182,"column":null}},"42":{"start":{"line":174,"column":26},"end":{"line":174,"column":null}},"43":{"start":{"line":175,"column":6},"end":{"line":181,"column":null}},"44":{"start":{"line":177,"column":10},"end":{"line":179,"column":null}},"45":{"start":{"line":180,"column":8},"end":{"line":180,"column":null}},"46":{"start":{"line":184,"column":25},"end":{"line":212,"column":null}},"47":{"start":{"line":202,"column":23},"end":{"line":202,"column":46}},"48":{"start":{"line":203,"column":20},"end":{"line":203,"column":57}},"49":{"start":{"line":206,"column":57},"end":{"line":206,"column":102}},"50":{"start":{"line":217,"column":28},"end":{"line":226,"column":null}},"51":{"start":{"line":221,"column":21},"end":{"line":224,"column":10}},"52":{"start":{"line":228,"column":21},"end":{"line":240,"column":null}},"53":{"start":{"line":242,"column":20},"end":{"line":242,"column":null}},"54":{"start":{"line":243,"column":20},"end":{"line":243,"column":null}},"55":{"start":{"line":245,"column":4},"end":{"line":250,"column":null}},"56":{"start":{"line":246,"column":18},"end":{"line":246,"column":null}},"57":{"start":{"line":246,"column":53},"end":{"line":246,"column":56}},"58":{"start":{"line":247,"column":6},"end":{"line":249,"column":null}},"59":{"start":{"line":252,"column":17},"end":{"line":252,"column":null}},"60":{"start":{"line":254,"column":6},"end":{"line":254,"column":null}},"61":{"start":{"line":256,"column":4},"end":{"line":262,"column":null}},"62":{"start":{"line":264,"column":4},"end":{"line":267,"column":null}},"63":{"start":{"line":268,"column":25},"end":{"line":268,"column":null}},"64":{"start":{"line":269,"column":4},"end":{"line":276,"column":null}},"65":{"start":{"line":293,"column":31},"end":{"line":293,"column":null}},"66":{"start":{"line":294,"column":21},"end":{"line":294,"column":null}},"67":{"start":{"line":296,"column":4},"end":{"line":297,"column":null}},"68":{"start":{"line":298,"column":16},"end":{"line":298,"column":null}},"69":{"start":{"line":299,"column":16},"end":{"line":299,"column":null}},"70":{"start":{"line":300,"column":20},"end":{"line":305,"column":null}},"71":{"start":{"line":307,"column":2},"end":{"line":319,"column":null}},"72":{"start":{"line":308,"column":20},"end":{"line":313,"column":null}},"73":{"start":{"line":314,"column":4},"end":{"line":318,"column":null}},"74":{"start":{"line":321,"column":20},"end":{"line":321,"column":null}},"75":{"start":{"line":323,"column":2},"end":{"line":361,"column":null}},"76":{"start":{"line":324,"column":19},"end":{"line":328,"column":null}},"77":{"start":{"line":330,"column":21},"end":{"line":342,"column":null}},"78":{"start":{"line":344,"column":20},"end":{"line":344,"column":null}},"79":{"start":{"line":345,"column":4},"end":{"line":345,"column":null}},"80":{"start":{"line":345,"column":22},"end":{"line":345,"column":null}},"81":{"start":{"line":346,"column":17},"end":{"line":346,"column":null}},"82":{"start":{"line":347,"column":4},"end":{"line":353,"column":null}},"83":{"start":{"line":355,"column":4},"end":{"line":355,"column":null}},"84":{"start":{"line":356,"column":4},"end":{"line":360,"column":null}}},"fnMap":{"0":{"name":"detectLanguage","decl":{"start":{"line":43,"column":16},"end":{"line":43,"column":31}},"loc":{"start":{"line":43,"column":38},"end":{"line":58,"column":null}},"line":43},"1":{"name":"generateAIResponse","decl":{"start":{"line":68,"column":16},"end":{"line":68,"column":35}},"loc":{"start":{"line":68,"column":42},"end":{"line":116,"column":null}},"line":68},"2":{"name":"generateAIResponseAsync","decl":{"start":{"line":129,"column":22},"end":{"line":129,"column":null}},"loc":{"start":{"line":133,"column":2},"end":{"line":278,"column":null}},"line":133},"3":{"name":"(anonymous_3)","decl":{"start":{"line":202,"column":9},"end":{"line":202,"column":17}},"loc":{"start":{"line":202,"column":23},"end":{"line":202,"column":46}},"line":202},"4":{"name":"(anonymous_4)","decl":{"start":{"line":203,"column":9},"end":{"line":203,"column":14}},"loc":{"start":{"line":203,"column":20},"end":{"line":203,"column":57}},"line":203},"5":{"name":"(anonymous_5)","decl":{"start":{"line":206,"column":46},"end":{"line":206,"column":51}},"loc":{"start":{"line":206,"column":57},"end":{"line":206,"column":102}},"line":206},"6":{"name":"(anonymous_6)","decl":{"start":{"line":221,"column":9},"end":{"line":221,"column":14}},"loc":{"start":{"line":221,"column":21},"end":{"line":224,"column":10}},"line":221},"7":{"name":"(anonymous_7)","decl":{"start":{"line":246,"column":40},"end":{"line":246,"column":53}},"loc":{"start":{"line":246,"column":53},"end":{"line":246,"column":56}},"line":246},"8":{"name":"generatePABroadcastAsync","decl":{"start":{"line":288,"column":22},"end":{"line":288,"column":null}},"loc":{"start":{"line":292,"column":2},"end":{"line":362,"column":null}},"line":292}},"branchMap":{"0":{"loc":{"start":{"line":45,"column":2},"end":{"line":45,"column":null}},"type":"if","locations":[{"start":{"line":45,"column":2},"end":{"line":45,"column":null}},{"start":{},"end":{}}],"line":45},"1":{"loc":{"start":{"line":48,"column":2},"end":{"line":50,"column":null}},"type":"if","locations":[{"start":{"line":48,"column":2},"end":{"line":50,"column":null}},{"start":{},"end":{}}],"line":48},"2":{"loc":{"start":{"line":48,"column":6},"end":{"line":48,"column":90}},"type":"binary-expr","locations":[{"start":{"line":48,"column":6},"end":{"line":48,"column":30}},{"start":{"line":48,"column":30},"end":{"line":48,"column":90}}],"line":48},"3":{"loc":{"start":{"line":51,"column":2},"end":{"line":53,"column":null}},"type":"if","locations":[{"start":{"line":51,"column":2},"end":{"line":53,"column":null}},{"start":{},"end":{}}],"line":51},"4":{"loc":{"start":{"line":51,"column":6},"end":{"line":51,"column":82}},"type":"binary-expr","locations":[{"start":{"line":51,"column":6},"end":{"line":51,"column":28}},{"start":{"line":51,"column":28},"end":{"line":51,"column":82}}],"line":51},"5":{"loc":{"start":{"line":54,"column":2},"end":{"line":56,"column":null}},"type":"if","locations":[{"start":{"line":54,"column":2},"end":{"line":56,"column":null}},{"start":{},"end":{}}],"line":54},"6":{"loc":{"start":{"line":54,"column":6},"end":{"line":54,"column":82}},"type":"binary-expr","locations":[{"start":{"line":54,"column":6},"end":{"line":54,"column":27}},{"start":{"line":54,"column":27},"end":{"line":54,"column":82}}],"line":54},"7":{"loc":{"start":{"line":72,"column":2},"end":{"line":82,"column":null}},"type":"if","locations":[{"start":{"line":72,"column":2},"end":{"line":82,"column":null}},{"start":{},"end":{}}],"line":72},"8":{"loc":{"start":{"line":73,"column":4},"end":{"line":79,"column":null}},"type":"binary-expr","locations":[{"start":{"line":73,"column":4},"end":{"line":73,"column":null}},{"start":{"line":74,"column":4},"end":{"line":74,"column":null}},{"start":{"line":75,"column":4},"end":{"line":75,"column":null}},{"start":{"line":76,"column":4},"end":{"line":76,"column":null}},{"start":{"line":77,"column":4},"end":{"line":77,"column":null}},{"start":{"line":78,"column":4},"end":{"line":78,"column":null}},{"start":{"line":79,"column":4},"end":{"line":79,"column":null}}],"line":73},"9":{"loc":{"start":{"line":81,"column":11},"end":{"line":81,"column":null}},"type":"binary-expr","locations":[{"start":{"line":81,"column":11},"end":{"line":81,"column":46}},{"start":{"line":81,"column":46},"end":{"line":81,"column":null}}],"line":81},"10":{"loc":{"start":{"line":83,"column":2},"end":{"line":91,"column":null}},"type":"if","locations":[{"start":{"line":83,"column":2},"end":{"line":91,"column":null}},{"start":{},"end":{}}],"line":83},"11":{"loc":{"start":{"line":84,"column":4},"end":{"line":88,"column":null}},"type":"binary-expr","locations":[{"start":{"line":84,"column":4},"end":{"line":84,"column":null}},{"start":{"line":85,"column":4},"end":{"line":85,"column":null}},{"start":{"line":86,"column":4},"end":{"line":86,"column":null}},{"start":{"line":87,"column":4},"end":{"line":87,"column":null}},{"start":{"line":88,"column":4},"end":{"line":88,"column":null}}],"line":84},"12":{"loc":{"start":{"line":90,"column":11},"end":{"line":90,"column":null}},"type":"binary-expr","locations":[{"start":{"line":90,"column":11},"end":{"line":90,"column":41}},{"start":{"line":90,"column":41},"end":{"line":90,"column":null}}],"line":90},"13":{"loc":{"start":{"line":92,"column":2},"end":{"line":103,"column":null}},"type":"if","locations":[{"start":{"line":92,"column":2},"end":{"line":103,"column":null}},{"start":{},"end":{}}],"line":92},"14":{"loc":{"start":{"line":93,"column":4},"end":{"line":100,"column":null}},"type":"binary-expr","locations":[{"start":{"line":93,"column":4},"end":{"line":93,"column":null}},{"start":{"line":94,"column":4},"end":{"line":94,"column":null}},{"start":{"line":95,"column":4},"end":{"line":95,"column":null}},{"start":{"line":96,"column":4},"end":{"line":96,"column":null}},{"start":{"line":97,"column":4},"end":{"line":97,"column":null}},{"start":{"line":98,"column":4},"end":{"line":98,"column":null}},{"start":{"line":99,"column":4},"end":{"line":99,"column":null}},{"start":{"line":100,"column":4},"end":{"line":100,"column":null}}],"line":93},"15":{"loc":{"start":{"line":102,"column":11},"end":{"line":102,"column":null}},"type":"binary-expr","locations":[{"start":{"line":102,"column":11},"end":{"line":102,"column":45}},{"start":{"line":102,"column":45},"end":{"line":102,"column":null}}],"line":102},"16":{"loc":{"start":{"line":104,"column":2},"end":{"line":113,"column":null}},"type":"if","locations":[{"start":{"line":104,"column":2},"end":{"line":113,"column":null}},{"start":{},"end":{}}],"line":104},"17":{"loc":{"start":{"line":105,"column":4},"end":{"line":108,"column":null}},"type":"binary-expr","locations":[{"start":{"line":105,"column":4},"end":{"line":105,"column":null}},{"start":{"line":106,"column":4},"end":{"line":106,"column":null}},{"start":{"line":107,"column":4},"end":{"line":107,"column":null}},{"start":{"line":108,"column":4},"end":{"line":108,"column":null}}],"line":105},"18":{"loc":{"start":{"line":111,"column":6},"end":{"line":111,"column":null}},"type":"binary-expr","locations":[{"start":{"line":111,"column":6},"end":{"line":111,"column":45}},{"start":{"line":111,"column":45},"end":{"line":111,"column":null}}],"line":111},"19":{"loc":{"start":{"line":115,"column":9},"end":{"line":115,"column":null}},"type":"binary-expr","locations":[{"start":{"line":115,"column":9},"end":{"line":115,"column":41}},{"start":{"line":115,"column":41},"end":{"line":115,"column":null}}],"line":115},"20":{"loc":{"start":{"line":131,"column":2},"end":{"line":131,"column":null}},"type":"default-arg","locations":[{"start":{"line":131,"column":12},"end":{"line":131,"column":null}}],"line":131},"21":{"loc":{"start":{"line":132,"column":2},"end":{"line":132,"column":null}},"type":"default-arg","locations":[{"start":{"line":132,"column":16},"end":{"line":132,"column":null}}],"line":132},"22":{"loc":{"start":{"line":135,"column":4},"end":{"line":136,"column":null}},"type":"binary-expr","locations":[{"start":{"line":135,"column":4},"end":{"line":135,"column":null}},{"start":{"line":136,"column":4},"end":{"line":136,"column":null}}],"line":135},"23":{"loc":{"start":{"line":139,"column":2},"end":{"line":145,"column":null}},"type":"if","locations":[{"start":{"line":139,"column":2},"end":{"line":145,"column":null}},{"start":{},"end":{}}],"line":139},"24":{"loc":{"start":{"line":152,"column":18},"end":{"line":152,"column":null}},"type":"binary-expr","locations":[{"start":{"line":152,"column":18},"end":{"line":152,"column":39}},{"start":{"line":152,"column":39},"end":{"line":152,"column":null}}],"line":152},"25":{"loc":{"start":{"line":163,"column":20},"end":{"line":163,"column":null}},"type":"binary-expr","locations":[{"start":{"line":163,"column":20},"end":{"line":163,"column":60}},{"start":{"line":163,"column":60},"end":{"line":163,"column":null}}],"line":163},"26":{"loc":{"start":{"line":164,"column":20},"end":{"line":164,"column":null}},"type":"binary-expr","locations":[{"start":{"line":164,"column":20},"end":{"line":164,"column":60}},{"start":{"line":164,"column":60},"end":{"line":164,"column":null}}],"line":164},"27":{"loc":{"start":{"line":165,"column":21},"end":{"line":165,"column":null}},"type":"binary-expr","locations":[{"start":{"line":165,"column":21},"end":{"line":165,"column":62}},{"start":{"line":165,"column":62},"end":{"line":165,"column":null}}],"line":165},"28":{"loc":{"start":{"line":166,"column":28},"end":{"line":168,"column":null}},"type":"cond-expr","locations":[{"start":{"line":167,"column":8},"end":{"line":167,"column":null}},{"start":{"line":168,"column":8},"end":{"line":168,"column":null}}],"line":166},"29":{"loc":{"start":{"line":173,"column":4},"end":{"line":182,"column":null}},"type":"if","locations":[{"start":{"line":173,"column":4},"end":{"line":182,"column":null}},{"start":{},"end":{}}],"line":173},"30":{"loc":{"start":{"line":175,"column":6},"end":{"line":181,"column":null}},"type":"if","locations":[{"start":{"line":175,"column":6},"end":{"line":181,"column":null}},{"start":{},"end":{}}],"line":175},"31":{"loc":{"start":{"line":177,"column":10},"end":{"line":179,"column":null}},"type":"cond-expr","locations":[{"start":{"line":178,"column":14},"end":{"line":178,"column":null}},{"start":{"line":179,"column":14},"end":{"line":179,"column":null}}],"line":177},"32":{"loc":{"start":{"line":180,"column":175},"end":{"line":180,"column":198}},"type":"binary-expr","locations":[{"start":{"line":180,"column":175},"end":{"line":180,"column":195}},{"start":{"line":180,"column":195},"end":{"line":180,"column":198}}],"line":180},"33":{"loc":{"start":{"line":192,"column":175},"end":{"line":192,"column":244}},"type":"cond-expr","locations":[{"start":{"line":192,"column":185},"end":{"line":192,"column":207}},{"start":{"line":192,"column":207},"end":{"line":192,"column":244}}],"line":192},"34":{"loc":{"start":{"line":201,"column":6},"end":{"line":204,"column":null}},"type":"binary-expr","locations":[{"start":{"line":201,"column":6},"end":{"line":204,"column":24}},{"start":{"line":204,"column":24},"end":{"line":204,"column":null}}],"line":201},"35":{"loc":{"start":{"line":212,"column":16},"end":{"line":212,"column":45}},"type":"binary-expr","locations":[{"start":{"line":212,"column":16},"end":{"line":212,"column":35}},{"start":{"line":212,"column":35},"end":{"line":212,"column":45}}],"line":212},"36":{"loc":{"start":{"line":222,"column":16},"end":{"line":222,"column":null}},"type":"cond-expr","locations":[{"start":{"line":222,"column":38},"end":{"line":222,"column":47}},{"start":{"line":222,"column":47},"end":{"line":222,"column":null}}],"line":222},"37":{"loc":{"start":{"line":223,"column":19},"end":{"line":223,"column":null}},"type":"binary-expr","locations":[{"start":{"line":223,"column":19},"end":{"line":223,"column":29}},{"start":{"line":223,"column":29},"end":{"line":223,"column":null}}],"line":223},"38":{"loc":{"start":{"line":245,"column":4},"end":{"line":250,"column":null}},"type":"if","locations":[{"start":{"line":245,"column":4},"end":{"line":250,"column":null}},{"start":{},"end":{}}],"line":245},"39":{"loc":{"start":{"line":248,"column":8},"end":{"line":248,"column":null}},"type":"binary-expr","locations":[{"start":{"line":248,"column":8},"end":{"line":248,"column":30}},{"start":{"line":248,"column":30},"end":{"line":248,"column":null}}],"line":248},"40":{"loc":{"start":{"line":254,"column":6},"end":{"line":254,"column":null}},"type":"binary-expr","locations":[{"start":{"line":254,"column":6},"end":{"line":254,"column":45}},{"start":{"line":254,"column":45},"end":{"line":254,"column":null}}],"line":254},"41":{"loc":{"start":{"line":261,"column":14},"end":{"line":261,"column":null}},"type":"binary-expr","locations":[{"start":{"line":261,"column":14},"end":{"line":261,"column":42}},{"start":{"line":261,"column":42},"end":{"line":261,"column":null}}],"line":261},"42":{"loc":{"start":{"line":290,"column":2},"end":{"line":290,"column":null}},"type":"default-arg","locations":[{"start":{"line":290,"column":13},"end":{"line":290,"column":null}}],"line":290},"43":{"loc":{"start":{"line":291,"column":2},"end":{"line":291,"column":null}},"type":"default-arg","locations":[{"start":{"line":291,"column":12},"end":{"line":291,"column":null}}],"line":291},"44":{"loc":{"start":{"line":296,"column":4},"end":{"line":297,"column":null}},"type":"binary-expr","locations":[{"start":{"line":296,"column":4},"end":{"line":296,"column":null}},{"start":{"line":297,"column":4},"end":{"line":297,"column":null}}],"line":296},"45":{"loc":{"start":{"line":299,"column":16},"end":{"line":299,"column":null}},"type":"binary-expr","locations":[{"start":{"line":299,"column":16},"end":{"line":299,"column":37}},{"start":{"line":299,"column":37},"end":{"line":299,"column":null}}],"line":299},"46":{"loc":{"start":{"line":307,"column":2},"end":{"line":319,"column":null}},"type":"if","locations":[{"start":{"line":307,"column":2},"end":{"line":319,"column":null}},{"start":{},"end":{}}],"line":307},"47":{"loc":{"start":{"line":309,"column":125},"end":{"line":309,"column":175}},"type":"binary-expr","locations":[{"start":{"line":309,"column":125},"end":{"line":309,"column":154}},{"start":{"line":309,"column":154},"end":{"line":309,"column":175}}],"line":309},"48":{"loc":{"start":{"line":309,"column":183},"end":{"line":309,"column":235}},"type":"binary-expr","locations":[{"start":{"line":309,"column":183},"end":{"line":309,"column":216}},{"start":{"line":309,"column":216},"end":{"line":309,"column":235}}],"line":309},"49":{"loc":{"start":{"line":310,"column":125},"end":{"line":310,"column":175}},"type":"binary-expr","locations":[{"start":{"line":310,"column":125},"end":{"line":310,"column":154}},{"start":{"line":310,"column":154},"end":{"line":310,"column":175}}],"line":310},"50":{"loc":{"start":{"line":310,"column":187},"end":{"line":310,"column":231}},"type":"binary-expr","locations":[{"start":{"line":310,"column":187},"end":{"line":310,"column":220}},{"start":{"line":310,"column":220},"end":{"line":310,"column":231}}],"line":310},"51":{"loc":{"start":{"line":311,"column":132},"end":{"line":311,"column":182}},"type":"binary-expr","locations":[{"start":{"line":311,"column":132},"end":{"line":311,"column":161}},{"start":{"line":311,"column":161},"end":{"line":311,"column":182}}],"line":311},"52":{"loc":{"start":{"line":311,"column":190},"end":{"line":311,"column":233}},"type":"binary-expr","locations":[{"start":{"line":311,"column":190},"end":{"line":311,"column":223}},{"start":{"line":311,"column":223},"end":{"line":311,"column":233}}],"line":311},"53":{"loc":{"start":{"line":312,"column":113},"end":{"line":312,"column":163}},"type":"binary-expr","locations":[{"start":{"line":312,"column":113},"end":{"line":312,"column":142}},{"start":{"line":312,"column":142},"end":{"line":312,"column":163}}],"line":312},"54":{"loc":{"start":{"line":312,"column":175},"end":{"line":312,"column":219}},"type":"binary-expr","locations":[{"start":{"line":312,"column":175},"end":{"line":312,"column":208}},{"start":{"line":312,"column":208},"end":{"line":312,"column":219}}],"line":312},"55":{"loc":{"start":{"line":315,"column":14},"end":{"line":315,"column":null}},"type":"binary-expr","locations":[{"start":{"line":315,"column":14},"end":{"line":315,"column":37}},{"start":{"line":315,"column":37},"end":{"line":315,"column":null}}],"line":315},"56":{"loc":{"start":{"line":325,"column":97},"end":{"line":325,"column":132}},"type":"binary-expr","locations":[{"start":{"line":325,"column":97},"end":{"line":325,"column":122}},{"start":{"line":325,"column":122},"end":{"line":325,"column":132}}],"line":325},"57":{"loc":{"start":{"line":326,"column":3},"end":{"line":326,"column":53}},"type":"binary-expr","locations":[{"start":{"line":326,"column":3},"end":{"line":326,"column":32}},{"start":{"line":326,"column":32},"end":{"line":326,"column":53}}],"line":326},"58":{"loc":{"start":{"line":326,"column":69},"end":{"line":326,"column":126}},"type":"binary-expr","locations":[{"start":{"line":326,"column":69},"end":{"line":326,"column":102}},{"start":{"line":326,"column":102},"end":{"line":326,"column":126}}],"line":326},"59":{"loc":{"start":{"line":345,"column":4},"end":{"line":345,"column":null}},"type":"if","locations":[{"start":{"line":345,"column":4},"end":{"line":345,"column":null}},{"start":{},"end":{}}],"line":345},"60":{"loc":{"start":{"line":349,"column":8},"end":{"line":350,"column":null}},"type":"binary-expr","locations":[{"start":{"line":349,"column":8},"end":{"line":349,"column":null}},{"start":{"line":350,"column":8},"end":{"line":350,"column":null}}],"line":349},"61":{"loc":{"start":{"line":350,"column":97},"end":{"line":350,"column":139}},"type":"binary-expr","locations":[{"start":{"line":350,"column":97},"end":{"line":350,"column":130}},{"start":{"line":350,"column":130},"end":{"line":350,"column":139}}],"line":350},"62":{"loc":{"start":{"line":357,"column":99},"end":{"line":357,"column":149}},"type":"binary-expr","locations":[{"start":{"line":357,"column":99},"end":{"line":357,"column":128}},{"start":{"line":357,"column":128},"end":{"line":357,"column":149}}],"line":357},"63":{"loc":{"start":{"line":357,"column":155},"end":{"line":357,"column":197}},"type":"binary-expr","locations":[{"start":{"line":357,"column":155},"end":{"line":357,"column":188}},{"start":{"line":357,"column":188},"end":{"line":357,"column":197}}],"line":357}},"s":{"0":1,"1":8,"2":8,"3":0,"4":8,"5":8,"6":2,"7":6,"8":1,"9":5,"10":0,"11":5,"12":5,"13":5,"14":5,"15":1,"16":4,"17":0,"18":4,"19":0,"20":4,"21":0,"22":4,"23":6,"24":6,"25":6,"26":3,"27":3,"28":3,"29":3,"30":3,"31":3,"32":6,"33":6,"34":6,"35":6,"36":6,"37":6,"38":6,"39":6,"40":6,"41":6,"42":3,"43":3,"44":0,"45":0,"46":3,"47":9,"48":9,"49":6,"50":6,"51":0,"52":6,"53":2,"54":2,"55":2,"56":1,"57":0,"58":1,"59":1,"60":1,"61":6,"62":2,"63":2,"64":2,"65":2,"66":2,"67":2,"68":2,"69":2,"70":2,"71":2,"72":0,"73":0,"74":2,"75":2,"76":2,"77":2,"78":1,"79":1,"80":0,"81":1,"82":1,"83":1,"84":1},"f":{"0":8,"1":5,"2":6,"3":9,"4":9,"5":6,"6":0,"7":0,"8":2},"b":{"0":[0,8],"1":[2,6],"2":[8,6],"3":[1,5],"4":[6,5],"5":[0,5],"6":[5,5],"7":[1,4],"8":[5,5,5,5,4,4,4],"9":[1,0],"10":[0,4],"11":[4,4,4,4,4],"12":[0,0],"13":[0,4],"14":[4,4,4,4,4,4,4,4],"15":[0,0],"16":[0,4],"17":[4,4,4,4],"18":[0,0],"19":[4,0],"20":[6],"21":[6],"22":[6,6],"23":[3,3],"24":[3,0],"25":[6,3],"26":[6,3],"27":[6,3],"28":[3,0],"29":[3,3],"30":[0,3],"31":[0,0],"32":[0,0],"33":[3,0],"34":[6,0],"35":[6,0],"36":[0,0],"37":[0,0],"38":[1,1],"39":[1,0],"40":[1,0],"41":[6,0],"42":[2],"43":[2],"44":[2,2],"45":[2,0],"46":[0,2],"47":[0,0],"48":[0,0],"49":[0,0],"50":[0,0],"51":[0,0],"52":[0,0],"53":[0,0],"54":[0,0],"55":[0,0],"56":[2,0],"57":[2,0],"58":[2,0],"59":[0,1],"60":[1,0],"61":[0,0],"62":[1,0],"63":[1,0]},"meta":{"lastBranch":64,"lastFunction":9,"lastStatement":85,"seen":{"s:10:23:41:Infinity":0,"f:43:16:43:31":0,"s:44:20:44:Infinity":1,"b:45:2:45:Infinity:undefined:undefined:undefined:undefined":0,"s:45:2:45:Infinity":2,"s:45:17:45:Infinity":3,"s:47:12:47:Infinity":4,"b:48:2:50:Infinity:undefined:undefined:undefined:undefined":1,"s:48:2:50:Infinity":5,"b:48:6:48:30:48:30:48:90":2,"s:49:4:49:Infinity":6,"b:51:2:53:Infinity:undefined:undefined:undefined:undefined":3,"s:51:2:53:Infinity":7,"b:51:6:51:28:51:28:51:82":4,"s:52:4:52:Infinity":8,"b:54:2:56:Infinity:undefined:undefined:undefined:undefined":5,"s:54:2:56:Infinity":9,"b:54:6:54:27:54:27:54:82":6,"s:55:4:55:Infinity":10,"s:57:2:57:Infinity":11,"f:68:16:68:35":1,"s:69:12:69:Infinity":12,"s:70:15:70:Infinity":13,"b:72:2:82:Infinity:undefined:undefined:undefined:undefined":7,"s:72:2:82:Infinity":14,"b:73:4:73:Infinity:74:4:74:Infinity:75:4:75:Infinity:76:4:76:Infinity:77:4:77:Infinity:78:4:78:Infinity:79:4:79:Infinity":8,"s:81:4:81:Infinity":15,"b:81:11:81:46:81:46:81:Infinity":9,"b:83:2:91:Infinity:undefined:undefined:undefined:undefined":10,"s:83:2:91:Infinity":16,"b:84:4:84:Infinity:85:4:85:Infinity:86:4:86:Infinity:87:4:87:Infinity:88:4:88:Infinity":11,"s:90:4:90:Infinity":17,"b:90:11:90:41:90:41:90:Infinity":12,"b:92:2:103:Infinity:undefined:undefined:undefined:undefined":13,"s:92:2:103:Infinity":18,"b:93:4:93:Infinity:94:4:94:Infinity:95:4:95:Infinity:96:4:96:Infinity:97:4:97:Infinity:98:4:98:Infinity:99:4:99:Infinity:100:4:100:Infinity":14,"s:102:4:102:Infinity":19,"b:102:11:102:45:102:45:102:Infinity":15,"b:104:2:113:Infinity:undefined:undefined:undefined:undefined":16,"s:104:2:113:Infinity":20,"b:105:4:105:Infinity:106:4:106:Infinity:107:4:107:Infinity:108:4:108:Infinity":17,"s:110:4:111:Infinity":21,"b:111:6:111:45:111:45:111:Infinity":18,"s:115:2:115:Infinity":22,"b:115:9:115:41:115:41:115:Infinity":19,"f:129:22:129:Infinity":2,"b:131:12:131:Infinity":20,"b:132:16:132:Infinity":21,"s:135:4:136:Infinity":23,"b:135:4:135:Infinity:136:4:136:Infinity":22,"s:137:16:137:Infinity":24,"b:139:2:145:Infinity:undefined:undefined:undefined:undefined":23,"s:139:2:145:Infinity":25,"s:140:4:144:Infinity":26,"s:147:20:147:Infinity":27,"s:149:2:277:Infinity":28,"s:150:22:150:41":29,"s:151:20:151:Infinity":30,"s:152:18:152:Infinity":31,"b:152:18:152:39:152:39:152:Infinity":24,"s:153:17:153:Infinity":32,"s:154:22:159:Infinity":33,"s:162:20:162:Infinity":34,"s:163:20:163:Infinity":35,"b:163:20:163:60:163:60:163:Infinity":25,"s:164:20:164:Infinity":36,"b:164:20:164:60:164:60:164:Infinity":26,"s:165:21:165:Infinity":37,"b:165:21:165:62:165:62:165:Infinity":27,"s:166:28:168:Infinity":38,"b:167:8:167:Infinity:168:8:168:Infinity":28,"s:171:26:171:Infinity":39,"s:172:27:172:Infinity":40,"b:173:4:182:Infinity:undefined:undefined:undefined:undefined":29,"s:173:4:182:Infinity":41,"s:174:26:174:Infinity":42,"b:175:6:181:Infinity:undefined:undefined:undefined:undefined":30,"s:175:6:181:Infinity":43,"s:177:10:179:Infinity":44,"b:178:14:178:Infinity:179:14:179:Infinity":31,"s:180:8:180:Infinity":45,"b:180:175:180:195:180:195:180:198":32,"s:184:25:212:Infinity":46,"b:192:185:192:207:192:207:192:244":33,"b:201:6:204:24:204:24:204:Infinity":34,"f:202:9:202:17":3,"s:202:23:202:46":47,"f:203:9:203:14":4,"s:203:20:203:57":48,"f:206:46:206:51":5,"s:206:57:206:102":49,"b:212:16:212:35:212:35:212:45":35,"s:217:28:226:Infinity":50,"f:221:9:221:14":6,"s:221:21:224:10":51,"b:222:38:222:47:222:47:222:Infinity":36,"b:223:19:223:29:223:29:223:Infinity":37,"s:228:21:240:Infinity":52,"s:242:20:242:Infinity":53,"s:243:20:243:Infinity":54,"b:245:4:250:Infinity:undefined:undefined:undefined:undefined":38,"s:245:4:250:Infinity":55,"s:246:18:246:Infinity":56,"f:246:40:246:53":7,"s:246:53:246:56":57,"s:247:6:249:Infinity":58,"b:248:8:248:30:248:30:248:Infinity":39,"s:252:17:252:Infinity":59,"s:254:6:254:Infinity":60,"b:254:6:254:45:254:45:254:Infinity":40,"s:256:4:262:Infinity":61,"b:261:14:261:42:261:42:261:Infinity":41,"s:264:4:267:Infinity":62,"s:268:25:268:Infinity":63,"s:269:4:276:Infinity":64,"f:288:22:288:Infinity":8,"b:290:13:290:Infinity":42,"b:291:12:291:Infinity":43,"s:293:31:293:Infinity":65,"s:294:21:294:Infinity":66,"s:296:4:297:Infinity":67,"b:296:4:296:Infinity:297:4:297:Infinity":44,"s:298:16:298:Infinity":68,"s:299:16:299:Infinity":69,"b:299:16:299:37:299:37:299:Infinity":45,"s:300:20:305:Infinity":70,"b:307:2:319:Infinity:undefined:undefined:undefined:undefined":46,"s:307:2:319:Infinity":71,"s:308:20:313:Infinity":72,"b:309:125:309:154:309:154:309:175":47,"b:309:183:309:216:309:216:309:235":48,"b:310:125:310:154:310:154:310:175":49,"b:310:187:310:220:310:220:310:231":50,"b:311:132:311:161:311:161:311:182":51,"b:311:190:311:223:311:223:311:233":52,"b:312:113:312:142:312:142:312:163":53,"b:312:175:312:208:312:208:312:219":54,"s:314:4:318:Infinity":73,"b:315:14:315:37:315:37:315:Infinity":55,"s:321:20:321:Infinity":74,"s:323:2:361:Infinity":75,"s:324:19:328:Infinity":76,"b:325:97:325:122:325:122:325:132":56,"b:326:3:326:32:326:32:326:53":57,"b:326:69:326:102:326:102:326:126":58,"s:330:21:342:Infinity":77,"s:344:20:344:Infinity":78,"b:345:4:345:Infinity:undefined:undefined:undefined:undefined":59,"s:345:4:345:Infinity":79,"s:345:22:345:Infinity":80,"s:346:17:346:Infinity":81,"s:347:4:353:Infinity":82,"b:349:8:349:Infinity:350:8:350:Infinity":60,"b:350:97:350:130:350:130:350:139":61,"s:355:4:355:Infinity":83,"s:356:4:360:Infinity":84,"b:357:99:357:128:357:128:357:149":62,"b:357:155:357:188:357:188:357:197":63},"fnNames":{}}}
,"/Users/apple/Desktop/Ch3/src/data/liveWeather.js": {"path":"/Users/apple/Desktop/Ch3/src/data/liveWeather.js","statementMap":{"0":{"start":{"line":8,"column":21},"end":{"line":8,"column":null}},"1":{"start":{"line":9,"column":23},"end":{"line":9,"column":null}},"2":{"start":{"line":11,"column":21},"end":{"line":33,"column":null}},"3":{"start":{"line":43,"column":16},"end":{"line":43,"column":null}},"4":{"start":{"line":44,"column":19},"end":{"line":44,"column":null}},"5":{"start":{"line":45,"column":14},"end":{"line":45,"column":null}},"6":{"start":{"line":47,"column":2},"end":{"line":52,"column":null}},"7":{"start":{"line":48,"column":19},"end":{"line":48,"column":null}},"8":{"start":{"line":49,"column":4},"end":{"line":51,"column":null}},"9":{"start":{"line":50,"column":6},"end":{"line":50,"column":null}},"10":{"start":{"line":54,"column":2},"end":{"line":112,"column":null}},"11":{"start":{"line":55,"column":16},"end":{"line":55,"column":null}},"12":{"start":{"line":56,"column":21},"end":{"line":56,"column":null}},"13":{"start":{"line":57,"column":4},"end":{"line":57,"column":null}},"14":{"start":{"line":57,"column":22},"end":{"line":57,"column":null}},"15":{"start":{"line":59,"column":16},"end":{"line":59,"column":null}},"16":{"start":{"line":60,"column":20},"end":{"line":60,"column":null}},"17":{"start":{"line":61,"column":21},"end":{"line":65,"column":null}},"18":{"start":{"line":67,"column":19},"end":{"line":90,"column":null}},"19":{"start":{"line":92,"column":4},"end":{"line":92,"column":null}},"20":{"start":{"line":93,"column":4},"end":{"line":93,"column":null}},"21":{"start":{"line":95,"column":4},"end":{"line":98,"column":null}},"22":{"start":{"line":100,"column":4},"end":{"line":111,"column":null}}},"fnMap":{"0":{"name":"fetchLiveWeather","decl":{"start":{"line":42,"column":22},"end":{"line":42,"column":39}},"loc":{"start":{"line":42,"column":48},"end":{"line":113,"column":null}},"line":42}},"branchMap":{"0":{"loc":{"start":{"line":43,"column":16},"end":{"line":43,"column":null}},"type":"binary-expr","locations":[{"start":{"line":43,"column":16},"end":{"line":43,"column":35}},{"start":{"line":43,"column":35},"end":{"line":43,"column":null}}],"line":43},"1":{"loc":{"start":{"line":47,"column":2},"end":{"line":52,"column":null}},"type":"if","locations":[{"start":{"line":47,"column":2},"end":{"line":52,"column":null}},{"start":{},"end":{}}],"line":47},"2":{"loc":{"start":{"line":49,"column":4},"end":{"line":51,"column":null}},"type":"if","locations":[{"start":{"line":49,"column":4},"end":{"line":51,"column":null}},{"start":{},"end":{}}],"line":49},"3":{"loc":{"start":{"line":57,"column":4},"end":{"line":57,"column":null}},"type":"if","locations":[{"start":{"line":57,"column":4},"end":{"line":57,"column":null}},{"start":{},"end":{}}],"line":57},"4":{"loc":{"start":{"line":60,"column":20},"end":{"line":60,"column":null}},"type":"binary-expr","locations":[{"start":{"line":60,"column":20},"end":{"line":60,"column":35}},{"start":{"line":60,"column":35},"end":{"line":60,"column":null}}],"line":60},"5":{"loc":{"start":{"line":61,"column":21},"end":{"line":65,"column":null}},"type":"binary-expr","locations":[{"start":{"line":61,"column":21},"end":{"line":61,"column":59}},{"start":{"line":61,"column":59},"end":{"line":65,"column":null}}],"line":61},"6":{"loc":{"start":{"line":69,"column":8},"end":{"line":71,"column":null}},"type":"cond-expr","locations":[{"start":{"line":70,"column":12},"end":{"line":70,"column":null}},{"start":{"line":71,"column":12},"end":{"line":71,"column":null}}],"line":69},"7":{"loc":{"start":{"line":73,"column":8},"end":{"line":75,"column":null}},"type":"cond-expr","locations":[{"start":{"line":74,"column":12},"end":{"line":74,"column":null}},{"start":{"line":75,"column":12},"end":{"line":75,"column":null}}],"line":73},"8":{"loc":{"start":{"line":77,"column":8},"end":{"line":79,"column":null}},"type":"cond-expr","locations":[{"start":{"line":78,"column":12},"end":{"line":78,"column":null}},{"start":{"line":79,"column":12},"end":{"line":79,"column":null}}],"line":77}},"s":{"0":3,"1":3,"2":3,"3":8,"4":8,"5":8,"6":8,"7":1,"8":1,"9":1,"10":7,"11":7,"12":7,"13":2,"14":0,"15":2,"16":2,"17":8,"18":8,"19":8,"20":8,"21":2,"22":2},"f":{"0":8},"b":{"0":[8,0],"1":[1,7],"2":[1,0],"3":[0,2],"4":[2,1],"5":[8,1],"6":[1,1],"7":[1,1],"8":[1,1]},"meta":{"lastBranch":9,"lastFunction":1,"lastStatement":23,"seen":{"s:8:21:8:Infinity":0,"s:9:23:9:Infinity":1,"s:11:21:33:Infinity":2,"f:42:22:42:39":0,"s:43:16:43:Infinity":3,"b:43:16:43:35:43:35:43:Infinity":0,"s:44:19:44:Infinity":4,"s:45:14:45:Infinity":5,"b:47:2:52:Infinity:undefined:undefined:undefined:undefined":1,"s:47:2:52:Infinity":6,"s:48:19:48:Infinity":7,"b:49:4:51:Infinity:undefined:undefined:undefined:undefined":2,"s:49:4:51:Infinity":8,"s:50:6:50:Infinity":9,"s:54:2:112:Infinity":10,"s:55:16:55:Infinity":11,"s:56:21:56:Infinity":12,"b:57:4:57:Infinity:undefined:undefined:undefined:undefined":3,"s:57:4:57:Infinity":13,"s:57:22:57:Infinity":14,"s:59:16:59:Infinity":15,"s:60:20:60:Infinity":16,"b:60:20:60:35:60:35:60:Infinity":4,"s:61:21:65:Infinity":17,"b:61:21:61:59:61:59:65:Infinity":5,"s:67:19:90:Infinity":18,"b:70:12:70:Infinity:71:12:71:Infinity":6,"b:74:12:74:Infinity:75:12:75:Infinity":7,"b:78:12:78:Infinity:79:12:79:Infinity":8,"s:92:4:92:Infinity":19,"s:93:4:93:Infinity":20,"s:95:4:98:Infinity":21,"s:100:4:111:Infinity":22},"fnNames":{}}}
,"/Users/apple/Desktop/Ch3/src/data/matchData.js": {"path":"/Users/apple/Desktop/Ch3/src/data/matchData.js","statementMap":{"0":{"start":{"line":8,"column":22},"end":{"line":251,"column":null}},"1":{"start":{"line":257,"column":23},"end":{"line":619,"column":null}},"2":{"start":{"line":621,"column":33},"end":{"line":682,"column":null}},"3":{"start":{"line":689,"column":2},"end":{"line":689,"column":null}},"4":{"start":{"line":693,"column":2},"end":{"line":693,"column":null}},"5":{"start":{"line":698,"column":2},"end":{"line":698,"column":null}},"6":{"start":{"line":698,"column":29},"end":{"line":698,"column":48}},"7":{"start":{"line":703,"column":2},"end":{"line":703,"column":null}},"8":{"start":{"line":703,"column":31},"end":{"line":703,"column":50}},"9":{"start":{"line":708,"column":2},"end":{"line":710,"column":null}},"10":{"start":{"line":709,"column":19},"end":{"line":709,"column":42}},"11":{"start":{"line":710,"column":20},"end":{"line":710,"column":55}},"12":{"start":{"line":716,"column":16},"end":{"line":716,"column":null}},"13":{"start":{"line":717,"column":2},"end":{"line":717,"column":null}},"14":{"start":{"line":717,"column":31},"end":{"line":717,"column":47}},"15":{"start":{"line":722,"column":2},"end":{"line":722,"column":null}},"16":{"start":{"line":722,"column":31},"end":{"line":722,"column":50}},"17":{"start":{"line":733,"column":2},"end":{"line":733,"column":null}},"18":{"start":{"line":733,"column":29},"end":{"line":733,"column":45}},"19":{"start":{"line":744,"column":2},"end":{"line":744,"column":null}},"20":{"start":{"line":744,"column":14},"end":{"line":744,"column":null}},"21":{"start":{"line":745,"column":2},"end":{"line":747,"column":null}},"22":{"start":{"line":746,"column":4},"end":{"line":746,"column":null}},"23":{"start":{"line":748,"column":2},"end":{"line":750,"column":null}},"24":{"start":{"line":749,"column":4},"end":{"line":749,"column":null}},"25":{"start":{"line":751,"column":2},"end":{"line":753,"column":null}},"26":{"start":{"line":752,"column":4},"end":{"line":752,"column":null}},"27":{"start":{"line":754,"column":2},"end":{"line":754,"column":null}},"28":{"start":{"line":759,"column":2},"end":{"line":759,"column":null}},"29":{"start":{"line":763,"column":16},"end":{"line":763,"column":null}},"30":{"start":{"line":764,"column":2},"end":{"line":764,"column":null}},"31":{"start":{"line":764,"column":14},"end":{"line":764,"column":null}},"32":{"start":{"line":765,"column":2},"end":{"line":765,"column":null}},"33":{"start":{"line":769,"column":16},"end":{"line":769,"column":null}},"34":{"start":{"line":770,"column":2},"end":{"line":770,"column":null}},"35":{"start":{"line":770,"column":14},"end":{"line":770,"column":null}},"36":{"start":{"line":771,"column":2},"end":{"line":771,"column":null}},"37":{"start":{"line":781,"column":15},"end":{"line":781,"column":null}},"38":{"start":{"line":782,"column":2},"end":{"line":787,"column":null}}},"fnMap":{"0":{"name":"getVenue","decl":{"start":{"line":688,"column":16},"end":{"line":688,"column":25}},"loc":{"start":{"line":688,"column":34},"end":{"line":690,"column":null}},"line":688},"1":{"name":"getAllVenues","decl":{"start":{"line":692,"column":16},"end":{"line":692,"column":31}},"loc":{"start":{"line":692,"column":31},"end":{"line":694,"column":null}},"line":692},"2":{"name":"getLiveMatch","decl":{"start":{"line":697,"column":16},"end":{"line":697,"column":31}},"loc":{"start":{"line":697,"column":31},"end":{"line":699,"column":null}},"line":697},"3":{"name":"(anonymous_3)","decl":{"start":{"line":698,"column":17},"end":{"line":698,"column":23}},"loc":{"start":{"line":698,"column":29},"end":{"line":698,"column":48}},"line":698},"4":{"name":"getLiveMatches","decl":{"start":{"line":702,"column":16},"end":{"line":702,"column":33}},"loc":{"start":{"line":702,"column":33},"end":{"line":704,"column":null}},"line":702},"5":{"name":"(anonymous_5)","decl":{"start":{"line":703,"column":17},"end":{"line":703,"column":25}},"loc":{"start":{"line":703,"column":31},"end":{"line":703,"column":50}},"line":703},"6":{"name":"getUpcomingMatches","decl":{"start":{"line":707,"column":16},"end":{"line":707,"column":37}},"loc":{"start":{"line":707,"column":37},"end":{"line":711,"column":null}},"line":707},"7":{"name":"(anonymous_7)","decl":{"start":{"line":709,"column":5},"end":{"line":709,"column":13}},"loc":{"start":{"line":709,"column":19},"end":{"line":709,"column":42}},"line":709},"8":{"name":"(anonymous_8)","decl":{"start":{"line":710,"column":5},"end":{"line":710,"column":11}},"loc":{"start":{"line":710,"column":20},"end":{"line":710,"column":55}},"line":710},"9":{"name":"getTodaysMatches","decl":{"start":{"line":715,"column":16},"end":{"line":715,"column":33}},"loc":{"start":{"line":715,"column":54},"end":{"line":718,"column":null}},"line":715},"10":{"name":"(anonymous_10)","decl":{"start":{"line":717,"column":17},"end":{"line":717,"column":25}},"loc":{"start":{"line":717,"column":31},"end":{"line":717,"column":47}},"line":717},"11":{"name":"getMatchesByVenue","decl":{"start":{"line":721,"column":16},"end":{"line":721,"column":34}},"loc":{"start":{"line":721,"column":43},"end":{"line":723,"column":null}},"line":721},"12":{"name":"(anonymous_12)","decl":{"start":{"line":722,"column":17},"end":{"line":722,"column":25}},"loc":{"start":{"line":722,"column":31},"end":{"line":722,"column":50}},"line":722},"13":{"name":"getMatchById","decl":{"start":{"line":732,"column":16},"end":{"line":732,"column":29}},"loc":{"start":{"line":732,"column":38},"end":{"line":734,"column":null}},"line":732},"14":{"name":"(anonymous_14)","decl":{"start":{"line":733,"column":17},"end":{"line":733,"column":23}},"loc":{"start":{"line":733,"column":29},"end":{"line":733,"column":45}},"line":733},"15":{"name":"getMatchStatusDisplay","decl":{"start":{"line":743,"column":16},"end":{"line":743,"column":38}},"loc":{"start":{"line":743,"column":45},"end":{"line":755,"column":null}},"line":743},"16":{"name":"getTraffic","decl":{"start":{"line":758,"column":16},"end":{"line":758,"column":27}},"loc":{"start":{"line":758,"column":36},"end":{"line":760,"column":null}},"line":758},"17":{"name":"getGoogleMapsUrl","decl":{"start":{"line":762,"column":16},"end":{"line":762,"column":33}},"loc":{"start":{"line":762,"column":42},"end":{"line":766,"column":null}},"line":762},"18":{"name":"getGoogleMapsTransitUrl","decl":{"start":{"line":768,"column":16},"end":{"line":768,"column":40}},"loc":{"start":{"line":768,"column":49},"end":{"line":772,"column":null}},"line":768},"19":{"name":"formatDate","decl":{"start":{"line":780,"column":16},"end":{"line":780,"column":27}},"loc":{"start":{"line":780,"column":39},"end":{"line":788,"column":null}},"line":780}},"branchMap":{"0":{"loc":{"start":{"line":689,"column":9},"end":{"line":689,"column":null}},"type":"binary-expr","locations":[{"start":{"line":689,"column":9},"end":{"line":689,"column":28}},{"start":{"line":689,"column":28},"end":{"line":689,"column":null}}],"line":689},"1":{"loc":{"start":{"line":698,"column":9},"end":{"line":698,"column":null}},"type":"binary-expr","locations":[{"start":{"line":698,"column":9},"end":{"line":698,"column":53}},{"start":{"line":698,"column":53},"end":{"line":698,"column":null}}],"line":698},"2":{"loc":{"start":{"line":715,"column":33},"end":{"line":715,"column":54}},"type":"default-arg","locations":[{"start":{"line":715,"column":48},"end":{"line":715,"column":54}}],"line":715},"3":{"loc":{"start":{"line":716,"column":16},"end":{"line":716,"column":null}},"type":"binary-expr","locations":[{"start":{"line":716,"column":16},"end":{"line":716,"column":32}},{"start":{"line":716,"column":32},"end":{"line":716,"column":null}}],"line":716},"4":{"loc":{"start":{"line":733,"column":9},"end":{"line":733,"column":null}},"type":"binary-expr","locations":[{"start":{"line":733,"column":9},"end":{"line":733,"column":50}},{"start":{"line":733,"column":50},"end":{"line":733,"column":null}}],"line":733},"5":{"loc":{"start":{"line":744,"column":2},"end":{"line":744,"column":null}},"type":"if","locations":[{"start":{"line":744,"column":2},"end":{"line":744,"column":null}},{"start":{},"end":{}}],"line":744},"6":{"loc":{"start":{"line":745,"column":2},"end":{"line":747,"column":null}},"type":"if","locations":[{"start":{"line":745,"column":2},"end":{"line":747,"column":null}},{"start":{},"end":{}}],"line":745},"7":{"loc":{"start":{"line":746,"column":20},"end":{"line":746,"column":45}},"type":"binary-expr","locations":[{"start":{"line":746,"column":20},"end":{"line":746,"column":34}},{"start":{"line":746,"column":34},"end":{"line":746,"column":45}}],"line":746},"8":{"loc":{"start":{"line":748,"column":2},"end":{"line":750,"column":null}},"type":"if","locations":[{"start":{"line":748,"column":2},"end":{"line":750,"column":null}},{"start":{},"end":{}}],"line":748},"9":{"loc":{"start":{"line":751,"column":2},"end":{"line":753,"column":null}},"type":"if","locations":[{"start":{"line":751,"column":2},"end":{"line":753,"column":null}},{"start":{},"end":{}}],"line":751},"10":{"loc":{"start":{"line":759,"column":9},"end":{"line":759,"column":null}},"type":"binary-expr","locations":[{"start":{"line":759,"column":9},"end":{"line":759,"column":39}},{"start":{"line":759,"column":39},"end":{"line":759,"column":null}}],"line":759},"11":{"loc":{"start":{"line":764,"column":2},"end":{"line":764,"column":null}},"type":"if","locations":[{"start":{"line":764,"column":2},"end":{"line":764,"column":null}},{"start":{},"end":{}}],"line":764},"12":{"loc":{"start":{"line":770,"column":2},"end":{"line":770,"column":null}},"type":"if","locations":[{"start":{"line":770,"column":2},"end":{"line":770,"column":null}},{"start":{},"end":{}}],"line":770}},"s":{"0":5,"1":5,"2":5,"3":21,"4":0,"5":0,"6":0,"7":1,"8":28,"9":5,"10":140,"11":0,"12":5,"13":5,"14":140,"15":1,"16":28,"17":5,"18":113,"19":6,"20":1,"21":5,"22":2,"23":3,"24":1,"25":2,"26":1,"27":1,"28":0,"29":2,"30":2,"31":1,"32":1,"33":2,"34":2,"35":1,"36":1,"37":6,"38":6},"f":{"0":21,"1":0,"2":0,"3":0,"4":1,"5":28,"6":5,"7":140,"8":0,"9":5,"10":140,"11":1,"12":28,"13":5,"14":113,"15":6,"16":0,"17":2,"18":2,"19":6},"b":{"0":[21,1],"1":[0,0],"2":[5],"3":[5,4],"4":[5,4],"5":[1,5],"6":[2,3],"7":[2,1],"8":[1,2],"9":[1,1],"10":[0,0],"11":[1,1],"12":[1,1]},"meta":{"lastBranch":13,"lastFunction":20,"lastStatement":39,"seen":{"s:8:22:251:Infinity":0,"s:257:23:619:Infinity":1,"s:621:33:682:Infinity":2,"f:688:16:688:25":0,"s:689:2:689:Infinity":3,"b:689:9:689:28:689:28:689:Infinity":0,"f:692:16:692:31":1,"s:693:2:693:Infinity":4,"f:697:16:697:31":2,"s:698:2:698:Infinity":5,"b:698:9:698:53:698:53:698:Infinity":1,"f:698:17:698:23":3,"s:698:29:698:48":6,"f:702:16:702:33":4,"s:703:2:703:Infinity":7,"f:703:17:703:25":5,"s:703:31:703:50":8,"f:707:16:707:37":6,"s:708:2:710:Infinity":9,"f:709:5:709:13":7,"s:709:19:709:42":10,"f:710:5:710:11":8,"s:710:20:710:55":11,"f:715:16:715:33":9,"b:715:48:715:54":2,"s:716:16:716:Infinity":12,"b:716:16:716:32:716:32:716:Infinity":3,"s:717:2:717:Infinity":13,"f:717:17:717:25":10,"s:717:31:717:47":14,"f:721:16:721:34":11,"s:722:2:722:Infinity":15,"f:722:17:722:25":12,"s:722:31:722:50":16,"f:732:16:732:29":13,"s:733:2:733:Infinity":17,"b:733:9:733:50:733:50:733:Infinity":4,"f:733:17:733:23":14,"s:733:29:733:45":18,"f:743:16:743:38":15,"b:744:2:744:Infinity:undefined:undefined:undefined:undefined":5,"s:744:2:744:Infinity":19,"s:744:14:744:Infinity":20,"b:745:2:747:Infinity:undefined:undefined:undefined:undefined":6,"s:745:2:747:Infinity":21,"s:746:4:746:Infinity":22,"b:746:20:746:34:746:34:746:45":7,"b:748:2:750:Infinity:undefined:undefined:undefined:undefined":8,"s:748:2:750:Infinity":23,"s:749:4:749:Infinity":24,"b:751:2:753:Infinity:undefined:undefined:undefined:undefined":9,"s:751:2:753:Infinity":25,"s:752:4:752:Infinity":26,"s:754:2:754:Infinity":27,"f:758:16:758:27":16,"s:759:2:759:Infinity":28,"b:759:9:759:39:759:39:759:Infinity":10,"f:762:16:762:33":17,"s:763:16:763:Infinity":29,"b:764:2:764:Infinity:undefined:undefined:undefined:undefined":11,"s:764:2:764:Infinity":30,"s:764:14:764:Infinity":31,"s:765:2:765:Infinity":32,"f:768:16:768:40":18,"s:769:16:769:Infinity":33,"b:770:2:770:Infinity:undefined:undefined:undefined:undefined":12,"s:770:2:770:Infinity":34,"s:770:14:770:Infinity":35,"s:771:2:771:Infinity":36,"f:780:16:780:27":19,"s:781:15:781:Infinity":37,"s:782:2:787:Infinity":38},"fnNames":{}}}
,"/Users/apple/Desktop/Ch3/src/data/telemetryBus.js": {"path":"/Users/apple/Desktop/Ch3/src/data/telemetryBus.js","statementMap":{"0":{"start":{"line":9,"column":27},"end":{"line":83,"column":null}},"1":{"start":{"line":85,"column":18},"end":{"line":85,"column":null}},"2":{"start":{"line":91,"column":2},"end":{"line":91,"column":null}},"3":{"start":{"line":91,"column":34},"end":{"line":91,"column":64}},"4":{"start":{"line":101,"column":4},"end":{"line":103,"column":null}},"5":{"start":{"line":105,"column":4},"end":{"line":107,"column":null}},"6":{"start":{"line":109,"column":4},"end":{"line":111,"column":null}},"7":{"start":{"line":114,"column":16},"end":{"line":114,"column":null}},"8":{"start":{"line":115,"column":24},"end":{"line":118,"column":null}},"9":{"start":{"line":122,"column":4},"end":{"line":122,"column":null}},"10":{"start":{"line":123,"column":19},"end":{"line":126,"column":null}},"11":{"start":{"line":129,"column":4},"end":{"line":129,"column":null}},"12":{"start":{"line":130,"column":24},"end":{"line":136,"column":null}},"13":{"start":{"line":139,"column":21},"end":{"line":139,"column":null}},"14":{"start":{"line":140,"column":2},"end":{"line":157,"column":null}},"15":{"start":{"line":141,"column":26},"end":{"line":141,"column":null}},"16":{"start":{"line":142,"column":22},"end":{"line":142,"column":null}},"17":{"start":{"line":143,"column":23},"end":{"line":143,"column":null}},"18":{"start":{"line":144,"column":27},"end":{"line":144,"column":null}},"19":{"start":{"line":146,"column":4},"end":{"line":154,"column":null}},"20":{"start":{"line":156,"column":4},"end":{"line":156,"column":null}},"21":{"start":{"line":156,"column":33},"end":{"line":156,"column":null}},"22":{"start":{"line":159,"column":2},"end":{"line":178,"column":null}},"23":{"start":{"line":180,"column":2},"end":{"line":180,"column":null}},"24":{"start":{"line":184,"column":0},"end":{"line":189,"column":null}},"25":{"start":{"line":186,"column":2},"end":{"line":188,"column":null}},"26":{"start":{"line":187,"column":4},"end":{"line":187,"column":null}},"27":{"start":{"line":196,"column":28},"end":{"line":196,"column":null}},"28":{"start":{"line":198,"column":2},"end":{"line":202,"column":null}},"29":{"start":{"line":199,"column":10},"end":{"line":199,"column":null}},"30":{"start":{"line":199,"column":34},"end":{"line":199,"column":null}},"31":{"start":{"line":200,"column":4},"end":{"line":200,"column":null}},"32":{"start":{"line":201,"column":4},"end":{"line":201,"column":null}},"33":{"start":{"line":201,"column":17},"end":{"line":201,"column":null}},"34":{"start":{"line":204,"column":2},"end":{"line":204,"column":null}},"35":{"start":{"line":212,"column":2},"end":{"line":212,"column":null}},"36":{"start":{"line":220,"column":2},"end":{"line":227,"column":null}},"37":{"start":{"line":223,"column":6},"end":{"line":225,"column":null}},"38":{"start":{"line":228,"column":2},"end":{"line":228,"column":null}},"39":{"start":{"line":236,"column":2},"end":{"line":239,"column":null}},"40":{"start":{"line":240,"column":2},"end":{"line":240,"column":null}}},"fnMap":{"0":{"name":"notifyListeners","decl":{"start":{"line":90,"column":9},"end":{"line":90,"column":27}},"loc":{"start":{"line":90,"column":27},"end":{"line":92,"column":null}},"line":90},"1":{"name":"(anonymous_1)","decl":{"start":{"line":91,"column":12},"end":{"line":91,"column":21}},"loc":{"start":{"line":91,"column":34},"end":{"line":91,"column":64}},"line":91},"2":{"name":"tickTelemetry","decl":{"start":{"line":98,"column":16},"end":{"line":98,"column":32}},"loc":{"start":{"line":98,"column":32},"end":{"line":181,"column":null}},"line":98},"3":{"name":"useLiveTelemetry","decl":{"start":{"line":195,"column":16},"end":{"line":195,"column":35}},"loc":{"start":{"line":195,"column":35},"end":{"line":205,"column":null}},"line":195},"4":{"name":"(anonymous_4)","decl":{"start":{"line":198,"column":2},"end":{"line":198,"column":18}},"loc":{"start":{"line":198,"column":18},"end":{"line":202,"column":5}},"line":198},"5":{"name":"(anonymous_5)","decl":{"start":{"line":199,"column":10},"end":{"line":199,"column":21}},"loc":{"start":{"line":199,"column":34},"end":{"line":199,"column":null}},"line":199},"6":{"name":"(anonymous_6)","decl":{"start":{"line":201,"column":4},"end":{"line":201,"column":17}},"loc":{"start":{"line":201,"column":17},"end":{"line":201,"column":null}},"line":201},"7":{"name":"getGlobalTelemetry","decl":{"start":{"line":211,"column":16},"end":{"line":211,"column":37}},"loc":{"start":{"line":211,"column":37},"end":{"line":213,"column":null}},"line":211},"8":{"name":"resolveIncidentGlobal","decl":{"start":{"line":219,"column":16},"end":{"line":219,"column":38}},"loc":{"start":{"line":219,"column":50},"end":{"line":229,"column":null}},"line":219},"9":{"name":"(anonymous_9)","decl":{"start":{"line":222,"column":46},"end":{"line":222,"column":51}},"loc":{"start":{"line":223,"column":6},"end":{"line":225,"column":null}},"line":223},"10":{"name":"addIncidentGlobal","decl":{"start":{"line":235,"column":16},"end":{"line":235,"column":34}},"loc":{"start":{"line":235,"column":47},"end":{"line":241,"column":null}},"line":235}},"branchMap":{"0":{"loc":{"start":{"line":101,"column":4},"end":{"line":103,"column":null}},"type":"cond-expr","locations":[{"start":{"line":102,"column":8},"end":{"line":102,"column":null}},{"start":{"line":103,"column":8},"end":{"line":103,"column":null}}],"line":101},"1":{"loc":{"start":{"line":105,"column":4},"end":{"line":107,"column":null}},"type":"cond-expr","locations":[{"start":{"line":106,"column":8},"end":{"line":106,"column":null}},{"start":{"line":107,"column":8},"end":{"line":107,"column":null}}],"line":105},"2":{"loc":{"start":{"line":109,"column":4},"end":{"line":111,"column":null}},"type":"cond-expr","locations":[{"start":{"line":110,"column":8},"end":{"line":110,"column":null}},{"start":{"line":111,"column":8},"end":{"line":111,"column":null}}],"line":109},"3":{"loc":{"start":{"line":122,"column":4},"end":{"line":122,"column":null}},"type":"cond-expr","locations":[{"start":{"line":122,"column":27},"end":{"line":122,"column":59}},{"start":{"line":122,"column":59},"end":{"line":122,"column":null}}],"line":122},"4":{"loc":{"start":{"line":122,"column":27},"end":{"line":122,"column":59}},"type":"cond-expr","locations":[{"start":{"line":122,"column":49},"end":{"line":122,"column":53}},{"start":{"line":122,"column":53},"end":{"line":122,"column":59}}],"line":122},"5":{"loc":{"start":{"line":129,"column":4},"end":{"line":129,"column":null}},"type":"cond-expr","locations":[{"start":{"line":129,"column":27},"end":{"line":129,"column":59}},{"start":{"line":129,"column":59},"end":{"line":129,"column":null}}],"line":129},"6":{"loc":{"start":{"line":129,"column":27},"end":{"line":129,"column":59}},"type":"cond-expr","locations":[{"start":{"line":129,"column":49},"end":{"line":129,"column":53}},{"start":{"line":129,"column":53},"end":{"line":129,"column":59}}],"line":129},"7":{"loc":{"start":{"line":140,"column":2},"end":{"line":157,"column":null}},"type":"if","locations":[{"start":{"line":140,"column":2},"end":{"line":157,"column":null}},{"start":{},"end":{}}],"line":140},"8":{"loc":{"start":{"line":152,"column":16},"end":{"line":152,"column":null}},"type":"cond-expr","locations":[{"start":{"line":152,"column":53},"end":{"line":152,"column":66}},{"start":{"line":152,"column":66},"end":{"line":152,"column":null}}],"line":152},"9":{"loc":{"start":{"line":153,"column":13},"end":{"line":153,"column":null}},"type":"cond-expr","locations":[{"start":{"line":153,"column":50},"end":{"line":153,"column":61}},{"start":{"line":153,"column":61},"end":{"line":153,"column":null}}],"line":153},"10":{"loc":{"start":{"line":156,"column":4},"end":{"line":156,"column":null}},"type":"if","locations":[{"start":{"line":156,"column":4},"end":{"line":156,"column":null}},{"start":{},"end":{}}],"line":156},"11":{"loc":{"start":{"line":184,"column":0},"end":{"line":189,"column":null}},"type":"if","locations":[{"start":{"line":184,"column":0},"end":{"line":189,"column":null}},{"start":{},"end":{}}],"line":184},"12":{"loc":{"start":{"line":186,"column":2},"end":{"line":188,"column":null}},"type":"if","locations":[{"start":{"line":186,"column":2},"end":{"line":188,"column":null}},{"start":{},"end":{}}],"line":186},"13":{"loc":{"start":{"line":223,"column":6},"end":{"line":225,"column":null}},"type":"cond-expr","locations":[{"start":{"line":224,"column":10},"end":{"line":224,"column":null}},{"start":{"line":225,"column":10},"end":{"line":225,"column":null}}],"line":223}},"s":{"0":3,"1":3,"2":53,"3":0,"4":51,"5":51,"6":51,"7":51,"8":51,"9":51,"10":51,"11":51,"12":51,"13":51,"14":51,"15":1,"16":1,"17":1,"18":1,"19":1,"20":1,"21":0,"22":51,"23":51,"24":3,"25":3,"26":0,"27":6,"28":6,"29":3,"30":0,"31":3,"32":3,"33":3,"34":6,"35":10,"36":1,"37":3,"38":1,"39":1,"40":1},"f":{"0":53,"1":0,"2":51,"3":6,"4":3,"5":0,"6":3,"7":10,"8":1,"9":3,"10":1},"b":{"0":[0,51],"1":[0,51],"2":[0,51],"3":[23,28],"4":[9,14],"5":[17,34],"6":[9,8],"7":[1,50],"8":[0,1],"9":[0,1],"10":[0,1],"11":[3,0],"12":[0,3],"13":[1,2]},"meta":{"lastBranch":14,"lastFunction":11,"lastStatement":41,"seen":{"s:9:27:83:Infinity":0,"s:85:18:85:Infinity":1,"f:90:9:90:27":0,"s:91:2:91:Infinity":2,"f:91:12:91:21":1,"s:91:34:91:64":3,"f:98:16:98:32":2,"s:101:4:103:Infinity":4,"b:102:8:102:Infinity:103:8:103:Infinity":0,"s:105:4:107:Infinity":5,"b:106:8:106:Infinity:107:8:107:Infinity":1,"s:109:4:111:Infinity":6,"b:110:8:110:Infinity:111:8:111:Infinity":2,"s:114:16:114:Infinity":7,"s:115:24:118:Infinity":8,"s:122:4:122:Infinity":9,"b:122:27:122:59:122:59:122:Infinity":3,"b:122:49:122:53:122:53:122:59":4,"s:123:19:126:Infinity":10,"s:129:4:129:Infinity":11,"b:129:27:129:59:129:59:129:Infinity":5,"b:129:49:129:53:129:53:129:59":6,"s:130:24:136:Infinity":12,"s:139:21:139:Infinity":13,"b:140:2:157:Infinity:undefined:undefined:undefined:undefined":7,"s:140:2:157:Infinity":14,"s:141:26:141:Infinity":15,"s:142:22:142:Infinity":16,"s:143:23:143:Infinity":17,"s:144:27:144:Infinity":18,"s:146:4:154:Infinity":19,"b:152:53:152:66:152:66:152:Infinity":8,"b:153:50:153:61:153:61:153:Infinity":9,"b:156:4:156:Infinity:undefined:undefined:undefined:undefined":10,"s:156:4:156:Infinity":20,"s:156:33:156:Infinity":21,"s:159:2:178:Infinity":22,"s:180:2:180:Infinity":23,"b:184:0:189:Infinity:undefined:undefined:undefined:undefined":11,"s:184:0:189:Infinity":24,"b:186:2:188:Infinity:undefined:undefined:undefined:undefined":12,"s:186:2:188:Infinity":25,"s:187:4:187:Infinity":26,"f:195:16:195:35":3,"s:196:28:196:Infinity":27,"s:198:2:202:Infinity":28,"f:198:2:198:18":4,"s:199:10:199:Infinity":29,"f:199:10:199:21":5,"s:199:34:199:Infinity":30,"s:200:4:200:Infinity":31,"s:201:4:201:Infinity":32,"f:201:4:201:17":6,"s:201:17:201:Infinity":33,"s:204:2:204:Infinity":34,"f:211:16:211:37":7,"s:212:2:212:Infinity":35,"f:219:16:219:38":8,"s:220:2:227:Infinity":36,"f:222:46:222:51":9,"s:223:6:225:Infinity":37,"b:224:10:224:Infinity:225:10:225:Infinity":13,"s:228:2:228:Infinity":38,"f:235:16:235:34":10,"s:236:2:239:Infinity":39,"s:240:2:240:Infinity":40},"fnNames":{}}}
}
